{"target": 0.8738276174353712, "params": {"batch_size": 238.0, "ch_1": 47.0, "ch_2": 3.0, "ch_3": 21.0, "ch_4": 12.0, "ch_5": 9.0, "k_1": 3.0, "k_2": 5.0, "k_3": 5.0, "k_4": 6.0, "k_5": 5.0, "learning_rate": 0.0342924530697983, "num_layers": 2.0, "padding": 3.0, "stride": 1.0}, "datetime": {"datetime": "2019-02-02 12:13:50", "elapsed": 0.0, "delta": 0.0}}
{"target": 0.8378119569780628, "params": {"batch_size": 211.0, "ch_1": 10.0, "ch_2": 6.0, "ch_3": 24.0, "ch_4": 16.0, "ch_5": 12.0, "k_1": 5.0, "k_2": 2.0, "k_3": 7.0, "k_4": 5.0, "k_5": 7.0, "learning_rate": 0.041412388916136286, "num_layers": 1.0, "padding": 2.0, "stride": 1.0}, "datetime": {"datetime": "2019-02-02 12:14:27", "elapsed": 36.98889, "delta": 36.98889}}
{"target": 0.9020138878941331, "params": {"batch_size": 485.0, "ch_1": 13.0, "ch_2": 27.0, "ch_3": 11.0, "ch_4": 29.0, "ch_5": 16.0, "k_1": 3.0, "k_2": 9.0, "k_3": 6.0, "k_4": 5.0, "k_5": 5.0, "learning_rate": 0.0024104482563220004, "num_layers": 2.0, "padding": 3.0, "stride": 1.0}, "datetime": {"datetime": "2019-02-02 12:15:51", "elapsed": 121.453059, "delta": 84.464169}}
{"target": 0.8586868512125555, "params": {"batch_size": 92.0, "ch_1": 42.0, "ch_2": 53.0, "ch_3": 43.0, "ch_4": 62.0, "ch_5": 57.0, "k_1": 7.0, "k_2": 9.0, "k_3": 7.0, "k_4": 3.0, "k_5": 3.0, "learning_rate": 0.04095440517232165, "num_layers": 1.0, "padding": 3.0, "stride": 3.0}, "datetime": {"datetime": "2019-02-02 12:17:05", "elapsed": 195.417207, "delta": 73.964148}}
{"target": 0.9089718166372892, "params": {"batch_size": 406.0, "ch_1": 38.0, "ch_2": 44.0, "ch_3": 16.0, "ch_4": 41.0, "ch_5": 51.0, "k_1": 3.0, "k_2": 7.0, "k_3": 9.0, "k_4": 3.0, "k_5": 8.0, "learning_rate": 0.014215442893286138, "num_layers": 3.0, "padding": 3.0, "stride": 1.0}, "datetime": {"datetime": "2019-02-02 12:18:45", "elapsed": 295.714476, "delta": 100.297269}}
{"target": 0.8784713521934154, "params": {"batch_size": 498.0, "ch_1": 63.0, "ch_2": 62.0, "ch_3": 61.0, "ch_4": 5.0, "ch_5": 18.0, "k_1": 6.0, "k_2": 6.0, "k_3": 4.0, "k_4": 7.0, "k_5": 8.0, "learning_rate": 0.03599052753468184, "num_layers": 1.0, "padding": 2.0, "stride": 2.0}, "datetime": {"datetime": "2019-02-02 12:19:23", "elapsed": 333.154328, "delta": 37.439852}}
{"target": 0.8760850766659894, "params": {"batch_size": 380.0, "ch_1": 50.0, "ch_2": 31.0, "ch_3": 37.0, "ch_4": 27.0, "ch_5": 15.0, "k_1": 2.0, "k_2": 8.0, "k_3": 8.0, "k_4": 9.0, "k_5": 9.0, "learning_rate": 0.010763112955383639, "num_layers": 1.0, "padding": 2.0, "stride": 2.0}, "datetime": {"datetime": "2019-02-02 12:20:03", "elapsed": 373.432178, "delta": 40.27785}}
{"target": 0.8597963437793107, "params": {"batch_size": 211.0, "ch_1": 63.0, "ch_2": 36.0, "ch_3": 26.0, "ch_4": 13.0, "ch_5": 50.0, "k_1": 4.0, "k_2": 2.0, "k_3": 6.0, "k_4": 10.0, "k_5": 7.0, "learning_rate": 0.03546975985759082, "num_layers": 1.0, "padding": 3.0, "stride": 2.0}, "datetime": {"datetime": "2019-02-02 12:20:50", "elapsed": 420.79604, "delta": 47.363862}}
{"target": 0.8944850059985311, "params": {"batch_size": 246.0, "ch_1": 46.0, "ch_2": 62.0, "ch_3": 20.0, "ch_4": 13.0, "ch_5": 24.0, "k_1": 5.0, "k_2": 10.0, "k_3": 6.0, "k_4": 9.0, "k_5": 4.0, "learning_rate": 0.0330993064130461, "num_layers": 2.0, "padding": 3.0, "stride": 1.0}, "datetime": {"datetime": "2019-02-02 12:22:42", "elapsed": 532.917073, "delta": 112.121033}}
{"target": 0.8795698198041023, "params": {"batch_size": 306.0, "ch_1": 21.0, "ch_2": 27.0, "ch_3": 50.0, "ch_4": 14.0, "ch_5": 54.0, "k_1": 8.0, "k_2": 7.0, "k_3": 8.0, "k_4": 7.0, "k_5": 4.0, "learning_rate": 0.04016245245739095, "num_layers": 2.0, "padding": 3.0, "stride": 2.0}, "datetime": {"datetime": "2019-02-02 12:23:23", "elapsed": 573.915212, "delta": 40.998139}}
{"target": 0.8791714522077031, "params": {"batch_size": 417.0, "ch_1": 50.0, "ch_2": 19.0, "ch_3": 13.0, "ch_4": 49.0, "ch_5": 52.0, "k_1": 8.0, "k_2": 3.0, "k_3": 8.0, "k_4": 7.0, "k_5": 6.0, "learning_rate": 0.043127940650755085, "num_layers": 2.0, "padding": 3.0, "stride": 2.0}, "datetime": {"datetime": "2019-02-02 12:24:06", "elapsed": 616.481131, "delta": 42.565919}}
{"target": 0.8885428179053122, "params": {"batch_size": 177.0, "ch_1": 17.0, "ch_2": 48.0, "ch_3": 20.0, "ch_4": 14.0, "ch_5": 32.0, "k_1": 6.0, "k_2": 9.0, "k_3": 10.0, "k_4": 4.0, "k_5": 2.0, "learning_rate": 0.021864823950161864, "num_layers": 2.0, "padding": 2.0, "stride": 2.0}, "datetime": {"datetime": "2019-02-02 12:25:03", "elapsed": 673.335406, "delta": 56.854275}}
{"target": 0.8942429038399782, "params": {"batch_size": 342.0, "ch_1": 21.0, "ch_2": 21.0, "ch_3": 63.0, "ch_4": 60.0, "ch_5": 51.0, "k_1": 5.0, "k_2": 5.0, "k_3": 10.0, "k_4": 7.0, "k_5": 7.0, "learning_rate": 0.04451948731573883, "num_layers": 2.0, "padding": 2.0, "stride": 1.0}, "datetime": {"datetime": "2019-02-02 12:25:57", "elapsed": 727.426715, "delta": 54.091309}}
{"target": 0.8888856628190122, "params": {"batch_size": 183.0, "ch_1": 54.0, "ch_2": 53.0, "ch_3": 26.0, "ch_4": 63.0, "ch_5": 13.0, "k_1": 5.0, "k_2": 7.0, "k_3": 7.0, "k_4": 8.0, "k_5": 6.0, "learning_rate": 0.03928806585699641, "num_layers": 2.0, "padding": 2.0, "stride": 1.0}, "datetime": {"datetime": "2019-02-02 12:27:35", "elapsed": 825.190538, "delta": 97.763823}}
{"target": 0.878899660411764, "params": {"batch_size": 330.0, "ch_1": 22.0, "ch_2": 31.0, "ch_3": 36.0, "ch_4": 52.0, "ch_5": 53.0, "k_1": 7.0, "k_2": 9.0, "k_3": 4.0, "k_4": 4.0, "k_5": 5.0, "learning_rate": 0.043487714662505436, "num_layers": 1.0, "padding": 2.0, "stride": 1.0}, "datetime": {"datetime": "2019-02-02 12:28:15", "elapsed": 865.943883, "delta": 40.753345}}
{"target": 0.8523170282742069, "params": {"batch_size": 128.0, "ch_1": 6.0, "ch_2": 43.0, "ch_3": 43.0, "ch_4": 24.0, "ch_5": 62.0, "k_1": 5.0, "k_2": 8.0, "k_3": 5.0, "k_4": 6.0, "k_5": 8.0, "learning_rate": 0.015281803730770089, "num_layers": 1.0, "padding": 2.0, "stride": 3.0}, "datetime": {"datetime": "2019-02-02 12:29:09", "elapsed": 919.226396, "delta": 53.282513}}
{"target": 0.8903276058655948, "params": {"batch_size": 387.0, "ch_1": 63.0, "ch_2": 26.0, "ch_3": 18.0, "ch_4": 64.0, "ch_5": 20.0, "k_1": 5.0, "k_2": 7.0, "k_3": 4.0, "k_4": 10.0, "k_5": 10.0, "learning_rate": 0.015501730955067036, "num_layers": 1.0, "padding": 2.0, "stride": 1.0}, "datetime": {"datetime": "2019-02-02 12:30:15", "elapsed": 985.696672, "delta": 66.470276}}
{"target": 0.8912275263218531, "params": {"batch_size": 415.0, "ch_1": 57.0, "ch_2": 30.0, "ch_3": 26.0, "ch_4": 38.0, "ch_5": 19.0, "k_1": 3.0, "k_2": 9.0, "k_3": 6.0, "k_4": 6.0, "k_5": 2.0, "learning_rate": 0.002705178708962787, "num_layers": 1.0, "padding": 3.0, "stride": 1.0}, "datetime": {"datetime": "2019-02-02 12:31:27", "elapsed": 1057.969048, "delta": 72.272376}}
{"target": 0.8456408633722066, "params": {"batch_size": 303.0, "ch_1": 21.0, "ch_2": 51.0, "ch_3": 50.0, "ch_4": 9.0, "ch_5": 15.0, "k_1": 3.0, "k_2": 6.0, "k_3": 8.0, "k_4": 7.0, "k_5": 10.0, "learning_rate": 0.03409660478676624, "num_layers": 1.0, "padding": 1.0, "stride": 3.0}, "datetime": {"datetime": "2019-02-02 12:32:06", "elapsed": 1096.617903, "delta": 38.648855}}
{"target": 0.8884567363216168, "params": {"batch_size": 385.0, "ch_1": 57.0, "ch_2": 7.0, "ch_3": 57.0, "ch_4": 24.0, "ch_5": 6.0, "k_1": 3.0, "k_2": 3.0, "k_3": 7.0, "k_4": 7.0, "k_5": 5.0, "learning_rate": 0.033900012723780494, "num_layers": 2.0, "padding": 1.0, "stride": 1.0}, "datetime": {"datetime": "2019-02-02 12:33:16", "elapsed": 1166.607069, "delta": 69.989166}}
{"target": 0.8833992933009281, "params": {"batch_size": 406.0, "ch_1": 62.0, "ch_2": 7.0, "ch_3": 33.0, "ch_4": 28.0, "ch_5": 5.0, "k_1": 3.0, "k_2": 3.0, "k_3": 10.0, "k_4": 5.0, "k_5": 4.0, "learning_rate": 0.02540223681791463, "num_layers": 1.0, "padding": 1.0, "stride": 1.0}, "datetime": {"datetime": "2019-02-02 12:34:24", "elapsed": 1233.98374, "delta": 67.376671}}
{"target": 0.8800562891038543, "params": {"batch_size": 353.0, "ch_1": 28.0, "ch_2": 13.0, "ch_3": 6.0, "ch_4": 57.0, "ch_5": 47.0, "k_1": 3.0, "k_2": 8.0, "k_3": 3.0, "k_4": 2.0, "k_5": 9.0, "learning_rate": 0.015601354971617725, "num_layers": 1.0, "padding": 2.0, "stride": 1.0}, "datetime": {"datetime": "2019-02-02 12:35:16", "elapsed": 1286.774044, "delta": 52.790304}}
{"target": 0.8200844030479075, "params": {"batch_size": 50.0, "ch_1": 23.0, "ch_2": 64.0, "ch_3": 3.0, "ch_4": 11.0, "ch_5": 3.0, "k_1": 3.0, "k_2": 6.0, "k_3": 7.0, "k_4": 2.0, "k_5": 2.0, "learning_rate": 0.049999999989302275, "num_layers": 1.0, "padding": 1.0, "stride": 1.0}, "datetime": {"datetime": "2019-02-02 12:36:54", "elapsed": 1384.696232, "delta": 97.922188}}
{"target": 0.874043274391139, "params": {"batch_size": 211.0, "ch_1": 5.0, "ch_2": 58.0, "ch_3": 11.0, "ch_4": 24.0, "ch_5": 33.0, "k_1": 6.0, "k_2": 9.0, "k_3": 9.0, "k_4": 5.0, "k_5": 10.0, "learning_rate": 0.012186011465942823, "num_layers": 1.0, "padding": 2.0, "stride": 2.0}, "datetime": {"datetime": "2019-02-02 12:37:42", "elapsed": 1432.895055, "delta": 48.198823}}
{"target": 0.9039277553789359, "params": {"batch_size": 158.0, "ch_1": 54.0, "ch_2": 14.0, "ch_3": 45.0, "ch_4": 10.0, "ch_5": 38.0, "k_1": 3.0, "k_2": 9.0, "k_3": 5.0, "k_4": 6.0, "k_5": 5.0, "learning_rate": 0.00045625244996628025, "num_layers": 2.0, "padding": 1.0, "stride": 1.0}, "datetime": {"datetime": "2019-02-02 12:38:58", "elapsed": 1508.262224, "delta": 75.367169}}
{"target": 0.8875854831997666, "params": {"batch_size": 248.0, "ch_1": 53.0, "ch_2": 21.0, "ch_3": 58.0, "ch_4": 6.0, "ch_5": 32.0, "k_1": 5.0, "k_2": 5.0, "k_3": 4.0, "k_4": 10.0, "k_5": 3.0, "learning_rate": 0.04640822760952559, "num_layers": 3.0, "padding": 2.0, "stride": 1.0}, "datetime": {"datetime": "2019-02-02 12:40:20", "elapsed": 1590.382822, "delta": 82.120598}}
{"target": 0.8929710120175081, "params": {"batch_size": 197.0, "ch_1": 28.0, "ch_2": 7.0, "ch_3": 17.0, "ch_4": 39.0, "ch_5": 38.0, "k_1": 3.0, "k_2": 10.0, "k_3": 5.0, "k_4": 7.0, "k_5": 8.0, "learning_rate": 0.028701484881553954, "num_layers": 2.0, "padding": 2.0, "stride": 1.0}, "datetime": {"datetime": "2019-02-02 12:41:42", "elapsed": 1672.407228, "delta": 82.024406}}
{"target": 0.8834717115298513, "params": {"batch_size": 239.0, "ch_1": 42.0, "ch_2": 49.0, "ch_3": 31.0, "ch_4": 38.0, "ch_5": 46.0, "k_1": 5.0, "k_2": 5.0, "k_3": 3.0, "k_4": 7.0, "k_5": 7.0, "learning_rate": 0.028932028385137653, "num_layers": 1.0, "padding": 2.0, "stride": 1.0}, "datetime": {"datetime": "2019-02-02 12:42:39", "elapsed": 1729.697084, "delta": 57.289856}}
{"target": 0.894227777428848, "params": {"batch_size": 495.0, "ch_1": 30.0, "ch_2": 6.0, "ch_3": 58.0, "ch_4": 62.0, "ch_5": 58.0, "k_1": 3.0, "k_2": 8.0, "k_3": 5.0, "k_4": 2.0, "k_5": 6.0, "learning_rate": 0.013846668991828919, "num_layers": 2.0, "padding": 2.0, "stride": 1.0}, "datetime": {"datetime": "2019-02-02 12:43:58", "elapsed": 1808.274417, "delta": 78.577333}}
{"target": 0.8871571382519696, "params": {"batch_size": 194.0, "ch_1": 25.0, "ch_2": 38.0, "ch_3": 50.0, "ch_4": 22.0, "ch_5": 12.0, "k_1": 7.0, "k_2": 9.0, "k_3": 6.0, "k_4": 8.0, "k_5": 10.0, "learning_rate": 0.034871849072153904, "num_layers": 2.0, "padding": 1.0, "stride": 1.0}, "datetime": {"datetime": "2019-02-02 12:44:56", "elapsed": 1866.704169, "delta": 58.429752}}
{"target": 0.8774716439476665, "params": {"batch_size": 302.0, "ch_1": 5.0, "ch_2": 32.0, "ch_3": 9.0, "ch_4": 10.0, "ch_5": 31.0, "k_1": 8.0, "k_2": 6.0, "k_3": 9.0, "k_4": 6.0, "k_5": 2.0, "learning_rate": 0.004685649061703908, "num_layers": 2.0, "padding": 1.0, "stride": 2.0}, "datetime": {"datetime": "2019-02-02 12:45:39", "elapsed": 1909.465283, "delta": 42.761114}}
{"target": 0.8813982790784288, "params": {"batch_size": 53.0, "ch_1": 6.0, "ch_2": 52.0, "ch_3": 46.0, "ch_4": 38.0, "ch_5": 17.0, "k_1": 5.0, "k_2": 8.0, "k_3": 4.0, "k_4": 9.0, "k_5": 8.0, "learning_rate": 0.008140294336154746, "num_layers": 3.0, "padding": 3.0, "stride": 1.0}, "datetime": {"datetime": "2019-02-02 12:48:08", "elapsed": 2058.696586, "delta": 149.231303}}
{"target": 0.9030852185640916, "params": {"batch_size": 156.0, "ch_1": 48.0, "ch_2": 53.0, "ch_3": 24.0, "ch_4": 32.0, "ch_5": 58.0, "k_1": 7.0, "k_2": 6.0, "k_3": 4.0, "k_4": 7.0, "k_5": 3.0, "learning_rate": 0.0017020466695260557, "num_layers": 2.0, "padding": 2.0, "stride": 1.0}, "datetime": {"datetime": "2019-02-02 12:49:36", "elapsed": 2146.495983, "delta": 87.799397}}
{"target": 0.8473563612282474, "params": {"batch_size": 109.0, "ch_1": 58.0, "ch_2": 14.0, "ch_3": 30.0, "ch_4": 14.0, "ch_5": 6.0, "k_1": 3.0, "k_2": 6.0, "k_3": 2.0, "k_4": 5.0, "k_5": 7.0, "learning_rate": 0.03037868473059541, "num_layers": 1.0, "padding": 1.0, "stride": 3.0}, "datetime": {"datetime": "2019-02-02 12:50:35", "elapsed": 2205.766784, "delta": 59.270801}}
{"target": 0.8880854811796469, "params": {"batch_size": 348.0, "ch_1": 46.0, "ch_2": 24.0, "ch_3": 30.0, "ch_4": 35.0, "ch_5": 19.0, "k_1": 9.0, "k_2": 7.0, "k_3": 4.0, "k_4": 2.0, "k_5": 10.0, "learning_rate": 0.013803702182056865, "num_layers": 3.0, "padding": 2.0, "stride": 1.0}, "datetime": {"datetime": "2019-02-02 12:51:42", "elapsed": 2272.773616, "delta": 67.006832}}
{"target": 0.8908569139452288, "params": {"batch_size": 199.0, "ch_1": 34.0, "ch_2": 56.0, "ch_3": 23.0, "ch_4": 46.0, "ch_5": 35.0, "k_1": 8.0, "k_2": 3.0, "k_3": 4.0, "k_4": 2.0, "k_5": 5.0, "learning_rate": 0.00784642663915949, "num_layers": 1.0, "padding": 3.0, "stride": 2.0}, "datetime": {"datetime": "2019-02-02 12:52:31", "elapsed": 2321.833056, "delta": 49.05944}}
{"target": 0.8872993179463879, "params": {"batch_size": 388.0, "ch_1": 11.0, "ch_2": 25.0, "ch_3": 24.0, "ch_4": 37.0, "ch_5": 55.0, "k_1": 5.0, "k_2": 5.0, "k_3": 9.0, "k_4": 9.0, "k_5": 6.0, "learning_rate": 0.03427213940167269, "num_layers": 2.0, "padding": 2.0, "stride": 1.0}, "datetime": {"datetime": "2019-02-02 12:53:22", "elapsed": 2372.699935, "delta": 50.866879}}
{"target": 0.9067571227276562, "params": {"batch_size": 358.0, "ch_1": 57.0, "ch_2": 35.0, "ch_3": 44.0, "ch_4": 61.0, "ch_5": 6.0, "k_1": 5.0, "k_2": 5.0, "k_3": 6.0, "k_4": 10.0, "k_5": 7.0, "learning_rate": 0.02455294049855299, "num_layers": 2.0, "padding": 2.0, "stride": 1.0}, "datetime": {"datetime": "2019-02-02 12:54:49", "elapsed": 2459.958052, "delta": 87.258117}}
{"target": 0.8718290028701615, "params": {"batch_size": 431.0, "ch_1": 36.0, "ch_2": 14.0, "ch_3": 29.0, "ch_4": 22.0, "ch_5": 27.0, "k_1": 10.0, "k_2": 3.0, "k_3": 3.0, "k_4": 8.0, "k_5": 4.0, "learning_rate": 0.0412040451243639, "num_layers": 1.0, "padding": 2.0, "stride": 2.0}, "datetime": {"datetime": "2019-02-02 12:55:28", "elapsed": 2498.522005, "delta": 38.563953}}
{"target": 0.8981426468930009, "params": {"batch_size": 472.0, "ch_1": 38.0, "ch_2": 4.0, "ch_3": 14.0, "ch_4": 57.0, "ch_5": 47.0, "k_1": 5.0, "k_2": 10.0, "k_3": 5.0, "k_4": 6.0, "k_5": 3.0, "learning_rate": 0.010358709535861238, "num_layers": 2.0, "padding": 3.0, "stride": 1.0}, "datetime": {"datetime": "2019-02-02 12:56:44", "elapsed": 2574.319972, "delta": 75.797967}}
{"target": 0.8155816726419358, "params": {"batch_size": 74.0, "ch_1": 17.0, "ch_2": 20.0, "ch_3": 20.0, "ch_4": 30.0, "ch_5": 29.0, "k_1": 7.0, "k_2": 6.0, "k_3": 5.0, "k_4": 8.0, "k_5": 10.0, "learning_rate": 0.03931075142995132, "num_layers": 1.0, "padding": 3.0, "stride": 3.0}, "datetime": {"datetime": "2019-02-02 12:57:58", "elapsed": 2648.621997, "delta": 74.302025}}
{"target": 0.8792991176484631, "params": {"batch_size": 476.0, "ch_1": 54.0, "ch_2": 8.0, "ch_3": 6.0, "ch_4": 43.0, "ch_5": 41.0, "k_1": 7.0, "k_2": 3.0, "k_3": 10.0, "k_4": 8.0, "k_5": 3.0, "learning_rate": 0.010417138567197368, "num_layers": 1.0, "padding": 2.0, "stride": 1.0}, "datetime": {"datetime": "2019-02-02 12:58:54", "elapsed": 2704.187311, "delta": 55.565314}}
{"target": 0.862955474236557, "params": {"batch_size": 78.0, "ch_1": 61.0, "ch_2": 35.0, "ch_3": 20.0, "ch_4": 9.0, "ch_5": 28.0, "k_1": 4.0, "k_2": 8.0, "k_3": 7.0, "k_4": 7.0, "k_5": 7.0, "learning_rate": 0.01631424585645902, "num_layers": 1.0, "padding": 1.0, "stride": 2.0}, "datetime": {"datetime": "2019-02-02 13:00:04", "elapsed": 2774.829849, "delta": 70.642538}}
{"target": 0.8819143033409228, "params": {"batch_size": 433.0, "ch_1": 11.0, "ch_2": 60.0, "ch_3": 21.0, "ch_4": 35.0, "ch_5": 7.0, "k_1": 4.0, "k_2": 3.0, "k_3": 5.0, "k_4": 6.0, "k_5": 6.0, "learning_rate": 0.0345454593250942, "num_layers": 1.0, "padding": 1.0, "stride": 2.0}, "datetime": {"datetime": "2019-02-02 13:00:41", "elapsed": 2811.528216, "delta": 36.698367}}
{"target": 0.883885174929507, "params": {"batch_size": 106.0, "ch_1": 58.0, "ch_2": 62.0, "ch_3": 9.0, "ch_4": 25.0, "ch_5": 26.0, "k_1": 5.0, "k_2": 9.0, "k_3": 5.0, "k_4": 3.0, "k_5": 3.0, "learning_rate": 0.04680368031191548, "num_layers": 2.0, "padding": 2.0, "stride": 1.0}, "datetime": {"datetime": "2019-02-02 13:03:02", "elapsed": 2952.378449, "delta": 140.850233}}
{"target": 0.8913293832035988, "params": {"batch_size": 411.0, "ch_1": 59.0, "ch_2": 4.0, "ch_3": 3.0, "ch_4": 10.0, "ch_5": 26.0, "k_1": 6.0, "k_2": 9.0, "k_3": 9.0, "k_4": 6.0, "k_5": 3.0, "learning_rate": 0.007087491798907872, "num_layers": 1.0, "padding": 2.0, "stride": 2.0}, "datetime": {"datetime": "2019-02-02 13:03:42", "elapsed": 2991.981201, "delta": 39.602752}}
{"target": 0.8770425827756272, "params": {"batch_size": 484.0, "ch_1": 5.0, "ch_2": 57.0, "ch_3": 4.0, "ch_4": 6.0, "ch_5": 58.0, "k_1": 6.0, "k_2": 5.0, "k_3": 9.0, "k_4": 5.0, "k_5": 2.0, "learning_rate": 0.022667174646908927, "num_layers": 1.0, "padding": 2.0, "stride": 2.0}, "datetime": {"datetime": "2019-02-02 13:04:17", "elapsed": 3027.646504, "delta": 35.665303}}
{"target": 0.8529560288512265, "params": {"batch_size": 87.0, "ch_1": 13.0, "ch_2": 37.0, "ch_3": 30.0, "ch_4": 57.0, "ch_5": 15.0, "k_1": 7.0, "k_2": 7.0, "k_3": 3.0, "k_4": 7.0, "k_5": 6.0, "learning_rate": 0.04785610182330348, "num_layers": 2.0, "padding": 3.0, "stride": 1.0}, "datetime": {"datetime": "2019-02-02 13:05:55", "elapsed": 3125.072378, "delta": 97.425874}}
{"target": 0.8892846303297337, "params": {"batch_size": 260.0, "ch_1": 59.0, "ch_2": 48.0, "ch_3": 54.0, "ch_4": 4.0, "ch_5": 45.0, "k_1": 3.0, "k_2": 5.0, "k_3": 4.0, "k_4": 4.0, "k_5": 2.0, "learning_rate": 0.03811701910582526, "num_layers": 2.0, "padding": 1.0, "stride": 1.0}, "datetime": {"datetime": "2019-02-02 13:07:34", "elapsed": 3224.570595, "delta": 99.498217}}
{"target": 0.8753991909481988, "params": {"batch_size": 294.0, "ch_1": 31.0, "ch_2": 29.0, "ch_3": 22.0, "ch_4": 10.0, "ch_5": 12.0, "k_1": 7.0, "k_2": 9.0, "k_3": 3.0, "k_4": 5.0, "k_5": 10.0, "learning_rate": 0.017811548907094674, "num_layers": 1.0, "padding": 3.0, "stride": 3.0}, "datetime": {"datetime": "2019-02-02 13:08:13", "elapsed": 3263.540211, "delta": 38.969616}}
