{"target": 0.8404840610722575, "params": {"batch_size": 238.0, "h_l_1": 369.0, "h_l_2": 30.0, "h_l_3": 172.0, "h_l_4": 99.0, "h_l_5": 73.0, "h_l_6": 118.0, "learning_rate": 0.01734348027944808, "num_layers": 3.0}, "datetime": {"datetime": "2019-02-01 11:02:36", "elapsed": 0.0, "delta": 0.0}}
{"target": 0.8639999618013737, "params": {"batch_size": 190.0, "h_l_1": 191.0, "h_l_2": 58.0, "h_l_3": 179.0, "h_l_4": 150.0, "h_l_5": 156.0, "h_l_6": 380.0, "learning_rate": 0.010203485503870131, "num_layers": 4.0}, "datetime": {"datetime": "2019-02-01 11:03:12", "elapsed": 36.043085, "delta": 36.043085}}
{"target": 0.7612443716711642, "params": {"batch_size": 489.0, "h_l_1": 475.0, "h_l_2": 368.0, "h_l_3": 497.0, "h_l_4": 497.0, "h_l_5": 496.0, "h_l_6": 486.0, "learning_rate": 0.04782025888977568, "num_layers": 2.0}, "datetime": {"datetime": "2019-02-01 11:03:39", "elapsed": 62.654181, "delta": 26.611096}}
{"target": 0.8411852568484198, "params": {"batch_size": 50.0, "h_l_1": 30.0, "h_l_2": 469.0, "h_l_3": 30.0, "h_l_4": 500.0, "h_l_5": 130.0, "h_l_6": 30.0, "learning_rate": 0.0001, "num_layers": 1.0}, "datetime": {"datetime": "2019-02-01 11:04:46", "elapsed": 129.668574, "delta": 67.014393}}
{"target": 0.44018029016998755, "params": {"batch_size": 54.0, "h_l_1": 32.0, "h_l_2": 32.0, "h_l_3": 33.0, "h_l_4": 105.0, "h_l_5": 499.0, "h_l_6": 125.0, "learning_rate": 0.037460107592072335, "num_layers": 3.0}, "datetime": {"datetime": "2019-02-01 11:06:06", "elapsed": 209.693764, "delta": 80.02519}}
{"target": 0.790640448941598, "params": {"batch_size": 500.0, "h_l_1": 30.0, "h_l_2": 500.0, "h_l_3": 500.0, "h_l_4": 30.0, "h_l_5": 30.0, "h_l_6": 500.0, "learning_rate": 0.0001, "num_layers": 6.0}, "datetime": {"datetime": "2019-02-01 11:06:46", "elapsed": 250.192767, "delta": 40.499003}}
{"target": 0.10000000000000002, "params": {"batch_size": 50.0, "h_l_1": 500.0, "h_l_2": 500.0, "h_l_3": 30.0, "h_l_4": 500.0, "h_l_5": 30.0, "h_l_6": 500.0, "learning_rate": 0.05, "num_layers": 6.0}, "datetime": {"datetime": "2019-02-01 11:09:08", "elapsed": 392.3541, "delta": 142.161333}}
{"target": 0.7846140341018235, "params": {"batch_size": 500.0, "h_l_1": 30.0, "h_l_2": 30.0, "h_l_3": 500.0, "h_l_4": 500.0, "h_l_5": 30.0, "h_l_6": 30.0, "learning_rate": 0.0001, "num_layers": 1.0}, "datetime": {"datetime": "2019-02-01 11:09:39", "elapsed": 423.332778, "delta": 30.978678}}
{"target": 0.8422996772828238, "params": {"batch_size": 50.0, "h_l_1": 30.0, "h_l_2": 500.0, "h_l_3": 500.0, "h_l_4": 30.0, "h_l_5": 30.0, "h_l_6": 30.0, "learning_rate": 0.0001, "num_layers": 1.0}, "datetime": {"datetime": "2019-02-01 11:10:53", "elapsed": 497.136925, "delta": 73.804147}}
{"target": 0.7820850095735308, "params": {"batch_size": 500.0, "h_l_1": 30.0, "h_l_2": 500.0, "h_l_3": 30.0, "h_l_4": 30.0, "h_l_5": 30.0, "h_l_6": 30.0, "learning_rate": 0.0001, "num_layers": 1.0}, "datetime": {"datetime": "2019-02-01 11:11:26", "elapsed": 529.499428, "delta": 32.362503}}
{"target": 0.8425857690773061, "params": {"batch_size": 500.0, "h_l_1": 500.0, "h_l_2": 30.0, "h_l_3": 500.0, "h_l_4": 30.0, "h_l_5": 500.0, "h_l_6": 500.0, "learning_rate": 0.0001, "num_layers": 1.0}, "datetime": {"datetime": "2019-02-01 11:11:59", "elapsed": 563.280403, "delta": 33.780975}}
{"target": 0.8413281772533793, "params": {"batch_size": 50.0, "h_l_1": 30.0, "h_l_2": 30.0, "h_l_3": 500.0, "h_l_4": 500.0, "h_l_5": 30.0, "h_l_6": 500.0, "learning_rate": 0.0001, "num_layers": 1.0}, "datetime": {"datetime": "2019-02-01 11:13:15", "elapsed": 638.716944, "delta": 75.436541}}
{"target": 0.8144017146285925, "params": {"batch_size": 500.0, "h_l_1": 30.0, "h_l_2": 500.0, "h_l_3": 500.0, "h_l_4": 500.0, "h_l_5": 500.0, "h_l_6": 30.0, "learning_rate": 0.0001, "num_layers": 6.0}, "datetime": {"datetime": "2019-02-01 11:13:51", "elapsed": 674.632458, "delta": 35.915514}}
{"target": 0.7836131382705792, "params": {"batch_size": 500.0, "h_l_1": 30.0, "h_l_2": 30.0, "h_l_3": 30.0, "h_l_4": 500.0, "h_l_5": 30.0, "h_l_6": 500.0, "learning_rate": 0.0001, "num_layers": 1.0}, "datetime": {"datetime": "2019-02-01 11:14:18", "elapsed": 702.354801, "delta": 27.722343}}
{"target": 0.8394716444373924, "params": {"batch_size": 500.0, "h_l_1": 500.0, "h_l_2": 30.0, "h_l_3": 500.0, "h_l_4": 30.0, "h_l_5": 30.0, "h_l_6": 500.0, "learning_rate": 0.05, "num_layers": 1.0}, "datetime": {"datetime": "2019-02-01 11:14:46", "elapsed": 729.467881, "delta": 27.11308}}
{"target": 0.8690425355170704, "params": {"batch_size": 50.0, "h_l_1": 500.0, "h_l_2": 30.0, "h_l_3": 500.0, "h_l_4": 500.0, "h_l_5": 500.0, "h_l_6": 30.0, "learning_rate": 0.0001, "num_layers": 1.0}, "datetime": {"datetime": "2019-02-01 11:15:59", "elapsed": 803.040667, "delta": 73.572786}}
{"target": 0.8453572018428878, "params": {"batch_size": 500.0, "h_l_1": 500.0, "h_l_2": 500.0, "h_l_3": 500.0, "h_l_4": 30.0, "h_l_5": 500.0, "h_l_6": 30.0, "learning_rate": 0.0001, "num_layers": 1.0}, "datetime": {"datetime": "2019-02-01 11:16:25", "elapsed": 828.878142, "delta": 25.837475}}
{"target": 0.8435571221889576, "params": {"batch_size": 500.0, "h_l_1": 500.0, "h_l_2": 30.0, "h_l_3": 30.0, "h_l_4": 500.0, "h_l_5": 500.0, "h_l_6": 30.0, "learning_rate": 0.0001, "num_layers": 1.0}, "datetime": {"datetime": "2019-02-01 11:16:51", "elapsed": 855.329831, "delta": 26.451689}}
{"target": 0.8408141425026687, "params": {"batch_size": 50.0, "h_l_1": 30.0, "h_l_2": 30.0, "h_l_3": 500.0, "h_l_4": 30.0, "h_l_5": 30.0, "h_l_6": 500.0, "learning_rate": 0.0001, "num_layers": 1.0}, "datetime": {"datetime": "2019-02-01 11:18:02", "elapsed": 925.575378, "delta": 70.245547}}
{"target": 0.8419288690158088, "params": {"batch_size": 500.0, "h_l_1": 500.0, "h_l_2": 500.0, "h_l_3": 500.0, "h_l_4": 500.0, "h_l_5": 30.0, "h_l_6": 30.0, "learning_rate": 0.0001, "num_layers": 1.0}, "datetime": {"datetime": "2019-02-01 11:18:29", "elapsed": 952.935609, "delta": 27.360231}}
{"target": 0.8409421874810613, "params": {"batch_size": 500.0, "h_l_1": 500.0, "h_l_2": 30.0, "h_l_3": 500.0, "h_l_4": 500.0, "h_l_5": 500.0, "h_l_6": 30.0, "learning_rate": 0.0001, "num_layers": 6.0}, "datetime": {"datetime": "2019-02-01 11:19:04", "elapsed": 987.74717, "delta": 34.811561}}
{"target": 0.8449849121547907, "params": {"batch_size": 50.0, "h_l_1": 30.0, "h_l_2": 500.0, "h_l_3": 500.0, "h_l_4": 500.0, "h_l_5": 30.0, "h_l_6": 30.0, "learning_rate": 0.0001, "num_layers": 6.0}, "datetime": {"datetime": "2019-02-01 11:21:33", "elapsed": 1136.811079, "delta": 149.063909}}
{"target": 0.8429287303009255, "params": {"batch_size": 50.0, "h_l_1": 30.0, "h_l_2": 30.0, "h_l_3": 30.0, "h_l_4": 500.0, "h_l_5": 30.0, "h_l_6": 30.0, "learning_rate": 0.0001001593302455157, "num_layers": 1.0}, "datetime": {"datetime": "2019-02-01 11:22:53", "elapsed": 1216.435965, "delta": 79.624886}}
{"target": 0.8631134108643015, "params": {"batch_size": 50.0, "h_l_1": 500.0, "h_l_2": 30.0, "h_l_3": 500.0, "h_l_4": 500.0, "h_l_5": 30.0, "h_l_6": 30.0, "learning_rate": 0.0001, "num_layers": 1.0}, "datetime": {"datetime": "2019-02-01 11:24:14", "elapsed": 1297.679785, "delta": 81.24382}}
{"target": 0.7841281524732446, "params": {"batch_size": 500.0, "h_l_1": 30.0, "h_l_2": 30.0, "h_l_3": 500.0, "h_l_4": 500.0, "h_l_5": 500.0, "h_l_6": 500.0, "learning_rate": 0.00010013284323950552, "num_layers": 1.0}, "datetime": {"datetime": "2019-02-01 11:24:49", "elapsed": 1332.925769, "delta": 35.245984}}
{"target": 0.8706287946876484, "params": {"batch_size": 50.0, "h_l_1": 500.0, "h_l_2": 500.0, "h_l_3": 500.0, "h_l_4": 500.0, "h_l_5": 500.0, "h_l_6": 30.0, "learning_rate": 0.0001, "num_layers": 1.0}, "datetime": {"datetime": "2019-02-01 11:26:09", "elapsed": 1413.019442, "delta": 80.093673}}
{"target": 0.8453146324122934, "params": {"batch_size": 500.0, "h_l_1": 500.0, "h_l_2": 30.0, "h_l_3": 30.0, "h_l_4": 500.0, "h_l_5": 30.0, "h_l_6": 30.0, "learning_rate": 0.0001, "num_layers": 1.0}, "datetime": {"datetime": "2019-02-01 11:26:44", "elapsed": 1448.121294, "delta": 35.101852}}
{"target": 0.8453003569000493, "params": {"batch_size": 500.0, "h_l_1": 500.0, "h_l_2": 500.0, "h_l_3": 30.0, "h_l_4": 500.0, "h_l_5": 500.0, "h_l_6": 30.0, "learning_rate": 0.00010000006910947917, "num_layers": 1.0}, "datetime": {"datetime": "2019-02-01 11:27:22", "elapsed": 1485.636218, "delta": 37.514924}}
{"target": 0.8113831110405906, "params": {"batch_size": 500.0, "h_l_1": 30.0, "h_l_2": 30.0, "h_l_3": 500.0, "h_l_4": 30.0, "h_l_5": 30.0, "h_l_6": 500.0, "learning_rate": 0.05, "num_layers": 1.0}, "datetime": {"datetime": "2019-02-01 11:27:58", "elapsed": 1521.913592, "delta": 36.277374}}
{"target": 0.8351846750539585, "params": {"batch_size": 344.0, "h_l_1": 252.0, "h_l_2": 273.0, "h_l_3": 255.0, "h_l_4": 500.0, "h_l_5": 267.0, "h_l_6": 32.0, "learning_rate": 0.042450141256284366, "num_layers": 1.0}, "datetime": {"datetime": "2019-02-01 11:28:37", "elapsed": 1560.453404, "delta": 38.539812}}
{"target": 0.8630278618576064, "params": {"batch_size": 50.0, "h_l_1": 500.0, "h_l_2": 30.0, "h_l_3": 500.0, "h_l_4": 30.0, "h_l_5": 380.0, "h_l_6": 500.0, "learning_rate": 0.0001, "num_layers": 2.0}, "datetime": {"datetime": "2019-02-01 11:30:02", "elapsed": 1645.997004, "delta": 85.5436}}
{"target": 0.8063265250403626, "params": {"batch_size": 500.0, "h_l_1": 500.0, "h_l_2": 498.0, "h_l_3": 500.0, "h_l_4": 30.0, "h_l_5": 30.0, "h_l_6": 30.0, "learning_rate": 0.0001, "num_layers": 6.0}, "datetime": {"datetime": "2019-02-01 11:30:40", "elapsed": 1683.506807, "delta": 37.509803}}
{"target": 0.8421426099186896, "params": {"batch_size": 50.0, "h_l_1": 30.0, "h_l_2": 500.0, "h_l_3": 500.0, "h_l_4": 30.0, "h_l_5": 500.0, "h_l_6": 500.0, "learning_rate": 0.0001, "num_layers": 1.0}, "datetime": {"datetime": "2019-02-01 11:31:58", "elapsed": 1761.459455, "delta": 77.952648}}
{"target": 0.8433432160035593, "params": {"batch_size": 500.0, "h_l_1": 450.0, "h_l_2": 30.0, "h_l_3": 30.0, "h_l_4": 30.0, "h_l_5": 96.0, "h_l_6": 500.0, "learning_rate": 0.00010000000054718336, "num_layers": 1.0}, "datetime": {"datetime": "2019-02-01 11:32:29", "elapsed": 1792.457601, "delta": 30.998146}}
{"target": 0.10000000000000002, "params": {"batch_size": 500.0, "h_l_1": 30.0, "h_l_2": 500.0, "h_l_3": 30.0, "h_l_4": 80.0, "h_l_5": 500.0, "h_l_6": 500.0, "learning_rate": 0.05, "num_layers": 5.0}, "datetime": {"datetime": "2019-02-01 11:33:03", "elapsed": 1827.110907, "delta": 34.653306}}
{"target": 0.8724854499351297, "params": {"batch_size": 50.0, "h_l_1": 500.0, "h_l_2": 30.0, "h_l_3": 500.0, "h_l_4": 500.0, "h_l_5": 500.0, "h_l_6": 500.0, "learning_rate": 0.0001, "num_layers": 1.0}, "datetime": {"datetime": "2019-02-01 11:34:26", "elapsed": 1909.548937, "delta": 82.43803}}
{"target": 0.7865134056976925, "params": {"batch_size": 500.0, "h_l_1": 30.0, "h_l_2": 500.0, "h_l_3": 30.0, "h_l_4": 500.0, "h_l_5": 30.0, "h_l_6": 30.0, "learning_rate": 0.0001, "num_layers": 1.0}, "datetime": {"datetime": "2019-02-01 11:35:00", "elapsed": 1943.585826, "delta": 34.036889}}
{"target": 0.6214583904935372, "params": {"batch_size": 50.0, "h_l_1": 30.0, "h_l_2": 500.0, "h_l_3": 500.0, "h_l_4": 500.0, "h_l_5": 500.0, "h_l_6": 30.0, "learning_rate": 0.05, "num_layers": 1.0}, "datetime": {"datetime": "2019-02-01 11:36:22", "elapsed": 2025.710244, "delta": 82.124418}}
{"target": 0.8688567028733325, "params": {"batch_size": 50.0, "h_l_1": 500.0, "h_l_2": 500.0, "h_l_3": 30.0, "h_l_4": 30.0, "h_l_5": 30.0, "h_l_6": 30.0, "learning_rate": 0.0001, "num_layers": 1.0}, "datetime": {"datetime": "2019-02-01 11:37:46", "elapsed": 2110.148769, "delta": 84.438525}}
{"target": 0.8414712751840053, "params": {"batch_size": 50.0, "h_l_1": 30.0, "h_l_2": 30.0, "h_l_3": 30.0, "h_l_4": 30.0, "h_l_5": 30.0, "h_l_6": 500.0, "learning_rate": 0.0001, "num_layers": 1.0}, "datetime": {"datetime": "2019-02-01 11:39:09", "elapsed": 2193.282963, "delta": 83.134194}}
{"target": 0.863528704614798, "params": {"batch_size": 50.0, "h_l_1": 500.0, "h_l_2": 30.0, "h_l_3": 30.0, "h_l_4": 500.0, "h_l_5": 288.0, "h_l_6": 30.0, "learning_rate": 0.0001, "num_layers": 6.0}, "datetime": {"datetime": "2019-02-01 11:41:38", "elapsed": 2341.397922, "delta": 148.114959}}
{"target": 0.8578836455152793, "params": {"batch_size": 50.0, "h_l_1": 500.0, "h_l_2": 500.0, "h_l_3": 500.0, "h_l_4": 30.0, "h_l_5": 500.0, "h_l_6": 30.0, "learning_rate": 0.00010023165171965132, "num_layers": 6.0}, "datetime": {"datetime": "2019-02-01 11:44:06", "elapsed": 2490.254777, "delta": 148.856855}}
{"target": 0.09999999999999999, "params": {"batch_size": 50.0, "h_l_1": 30.0, "h_l_2": 500.0, "h_l_3": 500.0, "h_l_4": 30.0, "h_l_5": 30.0, "h_l_6": 500.0, "learning_rate": 0.05, "num_layers": 6.0}, "datetime": {"datetime": "2019-02-01 11:46:36", "elapsed": 2639.650337, "delta": 149.39556}}
{"target": 0.8418999017242395, "params": {"batch_size": 50.0, "h_l_1": 30.0, "h_l_2": 30.0, "h_l_3": 500.0, "h_l_4": 30.0, "h_l_5": 500.0, "h_l_6": 500.0, "learning_rate": 0.0001, "num_layers": 1.0}, "datetime": {"datetime": "2019-02-01 11:47:52", "elapsed": 2716.287059, "delta": 76.636722}}
{"target": 0.858485855428239, "params": {"batch_size": 500.0, "h_l_1": 30.0, "h_l_2": 500.0, "h_l_3": 500.0, "h_l_4": 30.0, "h_l_5": 227.0, "h_l_6": 30.0, "learning_rate": 0.004015201998571069, "num_layers": 1.0}, "datetime": {"datetime": "2019-02-01 11:48:24", "elapsed": 2747.485016, "delta": 31.197957}}
{"target": 0.8355274893597849, "params": {"batch_size": 50.0, "h_l_1": 30.0, "h_l_2": 30.0, "h_l_3": 500.0, "h_l_4": 30.0, "h_l_5": 30.0, "h_l_6": 30.0, "learning_rate": 0.0001, "num_layers": 1.0}, "datetime": {"datetime": "2019-02-01 11:49:38", "elapsed": 2821.611332, "delta": 74.126316}}
{"target": 0.8446851937349845, "params": {"batch_size": 500.0, "h_l_1": 500.0, "h_l_2": 30.0, "h_l_3": 500.0, "h_l_4": 500.0, "h_l_5": 30.0, "h_l_6": 500.0, "learning_rate": 0.0001, "num_layers": 1.0}, "datetime": {"datetime": "2019-02-01 11:50:09", "elapsed": 2852.961302, "delta": 31.34997}}
{"target": 0.8716570845657592, "params": {"batch_size": 50.0, "h_l_1": 500.0, "h_l_2": 30.0, "h_l_3": 30.0, "h_l_4": 30.0, "h_l_5": 500.0, "h_l_6": 500.0, "learning_rate": 0.00010000213014367651, "num_layers": 1.0}, "datetime": {"datetime": "2019-02-01 11:51:29", "elapsed": 2932.868273, "delta": 79.906971}}
{"target": 0.8656279701115338, "params": {"batch_size": 50.0, "h_l_1": 500.0, "h_l_2": 500.0, "h_l_3": 30.0, "h_l_4": 30.0, "h_l_5": 500.0, "h_l_6": 30.0, "learning_rate": 0.00010000835169251754, "num_layers": 1.0}, "datetime": {"datetime": "2019-02-01 11:52:50", "elapsed": 3014.023051, "delta": 81.154778}}
{"target": 0.8702712335083248, "params": {"batch_size": 50.0, "h_l_1": 500.0, "h_l_2": 30.0, "h_l_3": 30.0, "h_l_4": 30.0, "h_l_5": 30.0, "h_l_6": 500.0, "learning_rate": 0.0001, "num_layers": 1.0}, "datetime": {"datetime": "2019-02-01 11:54:12", "elapsed": 3095.576565, "delta": 81.553514}}
