{"target": 0.27749874110609163, "params": {"E_E": 7.9191540329180174, "E_I": -6.957728545904893, "b_etas": 0.010056043660498995, "dt": 0.3720993153686558, "f_etas": 0.08191038650038539, "g_A": 0.027387087581503825, "g_B": 0.41175612682660256, "h_l_1": 192.0, "h_l_2": 216.0, "h_l_3": 283.0, "h_l_4": 227.0, "h_l_5": 352.0, "h_l_6": 126.0, "l_f_phase": 44.0, "l_f_phase_test": 51.0, "l_t_phase": 34.0, "lambda_max": 0.32519144071013806, "noisy_symmetric_weights": 1.0, "num_layers": 2.0, "tau_L": 8.188608934509272, "tau_s": 4.202978274702147, "update_feedback_weights": 1.0, "use_apical_conductance": 0.0, "use_broadcast": 1.0, "use_conductances": 1.0, "use_feedback_bias": 1.0, "use_sparse_feedback": 0.0, "use_spiking_feedback": 0.0, "use_spiking_feedforward": 0.0, "use_symmetric_weights": 1.0, "use_weight_optimization": 0.0}, "datetime": {"datetime": "2019-01-30 00:19:43", "elapsed": 0.0, "delta": 0.0}}
{"target": 0.1127714523036204, "params": {"E_E": 10.968620668046874, "E_I": -8.6953338014614, "b_etas": 0.43425272727497377, "dt": 0.12672981118568408, "f_etas": 0.16961777374953665, "g_A": 0.021260054095266403, "g_B": 0.7274398549614876, "h_l_1": 415.0, "h_l_2": 228.0, "h_l_3": 313.0, "h_l_4": 266.0, "h_l_5": 250.0, "h_l_6": 460.0, "l_f_phase": 34.0, "l_f_phase_test": 61.0, "l_t_phase": 42.0, "lambda_max": 0.21640767730794547, "noisy_symmetric_weights": 0.0, "num_layers": 5.0, "tau_L": 12.484069933122015, "tau_s": 3.9946613124260106, "update_feedback_weights": 1.0, "use_apical_conductance": 0.0, "use_broadcast": 0.0, "use_conductances": 0.0, "use_feedback_bias": 1.0, "use_sparse_feedback": 1.0, "use_spiking_feedback": 0.0, "use_spiking_feedforward": 1.0, "use_symmetric_weights": 0.0, "use_weight_optimization": 0.0}, "datetime": {"datetime": "2019-01-31 08:47:58", "elapsed": 116895.426457, "delta": 116895.426457}}
{"target": 0.8851711740211149, "params": {"E_E": 5.0, "E_I": -12.0, "b_etas": 0.01, "dt": 1.0, "f_etas": 0.01, "g_A": 0.02, "g_B": 0.3, "h_l_1": 30.0, "h_l_2": 500.0, "h_l_3": 30.0, "h_l_4": 500.0, "h_l_5": 30.0, "h_l_6": 30.0, "l_f_phase": 2.0, "l_f_phase_test": 100.0, "l_t_phase": 2.0, "lambda_max": 0.2, "noisy_symmetric_weights": 0.0, "num_layers": 1.0, "tau_L": 13.0, "tau_s": 1.0, "update_feedback_weights": 0.0, "use_apical_conductance": 0.0, "use_broadcast": 0.0, "use_conductances": 0.0, "use_feedback_bias": 0.0, "use_sparse_feedback": 0.0, "use_spiking_feedback": 0.0, "use_spiking_feedforward": 0.0, "use_symmetric_weights": 0.0, "use_weight_optimization": 0.0}, "datetime": {"datetime": "2019-01-31 09:23:30", "elapsed": 119026.689524, "delta": 2131.263067}}
{"target": 0.14040094665438752, "params": {"E_E": 5.0, "E_I": -12.0, "b_etas": 0.01, "dt": 1.0, "f_etas": 0.5, "g_A": 0.1, "g_B": 0.3, "h_l_1": 500.0, "h_l_2": 500.0, "h_l_3": 30.0, "h_l_4": 30.0, "h_l_5": 30.0, "h_l_6": 30.0, "l_f_phase": 2.0, "l_f_phase_test": 100.0, "l_t_phase": 2.0, "lambda_max": 0.5, "noisy_symmetric_weights": 1.0, "num_layers": 1.0, "tau_L": 13.0, "tau_s": 1.0, "update_feedback_weights": 0.0, "use_apical_conductance": 1.0, "use_broadcast": 1.0, "use_conductances": 1.0, "use_feedback_bias": 0.0, "use_sparse_feedback": 0.0, "use_spiking_feedback": 1.0, "use_spiking_feedforward": 0.0, "use_symmetric_weights": 0.0, "use_weight_optimization": 1.0}, "datetime": {"datetime": "2019-01-31 11:15:07", "elapsed": 125724.118883, "delta": 6697.429359}}
{"target": 0.1543984030625247, "params": {"E_E": 5.0, "E_I": -12.0, "b_etas": 0.01, "dt": 1.0, "f_etas": 0.5, "g_A": 0.1, "g_B": 0.9, "h_l_1": 30.0, "h_l_2": 500.0, "h_l_3": 30.0, "h_l_4": 500.0, "h_l_5": 500.0, "h_l_6": 500.0, "l_f_phase": 2.0, "l_f_phase_test": 100.0, "l_t_phase": 2.0, "lambda_max": 0.2, "noisy_symmetric_weights": 1.0, "num_layers": 1.0, "tau_L": 7.0, "tau_s": 1.0, "update_feedback_weights": 0.0, "use_apical_conductance": 1.0, "use_broadcast": 1.0, "use_conductances": 0.0, "use_feedback_bias": 0.0, "use_sparse_feedback": 0.0, "use_spiking_feedback": 1.0, "use_spiking_feedforward": 1.0, "use_symmetric_weights": 1.0, "use_weight_optimization": 1.0}, "datetime": {"datetime": "2019-01-31 11:54:28", "elapsed": 128084.797571, "delta": 2360.678688}}
{"target": 0.09861428647903354, "params": {"E_E": 12.0, "E_I": -12.0, "b_etas": 0.5, "dt": 0.1, "f_etas": 0.01, "g_A": 0.1, "g_B": 0.3, "h_l_1": 30.0, "h_l_2": 500.0, "h_l_3": 500.0, "h_l_4": 500.0, "h_l_5": 30.0, "h_l_6": 30.0, "l_f_phase": 50.0, "l_f_phase_test": 100.0, "l_t_phase": 50.0, "lambda_max": 0.5, "noisy_symmetric_weights": 0.0, "num_layers": 6.0, "tau_L": 13.0, "tau_s": 1.0, "update_feedback_weights": 1.0, "use_apical_conductance": 0.0, "use_broadcast": 0.0, "use_conductances": 0.0, "use_feedback_bias": 1.0, "use_sparse_feedback": 1.0, "use_spiking_feedback": 1.0, "use_spiking_feedforward": 0.0, "use_symmetric_weights": 0.0, "use_weight_optimization": 1.0}, "datetime": {"datetime": "2019-02-02 06:32:10", "elapsed": 281546.877203, "delta": 153462.079632}}
{"target": 0.10022850160257761, "params": {"E_E": 5.0, "E_I": -5.0, "b_etas": 0.5, "dt": 1.0, "f_etas": 0.5, "g_A": 0.1, "g_B": 0.9, "h_l_1": 30.0, "h_l_2": 30.0, "h_l_3": 30.0, "h_l_4": 500.0, "h_l_5": 30.0, "h_l_6": 30.0, "l_f_phase": 2.0, "l_f_phase_test": 50.0, "l_t_phase": 2.0, "lambda_max": 0.5, "noisy_symmetric_weights": 1.0, "num_layers": 6.0, "tau_L": 7.0, "tau_s": 5.0, "update_feedback_weights": 1.0, "use_apical_conductance": 1.0, "use_broadcast": 1.0, "use_conductances": 1.0, "use_feedback_bias": 1.0, "use_sparse_feedback": 1.0, "use_spiking_feedback": 1.0, "use_spiking_feedforward": 1.0, "use_symmetric_weights": 1.0, "use_weight_optimization": 1.0}, "datetime": {"datetime": "2019-02-02 10:02:24", "elapsed": 294160.949398, "delta": 12614.072195}}
{"target": 0.9070286807084801, "params": {"E_E": 12.0, "E_I": -5.0, "b_etas": 0.01, "dt": 1.0, "f_etas": 0.01, "g_A": 0.02, "g_B": 0.9, "h_l_1": 500.0, "h_l_2": 500.0, "h_l_3": 30.0, "h_l_4": 500.0, "h_l_5": 500.0, "h_l_6": 30.0, "l_f_phase": 50.0, "l_f_phase_test": 50.0, "l_t_phase": 50.0, "lambda_max": 0.2, "noisy_symmetric_weights": 0.0, "num_layers": 1.0, "tau_L": 13.0, "tau_s": 5.0, "update_feedback_weights": 1.0, "use_apical_conductance": 0.0, "use_broadcast": 0.0, "use_conductances": 0.0, "use_feedback_bias": 1.0, "use_sparse_feedback": 0.0, "use_spiking_feedback": 0.0, "use_spiking_feedforward": 0.0, "use_symmetric_weights": 1.0, "use_weight_optimization": 0.0}, "datetime": {"datetime": "2019-02-02 20:57:40", "elapsed": 333477.563437, "delta": 39316.614039}}
{"target": 0.10400052223498917, "params": {"E_E": 12.0, "E_I": -5.0, "b_etas": 0.5, "dt": 1.0, "f_etas": 0.01, "g_A": 0.02, "g_B": 0.9, "h_l_1": 30.0, "h_l_2": 500.0, "h_l_3": 30.0, "h_l_4": 30.0, "h_l_5": 500.0, "h_l_6": 30.0, "l_f_phase": 50.0, "l_f_phase_test": 50.0, "l_t_phase": 50.0, "lambda_max": 0.5, "noisy_symmetric_weights": 0.0, "num_layers": 6.0, "tau_L": 13.0, "tau_s": 5.0, "update_feedback_weights": 1.0, "use_apical_conductance": 0.0, "use_broadcast": 0.0, "use_conductances": 0.0, "use_feedback_bias": 1.0, "use_sparse_feedback": 1.0, "use_spiking_feedback": 0.0, "use_spiking_feedforward": 1.0, "use_symmetric_weights": 0.0, "use_weight_optimization": 0.0}, "datetime": {"datetime": "2019-02-04 03:42:06", "elapsed": 444143.092894, "delta": 110665.529457}}
{"target": 0.9057142941713713, "params": {"E_E": 5.0, "E_I": -12.0, "b_etas": 0.01, "dt": 1.0, "f_etas": 0.01, "g_A": 0.02, "g_B": 0.3, "h_l_1": 500.0, "h_l_2": 30.0, "h_l_3": 500.0, "h_l_4": 500.0, "h_l_5": 500.0, "h_l_6": 30.0, "l_f_phase": 2.0, "l_f_phase_test": 100.0, "l_t_phase": 2.0, "lambda_max": 0.2, "noisy_symmetric_weights": 1.0, "num_layers": 1.0, "tau_L": 13.0, "tau_s": 1.0, "update_feedback_weights": 0.0, "use_apical_conductance": 0.0, "use_broadcast": 0.0, "use_conductances": 0.0, "use_feedback_bias": 0.0, "use_sparse_feedback": 0.0, "use_spiking_feedback": 0.0, "use_spiking_feedforward": 0.0, "use_symmetric_weights": 0.0, "use_weight_optimization": 0.0}, "datetime": {"datetime": "2019-02-04 05:26:55", "elapsed": 450432.430007, "delta": 6289.337113}}
{"target": 0.11252857087262014, "params": {"E_E": 5.0, "E_I": -12.0, "b_etas": 0.01, "dt": 0.1, "f_etas": 0.01, "g_A": 0.02, "g_B": 0.3, "h_l_1": 500.0, "h_l_2": 30.0, "h_l_3": 30.0, "h_l_4": 500.0, "h_l_5": 500.0, "h_l_6": 30.0, "l_f_phase": 2.0, "l_f_phase_test": 100.0, "l_t_phase": 2.0, "lambda_max": 0.2, "noisy_symmetric_weights": 0.0, "num_layers": 1.0, "tau_L": 13.0, "tau_s": 1.0, "update_feedback_weights": 0.0, "use_apical_conductance": 0.0, "use_broadcast": 0.0, "use_conductances": 0.0, "use_feedback_bias": 0.0, "use_sparse_feedback": 0.0, "use_spiking_feedback": 0.0, "use_spiking_feedforward": 0.0, "use_symmetric_weights": 0.0, "use_weight_optimization": 0.0}, "datetime": {"datetime": "2019-02-04 07:16:44", "elapsed": 457021.213219, "delta": 6588.783212}}
{"target": 0.4722717493451773, "params": {"E_E": 5.0, "E_I": -5.0, "b_etas": 0.01, "dt": 1.0, "f_etas": 0.5, "g_A": 0.02, "g_B": 0.3, "h_l_1": 500.0, "h_l_2": 500.0, "h_l_3": 500.0, "h_l_4": 500.0, "h_l_5": 500.0, "h_l_6": 30.0, "l_f_phase": 2.0, "l_f_phase_test": 50.0, "l_t_phase": 2.0, "lambda_max": 0.5, "noisy_symmetric_weights": 1.0, "num_layers": 1.0, "tau_L": 7.0, "tau_s": 5.0, "update_feedback_weights": 0.0, "use_apical_conductance": 0.0, "use_broadcast": 1.0, "use_conductances": 1.0, "use_feedback_bias": 0.0, "use_sparse_feedback": 0.0, "use_spiking_feedback": 0.0, "use_spiking_feedforward": 0.0, "use_symmetric_weights": 1.0, "use_weight_optimization": 0.0}, "datetime": {"datetime": "2019-02-04 08:54:08", "elapsed": 462864.780392, "delta": 5843.567173}}
{"target": 0.11252857087262014, "params": {"E_E": 12.0, "E_I": -12.0, "b_etas": 0.5, "dt": 0.1, "f_etas": 0.01, "g_A": 0.02, "g_B": 0.9, "h_l_1": 500.0, "h_l_2": 30.0, "h_l_3": 500.0, "h_l_4": 30.0, "h_l_5": 500.0, "h_l_6": 30.0, "l_f_phase": 50.0, "l_f_phase_test": 100.0, "l_t_phase": 50.0, "lambda_max": 0.2, "noisy_symmetric_weights": 0.0, "num_layers": 1.0, "tau_L": 13.0, "tau_s": 1.0, "update_feedback_weights": 0.0, "use_apical_conductance": 1.0, "use_broadcast": 0.0, "use_conductances": 0.0, "use_feedback_bias": 0.0, "use_sparse_feedback": 0.0, "use_spiking_feedback": 1.0, "use_spiking_feedforward": 0.0, "use_symmetric_weights": 0.0, "use_weight_optimization": 0.0}, "datetime": {"datetime": "2019-02-04 21:03:07", "elapsed": 506604.326924, "delta": 43739.546532}}
{"target": 0.9060714690669721, "params": {"E_E": 12.0, "E_I": -5.0, "b_etas": 0.01, "dt": 1.0, "f_etas": 0.01, "g_A": 0.02, "g_B": 0.3, "h_l_1": 500.0, "h_l_2": 500.0, "h_l_3": 30.0, "h_l_4": 500.0, "h_l_5": 30.0, "h_l_6": 30.0, "l_f_phase": 50.0, "l_f_phase_test": 50.0, "l_t_phase": 50.0, "lambda_max": 0.2, "noisy_symmetric_weights": 0.0, "num_layers": 1.0, "tau_L": 7.0, "tau_s": 5.0, "update_feedback_weights": 1.0, "use_apical_conductance": 0.0, "use_broadcast": 0.0, "use_conductances": 0.0, "use_feedback_bias": 0.0, "use_sparse_feedback": 0.0, "use_spiking_feedback": 0.0, "use_spiking_feedforward": 0.0, "use_symmetric_weights": 1.0, "use_weight_optimization": 0.0}, "datetime": {"datetime": "2019-02-05 07:52:53", "elapsed": 545590.02748, "delta": 38985.700556}}
{"target": 0.10829993903502251, "params": {"E_E": 5.0, "E_I": -5.0, "b_etas": 0.01, "dt": 1.0, "f_etas": 0.01, "g_A": 0.1, "g_B": 0.9, "h_l_1": 30.0, "h_l_2": 30.0, "h_l_3": 500.0, "h_l_4": 500.0, "h_l_5": 500.0, "h_l_6": 500.0, "l_f_phase": 50.0, "l_f_phase_test": 50.0, "l_t_phase": 50.0, "lambda_max": 0.2, "noisy_symmetric_weights": 0.0, "num_layers": 1.0, "tau_L": 13.0, "tau_s": 5.0, "update_feedback_weights": 1.0, "use_apical_conductance": 1.0, "use_broadcast": 0.0, "use_conductances": 1.0, "use_feedback_bias": 0.0, "use_sparse_feedback": 0.0, "use_spiking_feedback": 0.0, "use_spiking_feedforward": 1.0, "use_symmetric_weights": 1.0, "use_weight_optimization": 0.0}, "datetime": {"datetime": "2019-02-05 13:16:08", "elapsed": 564985.229589, "delta": 19395.202109}}
{"target": 0.11252857087262014, "params": {"E_E": 5.0, "E_I": -12.0, "b_etas": 0.01, "dt": 0.1, "f_etas": 0.01, "g_A": 0.02, "g_B": 0.3, "h_l_1": 500.0, "h_l_2": 30.0, "h_l_3": 500.0, "h_l_4": 500.0, "h_l_5": 30.0, "h_l_6": 30.0, "l_f_phase": 50.0, "l_f_phase_test": 50.0, "l_t_phase": 2.0, "lambda_max": 0.2, "noisy_symmetric_weights": 1.0, "num_layers": 1.0, "tau_L": 13.0, "tau_s": 5.0, "update_feedback_weights": 1.0, "use_apical_conductance": 1.0, "use_broadcast": 1.0, "use_conductances": 0.0, "use_feedback_bias": 0.0, "use_sparse_feedback": 0.0, "use_spiking_feedback": 0.0, "use_spiking_feedforward": 0.0, "use_symmetric_weights": 0.0, "use_weight_optimization": 0.0}, "datetime": {"datetime": "2019-02-05 19:43:56", "elapsed": 588253.592972, "delta": 23268.363383}}
{"target": 0.9047714682425699, "params": {"E_E": 5.0, "E_I": -5.0, "b_etas": 0.01, "dt": 1.0, "f_etas": 0.01, "g_A": 0.02, "g_B": 0.3, "h_l_1": 500.0, "h_l_2": 500.0, "h_l_3": 30.0, "h_l_4": 500.0, "h_l_5": 30.0, "h_l_6": 500.0, "l_f_phase": 50.0, "l_f_phase_test": 100.0, "l_t_phase": 50.0, "lambda_max": 0.2, "noisy_symmetric_weights": 0.0, "num_layers": 1.0, "tau_L": 13.0, "tau_s": 1.0, "update_feedback_weights": 0.0, "use_apical_conductance": 0.0, "use_broadcast": 0.0, "use_conductances": 0.0, "use_feedback_bias": 1.0, "use_sparse_feedback": 0.0, "use_spiking_feedback": 0.0, "use_spiking_feedforward": 0.0, "use_symmetric_weights": 0.0, "use_weight_optimization": 0.0}, "datetime": {"datetime": "2019-02-06 07:05:09", "elapsed": 629126.580248, "delta": 40872.987276}}
{"target": 0.5276840555686001, "params": {"E_E": 12.0, "E_I": -5.0, "b_etas": 0.01, "dt": 1.0, "f_etas": 0.01, "g_A": 0.02, "g_B": 0.9, "h_l_1": 30.0, "h_l_2": 500.0, "h_l_3": 30.0, "h_l_4": 500.0, "h_l_5": 30.0, "h_l_6": 500.0, "l_f_phase": 50.0, "l_f_phase_test": 50.0, "l_t_phase": 50.0, "lambda_max": 0.2, "noisy_symmetric_weights": 1.0, "num_layers": 1.0, "tau_L": 13.0, "tau_s": 5.0, "update_feedback_weights": 1.0, "use_apical_conductance": 0.0, "use_broadcast": 0.0, "use_conductances": 1.0, "use_feedback_bias": 1.0, "use_sparse_feedback": 1.0, "use_spiking_feedback": 0.0, "use_spiking_feedforward": 0.0, "use_symmetric_weights": 1.0, "use_weight_optimization": 0.0}, "datetime": {"datetime": "2019-02-06 12:24:37", "elapsed": 648294.588743, "delta": 19168.008495}}
{"target": 0.10488539634408993, "params": {"E_E": 12.0, "E_I": -5.0, "b_etas": 0.5, "dt": 1.0, "f_etas": 0.01, "g_A": 0.1, "g_B": 0.3, "h_l_1": 500.0, "h_l_2": 500.0, "h_l_3": 30.0, "h_l_4": 500.0, "h_l_5": 500.0, "h_l_6": 500.0, "l_f_phase": 50.0, "l_f_phase_test": 50.0, "l_t_phase": 50.0, "lambda_max": 0.2, "noisy_symmetric_weights": 1.0, "num_layers": 1.0, "tau_L": 13.0, "tau_s": 5.0, "update_feedback_weights": 1.0, "use_apical_conductance": 0.0, "use_broadcast": 1.0, "use_conductances": 1.0, "use_feedback_bias": 0.0, "use_sparse_feedback": 0.0, "use_spiking_feedback": 1.0, "use_spiking_feedforward": 1.0, "use_symmetric_weights": 0.0, "use_weight_optimization": 1.0}, "datetime": {"datetime": "2019-02-07 00:19:59", "elapsed": 691216.471984, "delta": 42921.883241}}
{"target": 0.11252857087262014, "params": {"E_E": 12.0, "E_I": -5.0, "b_etas": 0.01, "dt": 0.1, "f_etas": 0.01, "g_A": 0.02, "g_B": 0.3, "h_l_1": 30.0, "h_l_2": 500.0, "h_l_3": 30.0, "h_l_4": 500.0, "h_l_5": 500.0, "h_l_6": 30.0, "l_f_phase": 50.0, "l_f_phase_test": 100.0, "l_t_phase": 50.0, "lambda_max": 0.2, "noisy_symmetric_weights": 0.0, "num_layers": 1.0, "tau_L": 13.0, "tau_s": 1.0, "update_feedback_weights": 1.0, "use_apical_conductance": 0.0, "use_broadcast": 0.0, "use_conductances": 0.0, "use_feedback_bias": 1.0, "use_sparse_feedback": 0.0, "use_spiking_feedback": 0.0, "use_spiking_feedforward": 0.0, "use_symmetric_weights": 0.0, "use_weight_optimization": 0.0}, "datetime": {"datetime": "2019-02-07 05:54:23", "elapsed": 711279.795343, "delta": 20063.323359}}
{"target": 0.9303570976208361, "params": {"E_E": 5.0, "E_I": -12.0, "b_etas": 0.01, "dt": 1.0, "f_etas": 0.5, "g_A": 0.02, "g_B": 0.3, "h_l_1": 30.0, "h_l_2": 500.0, "h_l_3": 30.0, "h_l_4": 30.0, "h_l_5": 30.0, "h_l_6": 500.0, "l_f_phase": 2.0, "l_f_phase_test": 100.0, "l_t_phase": 2.0, "lambda_max": 0.2, "noisy_symmetric_weights": 0.0, "num_layers": 1.0, "tau_L": 7.0, "tau_s": 1.0, "update_feedback_weights": 0.0, "use_apical_conductance": 0.0, "use_broadcast": 0.0, "use_conductances": 0.0, "use_feedback_bias": 0.0, "use_sparse_feedback": 0.0, "use_spiking_feedback": 0.0, "use_spiking_feedforward": 0.0, "use_symmetric_weights": 1.0, "use_weight_optimization": 0.0}, "datetime": {"datetime": "2019-02-07 06:31:14", "elapsed": 713491.249429, "delta": 2211.454086}}
{"target": 0.9155143050603406, "params": {"E_E": 5.0, "E_I": -12.0, "b_etas": 0.01, "dt": 1.0, "f_etas": 0.01, "g_A": 0.02, "g_B": 0.9, "h_l_1": 30.0, "h_l_2": 500.0, "h_l_3": 500.0, "h_l_4": 30.0, "h_l_5": 30.0, "h_l_6": 500.0, "l_f_phase": 2.0, "l_f_phase_test": 100.0, "l_t_phase": 2.0, "lambda_max": 0.2, "noisy_symmetric_weights": 0.0, "num_layers": 1.0, "tau_L": 7.0, "tau_s": 1.0, "update_feedback_weights": 0.0, "use_apical_conductance": 0.0, "use_broadcast": 1.0, "use_conductances": 0.0, "use_feedback_bias": 0.0, "use_sparse_feedback": 0.0, "use_spiking_feedback": 0.0, "use_spiking_feedforward": 0.0, "use_symmetric_weights": 1.0, "use_weight_optimization": 0.0}, "datetime": {"datetime": "2019-02-07 07:09:17", "elapsed": 715774.542035, "delta": 2283.292606}}
{"target": 0.9095288670543097, "params": {"E_E": 5.0, "E_I": -12.0, "b_etas": 0.01, "dt": 1.0, "f_etas": 0.01, "g_A": 0.02, "g_B": 0.3, "h_l_1": 30.0, "h_l_2": 30.0, "h_l_3": 500.0, "h_l_4": 30.0, "h_l_5": 30.0, "h_l_6": 500.0, "l_f_phase": 2.0, "l_f_phase_test": 100.0, "l_t_phase": 2.0, "lambda_max": 0.2, "noisy_symmetric_weights": 0.0, "num_layers": 1.0, "tau_L": 7.0, "tau_s": 1.0, "update_feedback_weights": 0.0, "use_apical_conductance": 0.0, "use_broadcast": 0.0, "use_conductances": 0.0, "use_feedback_bias": 0.0, "use_sparse_feedback": 0.0, "use_spiking_feedback": 0.0, "use_spiking_feedforward": 0.0, "use_symmetric_weights": 1.0, "use_weight_optimization": 0.0}, "datetime": {"datetime": "2019-02-07 07:45:59", "elapsed": 717975.903755, "delta": 2201.36172}}
{"target": 0.9294856633298098, "params": {"E_E": 5.0, "E_I": -12.0, "b_etas": 0.01, "dt": 1.0, "f_etas": 0.01, "g_A": 0.02, "g_B": 0.9, "h_l_1": 30.0, "h_l_2": 30.0, "h_l_3": 30.0, "h_l_4": 30.0, "h_l_5": 30.0, "h_l_6": 500.0, "l_f_phase": 2.0, "l_f_phase_test": 100.0, "l_t_phase": 2.0, "lambda_max": 0.5, "noisy_symmetric_weights": 1.0, "num_layers": 1.0, "tau_L": 7.0, "tau_s": 1.0, "update_feedback_weights": 0.0, "use_apical_conductance": 1.0, "use_broadcast": 1.0, "use_conductances": 0.0, "use_feedback_bias": 0.0, "use_sparse_feedback": 0.0, "use_spiking_feedback": 0.0, "use_spiking_feedforward": 0.0, "use_symmetric_weights": 1.0, "use_weight_optimization": 0.0}, "datetime": {"datetime": "2019-02-07 08:24:07", "elapsed": 720263.82428, "delta": 2287.920525}}
{"target": 0.9073287437701861, "params": {"E_E": 5.0, "E_I": -12.0, "b_etas": 0.01, "dt": 1.0, "f_etas": 0.5, "g_A": 0.02, "g_B": 0.3, "h_l_1": 30.0, "h_l_2": 30.0, "h_l_3": 500.0, "h_l_4": 30.0, "h_l_5": 500.0, "h_l_6": 500.0, "l_f_phase": 2.0, "l_f_phase_test": 100.0, "l_t_phase": 2.0, "lambda_max": 0.5, "noisy_symmetric_weights": 1.0, "num_layers": 1.0, "tau_L": 7.0, "tau_s": 1.0, "update_feedback_weights": 0.0, "use_apical_conductance": 0.0, "use_broadcast": 1.0, "use_conductances": 0.0, "use_feedback_bias": 1.0, "use_sparse_feedback": 0.0, "use_spiking_feedback": 0.0, "use_spiking_feedforward": 0.0, "use_symmetric_weights": 1.0, "use_weight_optimization": 0.0}, "datetime": {"datetime": "2019-02-07 09:02:28", "elapsed": 722564.881944, "delta": 2301.057664}}
{"target": 0.9036857617010133, "params": {"E_E": 5.0, "E_I": -12.0, "b_etas": 0.01, "dt": 1.0, "f_etas": 0.01, "g_A": 0.02, "g_B": 0.3, "h_l_1": 30.0, "h_l_2": 500.0, "h_l_3": 500.0, "h_l_4": 30.0, "h_l_5": 500.0, "h_l_6": 500.0, "l_f_phase": 2.0, "l_f_phase_test": 100.0, "l_t_phase": 2.0, "lambda_max": 0.2, "noisy_symmetric_weights": 0.0, "num_layers": 1.0, "tau_L": 7.0, "tau_s": 1.0, "update_feedback_weights": 0.0, "use_apical_conductance": 1.0, "use_broadcast": 0.0, "use_conductances": 0.0, "use_feedback_bias": 1.0, "use_sparse_feedback": 0.0, "use_spiking_feedback": 0.0, "use_spiking_feedforward": 0.0, "use_symmetric_weights": 1.0, "use_weight_optimization": 0.0}, "datetime": {"datetime": "2019-02-07 09:39:30", "elapsed": 724786.800347, "delta": 2221.918403}}
{"target": 0.9295285418902445, "params": {"E_E": 5.0, "E_I": -12.0, "b_etas": 0.01, "dt": 1.0, "f_etas": 0.5, "g_A": 0.02, "g_B": 0.3, "h_l_1": 30.0, "h_l_2": 30.0, "h_l_3": 30.0, "h_l_4": 30.0, "h_l_5": 500.0, "h_l_6": 500.0, "l_f_phase": 2.0, "l_f_phase_test": 100.0, "l_t_phase": 2.0, "lambda_max": 0.2, "noisy_symmetric_weights": 0.0, "num_layers": 1.0, "tau_L": 7.0, "tau_s": 1.0, "update_feedback_weights": 0.0, "use_apical_conductance": 0.0, "use_broadcast": 0.0, "use_conductances": 0.0, "use_feedback_bias": 1.0, "use_sparse_feedback": 0.0, "use_spiking_feedback": 0.0, "use_spiking_feedforward": 0.0, "use_symmetric_weights": 1.0, "use_weight_optimization": 0.0}, "datetime": {"datetime": "2019-02-07 10:16:18", "elapsed": 726994.727113, "delta": 2207.926766}}
{"target": 0.1008715111951769, "params": {"E_E": 5.0, "E_I": -5.0, "b_etas": 0.5, "dt": 1.0, "f_etas": 0.5, "g_A": 0.02, "g_B": 0.9, "h_l_1": 30.0, "h_l_2": 259.0, "h_l_3": 258.0, "h_l_4": 30.0, "h_l_5": 267.0, "h_l_6": 500.0, "l_f_phase": 2.0, "l_f_phase_test": 100.0, "l_t_phase": 2.0, "lambda_max": 0.5, "noisy_symmetric_weights": 1.0, "num_layers": 6.0, "tau_L": 13.0, "tau_s": 1.0, "update_feedback_weights": 0.0, "use_apical_conductance": 1.0, "use_broadcast": 1.0, "use_conductances": 1.0, "use_feedback_bias": 1.0, "use_sparse_feedback": 1.0, "use_spiking_feedback": 1.0, "use_spiking_feedforward": 1.0, "use_symmetric_weights": 1.0, "use_weight_optimization": 1.0}, "datetime": {"datetime": "2019-02-07 19:47:34", "elapsed": 761271.454005, "delta": 34276.726892}}
