{"target": 0.14996666666666666, "params": {"E_E": 7.9191540329180174, "E_I": -6.957728545904893, "b_etas": 0.010056043660498995, "dt": 0.3720993153686558, "f_etas": 0.08191038650038539, "g_A": 0.027387087581503825, "g_B": 0.41175612682660256, "h_l_1": 192.0, "h_l_2": 216.0, "h_l_3": 283.0, "h_l_4": 227.0, "h_l_5": 352.0, "h_l_6": 126.0, "l_f_phase": 44.0, "l_f_phase_test": 51.0, "l_t_phase": 34.0, "lambda_max": 0.32519144071013806, "noisy_symmetric_weights": 1.0, "num_layers": 2.0, "tau_L": 8.188608934509272, "tau_s": 4.202978274702147, "update_feedback_weights": 1.0, "use_apical_conductance": 0.0, "use_broadcast": 1.0, "use_conductances": 1.0, "use_feedback_bias": 1.0, "use_sparse_feedback": 0.0, "use_spiking_feedback": 0.0, "use_spiking_feedforward": 0.0, "use_symmetric_weights": 1.0, "use_weight_optimization": 0.0}, "datetime": {"datetime": "2019-01-30 03:37:32", "elapsed": 0.0, "delta": 0.0}}
{"target": 0.1006499999999999, "params": {"E_E": 10.968620668046874, "E_I": -8.6953338014614, "b_etas": 0.43425272727497377, "dt": 0.12672981118568408, "f_etas": 0.16961777374953665, "g_A": 0.021260054095266403, "g_B": 0.7274398549614876, "h_l_1": 415.0, "h_l_2": 228.0, "h_l_3": 313.0, "h_l_4": 266.0, "h_l_5": 250.0, "h_l_6": 460.0, "l_f_phase": 34.0, "l_f_phase_test": 61.0, "l_t_phase": 42.0, "lambda_max": 0.21640767730794547, "noisy_symmetric_weights": 0.0, "num_layers": 5.0, "tau_L": 12.484069933122015, "tau_s": 3.9946613124260106, "update_feedback_weights": 1.0, "use_apical_conductance": 0.0, "use_broadcast": 0.0, "use_conductances": 0.0, "use_feedback_bias": 1.0, "use_sparse_feedback": 1.0, "use_spiking_feedback": 0.0, "use_spiking_feedforward": 1.0, "use_symmetric_weights": 0.0, "use_weight_optimization": 0.0}, "datetime": {"datetime": "2019-01-31 15:54:10", "elapsed": 130597.907229, "delta": 130597.907229}}
{"target": 0.09999999999999998, "params": {"E_E": 5.0, "E_I": -12.0, "b_etas": 0.01, "dt": 0.1, "f_etas": 0.01, "g_A": 0.1, "g_B": 0.9, "h_l_1": 30.0, "h_l_2": 500.0, "h_l_3": 30.0, "h_l_4": 500.0, "h_l_5": 30.0, "h_l_6": 30.0, "l_f_phase": 2.0, "l_f_phase_test": 100.0, "l_t_phase": 2.0, "lambda_max": 0.2, "noisy_symmetric_weights": 1.0, "num_layers": 1.0, "tau_L": 7.0, "tau_s": 1.0, "update_feedback_weights": 1.0, "use_apical_conductance": 0.0, "use_broadcast": 1.0, "use_conductances": 0.0, "use_feedback_bias": 1.0, "use_sparse_feedback": 0.0, "use_spiking_feedback": 0.0, "use_spiking_feedforward": 0.0, "use_symmetric_weights": 0.0, "use_weight_optimization": 0.0}, "datetime": {"datetime": "2019-01-31 17:03:43", "elapsed": 134771.399572, "delta": 4173.492343}}
{"target": 0.09999999999999998, "params": {"E_E": 5.0, "E_I": -12.0, "b_etas": 0.4999999999999133, "dt": 1.0, "f_etas": 0.4999999999997128, "g_A": 0.09999999999980072, "g_B": 0.3, "h_l_1": 30.0, "h_l_2": 442.0, "h_l_3": 478.0, "h_l_4": 30.0, "h_l_5": 500.0, "h_l_6": 500.0, "l_f_phase": 48.0, "l_f_phase_test": 50.0, "l_t_phase": 39.0, "lambda_max": 0.49999999999991246, "noisy_symmetric_weights": 1.0, "num_layers": 1.0, "tau_L": 7.0, "tau_s": 4.999999999999876, "update_feedback_weights": 1.0, "use_apical_conductance": 0.0, "use_broadcast": 1.0, "use_conductances": 0.0, "use_feedback_bias": 1.0, "use_sparse_feedback": 1.0, "use_spiking_feedback": 0.0, "use_spiking_feedforward": 0.0, "use_symmetric_weights": 0.0, "use_weight_optimization": 0.0}, "datetime": {"datetime": "2019-02-01 01:04:33", "elapsed": 163620.941907, "delta": 28849.542335}}
{"target": 0.2782666666666667, "params": {"E_E": 11.123274687243041, "E_I": -8.557194374839577, "b_etas": 0.185624565383593, "dt": 0.5888494240354474, "f_etas": 0.2985016563966513, "g_A": 0.08416114672924906, "g_B": 0.7185916461399515, "h_l_1": 493.0, "h_l_2": 359.0, "h_l_3": 35.0, "h_l_4": 41.0, "h_l_5": 471.0, "h_l_6": 63.0, "l_f_phase": 4.0, "l_f_phase_test": 56.0, "l_t_phase": 42.0, "lambda_max": 0.27357143773436254, "noisy_symmetric_weights": 1.0, "num_layers": 3.0, "tau_L": 12.174954124197178, "tau_s": 3.266985355556067, "update_feedback_weights": 0.0, "use_apical_conductance": 0.0, "use_broadcast": 1.0, "use_conductances": 0.0, "use_feedback_bias": 0.0, "use_sparse_feedback": 0.0, "use_spiking_feedback": 1.0, "use_spiking_feedforward": 0.0, "use_symmetric_weights": 0.0, "use_weight_optimization": 1.0}, "datetime": {"datetime": "2019-02-01 13:53:01", "elapsed": 209729.166603, "delta": 46108.224696}}
{"target": 0.09999999999999998, "params": {"E_E": 12.0, "E_I": -5.0, "b_etas": 0.010000002233174656, "dt": 0.10000004080764563, "f_etas": 0.010000033065420882, "g_A": 0.02, "g_B": 0.9, "h_l_1": 500.0, "h_l_2": 500.0, "h_l_3": 500.0, "h_l_4": 30.0, "h_l_5": 30.0, "h_l_6": 30.0, "l_f_phase": 2.0, "l_f_phase_test": 50.0, "l_t_phase": 2.0, "lambda_max": 0.5, "noisy_symmetric_weights": 0.0, "num_layers": 6.0, "tau_L": 13.0, "tau_s": 5.0, "update_feedback_weights": 1.0, "use_apical_conductance": 0.0, "use_broadcast": 1.0, "use_conductances": 1.0, "use_feedback_bias": 0.0, "use_sparse_feedback": 0.0, "use_spiking_feedback": 0.0, "use_spiking_feedforward": 0.0, "use_symmetric_weights": 0.0, "use_weight_optimization": 0.0}, "datetime": {"datetime": "2019-02-01 20:12:55", "elapsed": 232522.980741, "delta": 22793.814138}}
{"target": 0.1004833333333333, "params": {"E_E": 12.0, "E_I": -5.0, "b_etas": 0.5, "dt": 0.10000000738577713, "f_etas": 0.5, "g_A": 0.1, "g_B": 0.9, "h_l_1": 500.0, "h_l_2": 500.0, "h_l_3": 30.0, "h_l_4": 500.0, "h_l_5": 500.0, "h_l_6": 30.0, "l_f_phase": 50.0, "l_f_phase_test": 68.0, "l_t_phase": 50.0, "lambda_max": 0.499999999999127, "noisy_symmetric_weights": 1.0, "num_layers": 5.0, "tau_L": 11.28970391562516, "tau_s": 1.254522618338997, "update_feedback_weights": 1.0, "use_apical_conductance": 0.0, "use_broadcast": 1.0, "use_conductances": 1.0, "use_feedback_bias": 1.0, "use_sparse_feedback": 0.0, "use_spiking_feedback": 0.0, "use_spiking_feedforward": 1.0, "use_symmetric_weights": 0.0, "use_weight_optimization": 1.0}, "datetime": {"datetime": "2019-02-03 17:19:54", "elapsed": 394942.012231, "delta": 162419.03149}}
{"target": 0.09951666666666663, "params": {"E_E": 12.0, "E_I": -11.999999998432767, "b_etas": 0.5, "dt": 0.1, "f_etas": 0.5, "g_A": 0.020000000048172793, "g_B": 0.3000000001088728, "h_l_1": 30.0, "h_l_2": 30.0, "h_l_3": 30.0, "h_l_4": 30.0, "h_l_5": 500.0, "h_l_6": 246.0, "l_f_phase": 2.0, "l_f_phase_test": 100.0, "l_t_phase": 2.0, "lambda_max": 0.5, "noisy_symmetric_weights": 0.0, "num_layers": 1.0, "tau_L": 13.0, "tau_s": 5.0, "update_feedback_weights": 1.0, "use_apical_conductance": 1.0, "use_broadcast": 1.0, "use_conductances": 0.0, "use_feedback_bias": 1.0, "use_sparse_feedback": 0.0, "use_spiking_feedback": 0.0, "use_spiking_feedforward": 1.0, "use_symmetric_weights": 0.0, "use_weight_optimization": 1.0}, "datetime": {"datetime": "2019-02-03 19:14:23", "elapsed": 401810.906076, "delta": 6868.893845}}
{"target": 0.13396666666666668, "params": {"E_E": 5.0, "E_I": -12.0, "b_etas": 0.4999907602878392, "dt": 1.0, "f_etas": 0.5, "g_A": 0.09999899037735137, "g_B": 0.6664960093977302, "h_l_1": 500.0, "h_l_2": 30.0, "h_l_3": 30.0, "h_l_4": 30.0, "h_l_5": 30.0, "h_l_6": 30.0, "l_f_phase": 50.0, "l_f_phase_test": 50.0, "l_t_phase": 50.0, "lambda_max": 0.22913132398964775, "noisy_symmetric_weights": 1.0, "num_layers": 1.0, "tau_L": 7.0, "tau_s": 1.179382320318168, "update_feedback_weights": 1.0, "use_apical_conductance": 0.0, "use_broadcast": 1.0, "use_conductances": 1.0, "use_feedback_bias": 0.0, "use_sparse_feedback": 1.0, "use_spiking_feedback": 1.0, "use_spiking_feedforward": 0.0, "use_symmetric_weights": 1.0, "use_weight_optimization": 1.0}, "datetime": {"datetime": "2019-02-04 12:36:49", "elapsed": 464357.495987, "delta": 62546.589911}}
{"target": 0.20033333333333334, "params": {"E_E": 5.0, "E_I": -12.0, "b_etas": 0.3190874295124256, "dt": 0.5236877225030906, "f_etas": 0.01, "g_A": 0.04953145359702625, "g_B": 0.3, "h_l_1": 500.0, "h_l_2": 30.0, "h_l_3": 500.0, "h_l_4": 30.0, "h_l_5": 500.0, "h_l_6": 30.0, "l_f_phase": 2.0, "l_f_phase_test": 100.0, "l_t_phase": 50.0, "lambda_max": 0.20000000005531232, "noisy_symmetric_weights": 0.0, "num_layers": 1.0, "tau_L": 7.0, "tau_s": 1.0, "update_feedback_weights": 0.0, "use_apical_conductance": 0.0, "use_broadcast": 0.0, "use_conductances": 0.0, "use_feedback_bias": 1.0, "use_sparse_feedback": 0.0, "use_spiking_feedback": 1.0, "use_spiking_feedforward": 0.0, "use_symmetric_weights": 0.0, "use_weight_optimization": 1.0}, "datetime": {"datetime": "2019-02-04 22:59:57", "elapsed": 501745.199325, "delta": 37387.703338}}
{"target": 0.09999999999999998, "params": {"E_E": 5.0, "E_I": -9.087213251611459, "b_etas": 0.3140317745962425, "dt": 0.9999999976390066, "f_etas": 0.5, "g_A": 0.1, "g_B": 0.4322978132558795, "h_l_1": 30.0, "h_l_2": 500.0, "h_l_3": 30.0, "h_l_4": 30.0, "h_l_5": 500.0, "h_l_6": 30.0, "l_f_phase": 50.0, "l_f_phase_test": 100.0, "l_t_phase": 50.0, "lambda_max": 0.2, "noisy_symmetric_weights": 1.0, "num_layers": 6.0, "tau_L": 12.999999991823355, "tau_s": 2.060253463345046, "update_feedback_weights": 1.0, "use_apical_conductance": 1.0, "use_broadcast": 0.0, "use_conductances": 1.0, "use_feedback_bias": 1.0, "use_sparse_feedback": 0.0, "use_spiking_feedback": 1.0, "use_spiking_feedforward": 0.0, "use_symmetric_weights": 1.0, "use_weight_optimization": 1.0}, "datetime": {"datetime": "2019-02-06 11:42:19", "elapsed": 633887.103457, "delta": 132141.904132}}
{"target": 0.1334166666666667, "params": {"E_E": 5.0, "E_I": -12.0, "b_etas": 0.010000008787908963, "dt": 0.1, "f_etas": 0.5, "g_A": 0.1, "g_B": 0.8999999521058268, "h_l_1": 500.0, "h_l_2": 500.0, "h_l_3": 30.0, "h_l_4": 30.0, "h_l_5": 500.0, "h_l_6": 500.0, "l_f_phase": 2.0, "l_f_phase_test": 50.0, "l_t_phase": 2.0, "lambda_max": 0.200000059439811, "noisy_symmetric_weights": 1.0, "num_layers": 1.0, "tau_L": 7.0, "tau_s": 3.324392782630802, "update_feedback_weights": 1.0, "use_apical_conductance": 0.0, "use_broadcast": 1.0, "use_conductances": 0.0, "use_feedback_bias": 0.0, "use_sparse_feedback": 0.0, "use_spiking_feedback": 0.0, "use_spiking_feedforward": 0.0, "use_symmetric_weights": 0.0, "use_weight_optimization": 1.0}, "datetime": {"datetime": "2019-02-06 14:52:52", "elapsed": 645320.709588, "delta": 11433.606131}}
{"target": 0.3653666666666666, "params": {"E_E": 5.662639533445094, "E_I": -11.999999994213038, "b_etas": 0.010000008097735276, "dt": 0.666348727293102, "f_etas": 0.01, "g_A": 0.1, "g_B": 0.8691544098291262, "h_l_1": 30.0, "h_l_2": 30.0, "h_l_3": 500.0, "h_l_4": 500.0, "h_l_5": 30.0, "h_l_6": 500.0, "l_f_phase": 2.0, "l_f_phase_test": 50.0, "l_t_phase": 50.0, "lambda_max": 0.2, "noisy_symmetric_weights": 0.0, "num_layers": 1.0, "tau_L": 7.0, "tau_s": 5.0, "update_feedback_weights": 0.0, "use_apical_conductance": 1.0, "use_broadcast": 0.0, "use_conductances": 0.0, "use_feedback_bias": 0.0, "use_sparse_feedback": 0.0, "use_spiking_feedback": 0.0, "use_spiking_feedforward": 0.0, "use_symmetric_weights": 1.0, "use_weight_optimization": 1.0}, "datetime": {"datetime": "2019-02-06 19:26:16", "elapsed": 661723.847046, "delta": 16403.137458}}
{"target": 0.10038333333333331, "params": {"E_E": 8.901087067548987, "E_I": -5.000000000000252, "b_etas": 0.5, "dt": 0.3618041981154588, "f_etas": 0.5, "g_A": 0.09999999999999308, "g_B": 0.9, "h_l_1": 30.0, "h_l_2": 30.0, "h_l_3": 500.0, "h_l_4": 500.0, "h_l_5": 500.0, "h_l_6": 500.0, "l_f_phase": 2.0, "l_f_phase_test": 50.0, "l_t_phase": 2.0, "lambda_max": 0.5, "noisy_symmetric_weights": 1.0, "num_layers": 6.0, "tau_L": 12.99999999999871, "tau_s": 1.0, "update_feedback_weights": 1.0, "use_apical_conductance": 0.0, "use_broadcast": 1.0, "use_conductances": 1.0, "use_feedback_bias": 1.0, "use_sparse_feedback": 1.0, "use_spiking_feedback": 1.0, "use_spiking_feedforward": 1.0, "use_symmetric_weights": 1.0, "use_weight_optimization": 1.0}, "datetime": {"datetime": "2019-02-07 14:55:14", "elapsed": 731862.433475, "delta": 70138.586429}}
{"target": 0.1010833333333333, "params": {"E_E": 12.0, "E_I": -5.0, "b_etas": 0.5, "dt": 0.10000000087209245, "f_etas": 0.01, "g_A": 0.1, "g_B": 0.9, "h_l_1": 30.0, "h_l_2": 30.0, "h_l_3": 500.0, "h_l_4": 30.0, "h_l_5": 30.0, "h_l_6": 500.0, "l_f_phase": 2.0, "l_f_phase_test": 50.0, "l_t_phase": 50.0, "lambda_max": 0.20000000089107037, "noisy_symmetric_weights": 1.0, "num_layers": 2.0, "tau_L": 7.0, "tau_s": 5.0, "update_feedback_weights": 0.0, "use_apical_conductance": 0.0, "use_broadcast": 1.0, "use_conductances": 1.0, "use_feedback_bias": 1.0, "use_sparse_feedback": 1.0, "use_spiking_feedback": 1.0, "use_spiking_feedforward": 1.0, "use_symmetric_weights": 1.0, "use_weight_optimization": 1.0}, "datetime": {"datetime": "2019-02-08 01:27:51", "elapsed": 769819.449547, "delta": 37957.016072}}
{"target": 0.22368333333333332, "params": {"E_E": 5.0, "E_I": -12.0, "b_etas": 0.5, "dt": 0.10018875188546239, "f_etas": 0.4999471632739348, "g_A": 0.09986116540508388, "g_B": 0.30026692854163334, "h_l_1": 30.0, "h_l_2": 500.0, "h_l_3": 500.0, "h_l_4": 500.0, "h_l_5": 30.0, "h_l_6": 500.0, "l_f_phase": 2.0, "l_f_phase_test": 50.0, "l_t_phase": 50.0, "lambda_max": 0.499999999942197, "noisy_symmetric_weights": 1.0, "num_layers": 1.0, "tau_L": 7.0, "tau_s": 5.0, "update_feedback_weights": 0.0, "use_apical_conductance": 0.0, "use_broadcast": 0.0, "use_conductances": 0.0, "use_feedback_bias": 0.0, "use_sparse_feedback": 1.0, "use_spiking_feedback": 1.0, "use_spiking_feedforward": 0.0, "use_symmetric_weights": 1.0, "use_weight_optimization": 1.0}, "datetime": {"datetime": "2019-02-08 06:47:18", "elapsed": 788986.694904, "delta": 19167.245357}}
{"target": 0.09931666666666665, "params": {"E_E": 12.0, "E_I": -12.0, "b_etas": 0.5, "dt": 0.10000000381728676, "f_etas": 0.49999999990490246, "g_A": 0.1, "g_B": 0.9, "h_l_1": 30.0, "h_l_2": 30.0, "h_l_3": 500.0, "h_l_4": 500.0, "h_l_5": 30.0, "h_l_6": 30.0, "l_f_phase": 2.0, "l_f_phase_test": 100.0, "l_t_phase": 50.0, "lambda_max": 0.5, "noisy_symmetric_weights": 0.0, "num_layers": 1.0, "tau_L": 13.0, "tau_s": 4.999999997137147, "update_feedback_weights": 1.0, "use_apical_conductance": 1.0, "use_broadcast": 1.0, "use_conductances": 1.0, "use_feedback_bias": 1.0, "use_sparse_feedback": 1.0, "use_spiking_feedback": 1.0, "use_spiking_feedforward": 1.0, "use_symmetric_weights": 1.0, "use_weight_optimization": 1.0}, "datetime": {"datetime": "2019-02-08 16:42:34", "elapsed": 824702.567949, "delta": 35715.873045}}
{"target": 0.37123333333333336, "params": {"E_E": 5.0, "E_I": -12.0, "b_etas": 0.010000000188180135, "dt": 0.9999999997034588, "f_etas": 0.01, "g_A": 0.02, "g_B": 0.3, "h_l_1": 30.0, "h_l_2": 30.0, "h_l_3": 30.0, "h_l_4": 500.0, "h_l_5": 30.0, "h_l_6": 500.0, "l_f_phase": 50.0, "l_f_phase_test": 50.0, "l_t_phase": 50.0, "lambda_max": 0.20000000010551927, "noisy_symmetric_weights": 0.0, "num_layers": 1.0, "tau_L": 7.0, "tau_s": 4.9791379433680065, "update_feedback_weights": 0.0, "use_apical_conductance": 0.0, "use_broadcast": 0.0, "use_conductances": 0.0, "use_feedback_bias": 0.0, "use_sparse_feedback": 0.0, "use_spiking_feedback": 0.0, "use_spiking_feedforward": 0.0, "use_symmetric_weights": 0.0, "use_weight_optimization": 0.0}, "datetime": {"datetime": "2019-02-09 00:56:15", "elapsed": 854322.90723, "delta": 29620.339281}}
{"target": 0.16526666666666667, "params": {"E_E": 5.0, "E_I": -11.999999997534054, "b_etas": 0.5, "dt": 0.5585375129603526, "f_etas": 0.010000000109164058, "g_A": 0.02, "g_B": 0.9, "h_l_1": 500.0, "h_l_2": 30.0, "h_l_3": 30.0, "h_l_4": 500.0, "h_l_5": 30.0, "h_l_6": 500.0, "l_f_phase": 2.0, "l_f_phase_test": 50.0, "l_t_phase": 2.0, "lambda_max": 0.2, "noisy_symmetric_weights": 1.0, "num_layers": 1.0, "tau_L": 7.0, "tau_s": 5.0, "update_feedback_weights": 0.0, "use_apical_conductance": 1.0, "use_broadcast": 0.0, "use_conductances": 1.0, "use_feedback_bias": 1.0, "use_sparse_feedback": 0.0, "use_spiking_feedback": 1.0, "use_spiking_feedforward": 0.0, "use_symmetric_weights": 0.0, "use_weight_optimization": 1.0}, "datetime": {"datetime": "2019-02-09 04:00:39", "elapsed": 865387.626359, "delta": 11064.719129}}
{"target": 0.14031666666666667, "params": {"E_E": 5.042782588449819, "E_I": -5.539450475143613, "b_etas": 0.01, "dt": 0.9863623541360264, "f_etas": 0.04358611081045899, "g_A": 0.04304398840862519, "g_B": 0.8999999998979695, "h_l_1": 30.0, "h_l_2": 31.0, "h_l_3": 344.0, "h_l_4": 500.0, "h_l_5": 30.0, "h_l_6": 500.0, "l_f_phase": 50.0, "l_f_phase_test": 100.0, "l_t_phase": 2.0, "lambda_max": 0.48323027878421565, "noisy_symmetric_weights": 1.0, "num_layers": 2.0, "tau_L": 9.032215197656468, "tau_s": 5.0, "update_feedback_weights": 0.0, "use_apical_conductance": 1.0, "use_broadcast": 1.0, "use_conductances": 1.0, "use_feedback_bias": 1.0, "use_sparse_feedback": 0.0, "use_spiking_feedback": 0.0, "use_spiking_feedforward": 0.0, "use_symmetric_weights": 0.0, "use_weight_optimization": 0.0}, "datetime": {"datetime": "2019-02-09 10:02:23", "elapsed": 887091.436564, "delta": 21703.810205}}
{"target": 0.09999999999999998, "params": {"E_E": 5.0, "E_I": -12.0, "b_etas": 0.01, "dt": 0.1, "f_etas": 0.010000000102021823, "g_A": 0.02000000002125693, "g_B": 0.3, "h_l_1": 30.0, "h_l_2": 30.0, "h_l_3": 30.0, "h_l_4": 500.0, "h_l_5": 500.0, "h_l_6": 30.0, "l_f_phase": 2.0, "l_f_phase_test": 50.0, "l_t_phase": 50.0, "lambda_max": 0.2, "noisy_symmetric_weights": 0.0, "num_layers": 1.0, "tau_L": 7.0, "tau_s": 4.606303779776601, "update_feedback_weights": 0.0, "use_apical_conductance": 0.0, "use_broadcast": 0.0, "use_conductances": 0.0, "use_feedback_bias": 0.0, "use_sparse_feedback": 0.0, "use_spiking_feedback": 0.0, "use_spiking_feedforward": 0.0, "use_symmetric_weights": 1.0, "use_weight_optimization": 0.0}, "datetime": {"datetime": "2019-02-09 15:19:23", "elapsed": 906111.618396, "delta": 19020.181832}}
{"target": 0.3198, "params": {"E_E": 5.0, "E_I": -12.0, "b_etas": 0.49999999999551287, "dt": 0.1, "f_etas": 0.4999999999755288, "g_A": 0.1, "g_B": 0.3, "h_l_1": 500.0, "h_l_2": 500.0, "h_l_3": 500.0, "h_l_4": 30.0, "h_l_5": 500.0, "h_l_6": 30.0, "l_f_phase": 2.0, "l_f_phase_test": 50.0, "l_t_phase": 50.0, "lambda_max": 0.2, "noisy_symmetric_weights": 0.0, "num_layers": 1.0, "tau_L": 7.0, "tau_s": 5.0, "update_feedback_weights": 0.0, "use_apical_conductance": 1.0, "use_broadcast": 0.0, "use_conductances": 0.0, "use_feedback_bias": 1.0, "use_sparse_feedback": 0.0, "use_spiking_feedback": 0.0, "use_spiking_feedforward": 0.0, "use_symmetric_weights": 1.0, "use_weight_optimization": 1.0}, "datetime": {"datetime": "2019-02-10 02:10:34", "elapsed": 945182.73139, "delta": 39071.112994}}
{"target": 0.1189, "params": {"E_E": 12.0, "E_I": -12.0, "b_etas": 0.01, "dt": 1.0, "f_etas": 0.5, "g_A": 0.02, "g_B": 0.3, "h_l_1": 30.0, "h_l_2": 500.0, "h_l_3": 30.0, "h_l_4": 500.0, "h_l_5": 30.0, "h_l_6": 500.0, "l_f_phase": 2.0, "l_f_phase_test": 50.0, "l_t_phase": 50.0, "lambda_max": 0.5, "noisy_symmetric_weights": 0.0, "num_layers": 1.0, "tau_L": 7.0, "tau_s": 5.0, "update_feedback_weights": 1.0, "use_apical_conductance": 1.0, "use_broadcast": 0.0, "use_conductances": 0.0, "use_feedback_bias": 0.0, "use_sparse_feedback": 1.0, "use_spiking_feedback": 0.0, "use_spiking_feedforward": 0.0, "use_symmetric_weights": 1.0, "use_weight_optimization": 1.0}, "datetime": {"datetime": "2019-02-10 07:02:14", "elapsed": 962681.963506, "delta": 17499.232116}}
