{"target": 0.7725032331096878, "params": {"E_E": 5.612001039042072, "E_I": -10.033999782146996, "b_etas": 0.4754745404512939, "dt": 0.7258074336461907, "f_etas": 0.2543579962026325, "g_A": 0.06197061401495284, "g_B": 0.5508310176194138, "h_l_1": 491.0, "h_l_2": 53.0, "h_l_3": 468.0, "h_l_4": 37.0, "h_l_5": 492.0, "h_l_6": 92.0, "l_f_phase": 27.0, "l_f_phase_test": 72.0, "l_t_phase": 14.0, "lambda_max": 0.48109251298683886, "noisy_symmetric_weights": 1.0, "num_layers": 4.0, "tau_L": 12.963132812805036, "tau_s": 2.7188350430830304, "update_feedback_weights": 1.0, "use_apical_conductance": 1.0, "use_broadcast": 1.0, "use_conductances": 1.0, "use_feedback_bias": 1.0, "use_sparse_feedback": 0.0, "use_spiking_feedback": 1.0, "use_spiking_feedforward": 0.0, "use_symmetric_weights": 0.0, "use_weight_optimization": 1.0}, "datetime": {"datetime": "2019-02-09 13:24:04", "elapsed": 910786.424532, "delta": 43086.385417}}
{"target": 0.09999999999999998, "params": {"E_E": 5.0, "E_I": -12.0, "b_etas": 0.5, "dt": 1.0, "f_etas": 0.01, "g_A": 0.1, "g_B": 0.3, "h_l_1": 500.0, "h_l_2": 500.0, "h_l_3": 30.0, "h_l_4": 30.0, "h_l_5": 30.0, "h_l_6": 500.0, "l_f_phase": 2.0, "l_f_phase_test": 100.0, "l_t_phase": 2.0, "lambda_max": 0.5, "noisy_symmetric_weights": 1.0, "num_layers": 6.0, "tau_L": 13.0, "tau_s": 1.0, "update_feedback_weights": 1.0, "use_apical_conductance": 1.0, "use_broadcast": 1.0, "use_conductances": 1.0, "use_feedback_bias": 1.0, "use_sparse_feedback": 0.0, "use_spiking_feedback": 1.0, "use_spiking_feedforward": 0.0, "use_symmetric_weights": 0.0, "use_weight_optimization": 1.0}, "datetime": {"datetime": "2019-02-09 18:26:30", "elapsed": 928932.871662, "delta": 18146.44713}}
{"target": 0.07645366892295673, "params": {"E_E": 5.0, "E_I": -12.0, "b_etas": 0.5, "dt": 0.1, "f_etas": 0.5, "g_A": 0.02, "g_B": 0.9, "h_l_1": 30.0, "h_l_2": 500.0, "h_l_3": 500.0, "h_l_4": 30.0, "h_l_5": 500.0, "h_l_6": 500.0, "l_f_phase": 2.0, "l_f_phase_test": 100.0, "l_t_phase": 2.0, "lambda_max": 0.5, "noisy_symmetric_weights": 1.0, "num_layers": 6.0, "tau_L": 13.0, "tau_s": 1.0, "update_feedback_weights": 1.0, "use_apical_conductance": 1.0, "use_broadcast": 1.0, "use_conductances": 1.0, "use_feedback_bias": 1.0, "use_sparse_feedback": 0.0, "use_spiking_feedback": 1.0, "use_spiking_feedforward": 0.0, "use_symmetric_weights": 0.0, "use_weight_optimization": 1.0}, "datetime": {"datetime": "2019-02-09 23:58:21", "elapsed": 948843.444672, "delta": 19910.57301}}
