{"target": 0.3712979807496064, "params": {"E_E": 7.9191540329180174, "E_I": -6.957728545904893, "b_etas": 0.010056043660498995, "dt": 0.3720993153686558, "f_etas": 0.08191038650038539, "g_A": 0.027387087581503825, "g_B": 0.41175612682660256, "h_l_1": 192.0, "h_l_2": 216.0, "h_l_3": 283.0, "h_l_4": 227.0, "h_l_5": 352.0, "h_l_6": 126.0, "l_f_phase": 44.0, "l_f_phase_test": 51.0, "l_t_phase": 34.0, "lambda_max": 0.32519144071013806, "noisy_symmetric_weights": 1.0, "num_layers": 2.0, "tau_L": 8.188608934509272, "tau_s": 4.202978274702147, "update_feedback_weights": 1.0, "use_apical_conductance": 0.0, "use_broadcast": 1.0, "use_conductances": 1.0, "use_feedback_bias": 1.0, "use_sparse_feedback": 0.0, "use_spiking_feedback": 0.0, "use_spiking_feedforward": 0.0, "use_symmetric_weights": 1.0, "use_weight_optimization": 0.0}, "datetime": {"datetime": "2019-01-30 00:24:17", "elapsed": 0.0, "delta": 0.0}}
{"target": 0.09977140815685141, "params": {"E_E": 10.968620668046874, "E_I": -8.6953338014614, "b_etas": 0.43425272727497377, "dt": 0.12672981118568408, "f_etas": 0.16961777374953665, "g_A": 0.021260054095266403, "g_B": 0.7274398549614876, "h_l_1": 415.0, "h_l_2": 228.0, "h_l_3": 313.0, "h_l_4": 266.0, "h_l_5": 250.0, "h_l_6": 460.0, "l_f_phase": 34.0, "l_f_phase_test": 61.0, "l_t_phase": 42.0, "lambda_max": 0.21640767730794547, "noisy_symmetric_weights": 0.0, "num_layers": 5.0, "tau_L": 12.484069933122015, "tau_s": 3.9946613124260106, "update_feedback_weights": 1.0, "use_apical_conductance": 0.0, "use_broadcast": 0.0, "use_conductances": 0.0, "use_feedback_bias": 1.0, "use_sparse_feedback": 1.0, "use_spiking_feedback": 0.0, "use_spiking_feedforward": 1.0, "use_symmetric_weights": 0.0, "use_weight_optimization": 0.0}, "datetime": {"datetime": "2019-01-31 08:53:56", "elapsed": 116978.228841, "delta": 116978.228841}}
{"target": 0.1178578761343431, "params": {"E_E": 5.0, "E_I": -12.0, "b_etas": 0.01, "dt": 0.1, "f_etas": 0.5, "g_A": 0.06641553612144141, "g_B": 0.3, "h_l_1": 30.0, "h_l_2": 500.0, "h_l_3": 30.0, "h_l_4": 500.0, "h_l_5": 30.0, "h_l_6": 30.0, "l_f_phase": 2.0, "l_f_phase_test": 100.0, "l_t_phase": 2.0, "lambda_max": 0.5, "noisy_symmetric_weights": 1.0, "num_layers": 1.0, "tau_L": 7.0, "tau_s": 1.0, "update_feedback_weights": 0.0, "use_apical_conductance": 1.0, "use_broadcast": 0.0, "use_conductances": 1.0, "use_feedback_bias": 0.0, "use_sparse_feedback": 0.0, "use_spiking_feedback": 1.0, "use_spiking_feedforward": 0.0, "use_symmetric_weights": 0.0, "use_weight_optimization": 1.0}, "datetime": {"datetime": "2019-01-31 09:36:49", "elapsed": 119551.968471, "delta": 2573.73963}}
{"target": 0.10460010629502343, "params": {"E_E": 12.0, "E_I": -5.0, "b_etas": 0.5, "dt": 1.0, "f_etas": 0.01, "g_A": 0.1, "g_B": 0.9, "h_l_1": 30.0, "h_l_2": 30.0, "h_l_3": 500.0, "h_l_4": 30.0, "h_l_5": 30.0, "h_l_6": 30.0, "l_f_phase": 2.0, "l_f_phase_test": 100.0, "l_t_phase": 2.0, "lambda_max": 0.5, "noisy_symmetric_weights": 0.0, "num_layers": 1.0, "tau_L": 13.0, "tau_s": 1.0, "update_feedback_weights": 1.0, "use_apical_conductance": 1.0, "use_broadcast": 1.0, "use_conductances": 1.0, "use_feedback_bias": 0.0, "use_sparse_feedback": 1.0, "use_spiking_feedback": 1.0, "use_spiking_feedforward": 1.0, "use_symmetric_weights": 1.0, "use_weight_optimization": 1.0}, "datetime": {"datetime": "2019-01-31 10:19:18", "elapsed": 122100.968879, "delta": 2549.000408}}
{"target": 0.10070006940641422, "params": {"E_E": 5.0, "E_I": -5.0, "b_etas": 0.01, "dt": 1.0, "f_etas": 0.5, "g_A": 0.1, "g_B": 0.9, "h_l_1": 500.0, "h_l_2": 500.0, "h_l_3": 30.0, "h_l_4": 30.0, "h_l_5": 500.0, "h_l_6": 30.0, "l_f_phase": 2.0, "l_f_phase_test": 100.0, "l_t_phase": 2.0, "lambda_max": 0.4481494656434888, "noisy_symmetric_weights": 1.0, "num_layers": 6.0, "tau_L": 7.0, "tau_s": 1.0, "update_feedback_weights": 1.0, "use_apical_conductance": 1.0, "use_broadcast": 0.0, "use_conductances": 1.0, "use_feedback_bias": 1.0, "use_sparse_feedback": 1.0, "use_spiking_feedback": 1.0, "use_spiking_feedforward": 1.0, "use_symmetric_weights": 1.0, "use_weight_optimization": 1.0}, "datetime": {"datetime": "2019-01-31 17:22:19", "elapsed": 147481.546294, "delta": 25380.577415}}
{"target": 0.8301986402023646, "params": {"E_E": 5.0, "E_I": -5.0, "b_etas": 0.01, "dt": 1.0, "f_etas": 0.06432030454215608, "g_A": 0.02, "g_B": 0.4915923973231986, "h_l_1": 30.0, "h_l_2": 30.0, "h_l_3": 30.0, "h_l_4": 500.0, "h_l_5": 500.0, "h_l_6": 500.0, "l_f_phase": 50.0, "l_f_phase_test": 50.0, "l_t_phase": 2.0, "lambda_max": 0.476897098408374, "noisy_symmetric_weights": 1.0, "num_layers": 1.0, "tau_L": 7.0, "tau_s": 5.0, "update_feedback_weights": 0.0, "use_apical_conductance": 0.0, "use_broadcast": 1.0, "use_conductances": 1.0, "use_feedback_bias": 0.0, "use_sparse_feedback": 0.0, "use_spiking_feedback": 0.0, "use_spiking_feedforward": 0.0, "use_symmetric_weights": 1.0, "use_weight_optimization": 0.0}, "datetime": {"datetime": "2019-01-31 20:20:49", "elapsed": 158191.938422, "delta": 10710.392128}}
{"target": 0.09910012851633969, "params": {"E_E": 5.0, "E_I": -12.0, "b_etas": 0.5, "dt": 1.0, "f_etas": 0.01, "g_A": 0.1, "g_B": 0.9, "h_l_1": 30.0, "h_l_2": 30.0, "h_l_3": 500.0, "h_l_4": 500.0, "h_l_5": 500.0, "h_l_6": 30.0, "l_f_phase": 2.0, "l_f_phase_test": 100.0, "l_t_phase": 2.0, "lambda_max": 0.5, "noisy_symmetric_weights": 1.0, "num_layers": 6.0, "tau_L": 13.0, "tau_s": 1.0, "update_feedback_weights": 1.0, "use_apical_conductance": 1.0, "use_broadcast": 1.0, "use_conductances": 1.0, "use_feedback_bias": 0.0, "use_sparse_feedback": 1.0, "use_spiking_feedback": 1.0, "use_spiking_feedforward": 1.0, "use_symmetric_weights": 1.0, "use_weight_optimization": 1.0}, "datetime": {"datetime": "2019-02-01 13:22:58", "elapsed": 219521.120312, "delta": 61329.18189}}
{"target": 0.09999999999999998, "params": {"E_E": 12.0, "E_I": -5.0, "b_etas": 0.01, "dt": 0.1, "f_etas": 0.01, "g_A": 0.02, "g_B": 0.3, "h_l_1": 30.0, "h_l_2": 500.0, "h_l_3": 30.0, "h_l_4": 30.0, "h_l_5": 500.0, "h_l_6": 500.0, "l_f_phase": 50.0, "l_f_phase_test": 50.0, "l_t_phase": 50.0, "lambda_max": 0.2, "noisy_symmetric_weights": 1.0, "num_layers": 1.0, "tau_L": 7.0, "tau_s": 5.0, "update_feedback_weights": 0.0, "use_apical_conductance": 0.0, "use_broadcast": 1.0, "use_conductances": 1.0, "use_feedback_bias": 1.0, "use_sparse_feedback": 0.0, "use_spiking_feedback": 0.0, "use_spiking_feedforward": 0.0, "use_symmetric_weights": 1.0, "use_weight_optimization": 0.0}, "datetime": {"datetime": "2019-02-01 19:46:53", "elapsed": 242555.925682, "delta": 23034.80537}}
{"target": 0.09999999999999998, "params": {"E_E": 12.0, "E_I": -5.0, "b_etas": 0.01, "dt": 0.1, "f_etas": 0.01, "g_A": 0.02, "g_B": 0.3, "h_l_1": 500.0, "h_l_2": 30.0, "h_l_3": 30.0, "h_l_4": 500.0, "h_l_5": 500.0, "h_l_6": 30.0, "l_f_phase": 50.0, "l_f_phase_test": 50.0, "l_t_phase": 50.0, "lambda_max": 0.2, "noisy_symmetric_weights": 1.0, "num_layers": 1.0, "tau_L": 7.0, "tau_s": 5.0, "update_feedback_weights": 0.0, "use_apical_conductance": 0.0, "use_broadcast": 1.0, "use_conductances": 1.0, "use_feedback_bias": 1.0, "use_sparse_feedback": 0.0, "use_spiking_feedback": 0.0, "use_spiking_feedforward": 0.0, "use_symmetric_weights": 1.0, "use_weight_optimization": 0.0}, "datetime": {"datetime": "2019-02-02 08:34:05", "elapsed": 288587.386501, "delta": 46031.460819}}
{"target": 0.09999999999999998, "params": {"E_E": 5.0, "E_I": -5.0, "b_etas": 0.01, "dt": 1.0, "f_etas": 0.5, "g_A": 0.1, "g_B": 0.9, "h_l_1": 30.0, "h_l_2": 30.0, "h_l_3": 30.0, "h_l_4": 500.0, "h_l_5": 30.0, "h_l_6": 500.0, "l_f_phase": 50.0, "l_f_phase_test": 50.0, "l_t_phase": 50.0, "lambda_max": 0.5, "noisy_symmetric_weights": 1.0, "num_layers": 6.0, "tau_L": 7.0, "tau_s": 5.0, "update_feedback_weights": 1.0, "use_apical_conductance": 0.0, "use_broadcast": 1.0, "use_conductances": 1.0, "use_feedback_bias": 1.0, "use_sparse_feedback": 0.0, "use_spiking_feedback": 0.0, "use_spiking_feedforward": 0.0, "use_symmetric_weights": 1.0, "use_weight_optimization": 0.0}, "datetime": {"datetime": "2019-02-03 14:18:42", "elapsed": 395664.6909, "delta": 107077.304399}}
{"target": 0.1413099043528437, "params": {"E_E": 5.0, "E_I": -12.0, "b_etas": 0.5, "dt": 0.1, "f_etas": 0.5, "g_A": 0.02, "g_B": 0.9, "h_l_1": 30.0, "h_l_2": 30.0, "h_l_3": 30.0, "h_l_4": 30.0, "h_l_5": 500.0, "h_l_6": 30.0, "l_f_phase": 2.0, "l_f_phase_test": 50.0, "l_t_phase": 2.0, "lambda_max": 0.2, "noisy_symmetric_weights": 0.0, "num_layers": 1.0, "tau_L": 13.0, "tau_s": 5.0, "update_feedback_weights": 1.0, "use_apical_conductance": 1.0, "use_broadcast": 0.0, "use_conductances": 0.0, "use_feedback_bias": 0.0, "use_sparse_feedback": 0.0, "use_spiking_feedback": 0.0, "use_spiking_feedforward": 0.0, "use_symmetric_weights": 0.0, "use_weight_optimization": 1.0}, "datetime": {"datetime": "2019-02-03 14:50:22", "elapsed": 397564.334815, "delta": 1899.643915}}
{"target": 0.6932979898095369, "params": {"E_E": 5.0, "E_I": -5.0, "b_etas": 0.01, "dt": 1.0, "f_etas": 0.5, "g_A": 0.1, "g_B": 0.3, "h_l_1": 30.0, "h_l_2": 500.0, "h_l_3": 500.0, "h_l_4": 500.0, "h_l_5": 500.0, "h_l_6": 500.0, "l_f_phase": 50.0, "l_f_phase_test": 50.0, "l_t_phase": 2.0, "lambda_max": 0.5, "noisy_symmetric_weights": 1.0, "num_layers": 1.0, "tau_L": 7.0, "tau_s": 5.0, "update_feedback_weights": 0.0, "use_apical_conductance": 0.0, "use_broadcast": 1.0, "use_conductances": 1.0, "use_feedback_bias": 0.0, "use_sparse_feedback": 0.0, "use_spiking_feedback": 0.0, "use_spiking_feedforward": 0.0, "use_symmetric_weights": 1.0, "use_weight_optimization": 0.0}, "datetime": {"datetime": "2019-02-03 17:42:34", "elapsed": 407896.593988, "delta": 10332.259173}}
{"target": 0.8360710729516629, "params": {"E_E": 5.0, "E_I": -5.0, "b_etas": 0.01, "dt": 1.0, "f_etas": 0.01, "g_A": 0.02, "g_B": 0.3, "h_l_1": 30.0, "h_l_2": 30.0, "h_l_3": 500.0, "h_l_4": 30.0, "h_l_5": 500.0, "h_l_6": 500.0, "l_f_phase": 50.0, "l_f_phase_test": 50.0, "l_t_phase": 2.0, "lambda_max": 0.5, "noisy_symmetric_weights": 1.0, "num_layers": 1.0, "tau_L": 7.0, "tau_s": 5.0, "update_feedback_weights": 0.0, "use_apical_conductance": 0.0, "use_broadcast": 1.0, "use_conductances": 1.0, "use_feedback_bias": 0.0, "use_sparse_feedback": 0.0, "use_spiking_feedback": 0.0, "use_spiking_feedforward": 0.0, "use_symmetric_weights": 1.0, "use_weight_optimization": 0.0}, "datetime": {"datetime": "2019-02-03 20:35:11", "elapsed": 418253.426439, "delta": 10356.832451}}
{"target": 0.693775723622165, "params": {"E_E": 5.0, "E_I": -5.0, "b_etas": 0.01, "dt": 1.0, "f_etas": 0.5, "g_A": 0.1, "g_B": 0.3, "h_l_1": 30.0, "h_l_2": 500.0, "h_l_3": 500.0, "h_l_4": 30.0, "h_l_5": 500.0, "h_l_6": 30.0, "l_f_phase": 50.0, "l_f_phase_test": 50.0, "l_t_phase": 2.0, "lambda_max": 0.5, "noisy_symmetric_weights": 1.0, "num_layers": 1.0, "tau_L": 7.0, "tau_s": 5.0, "update_feedback_weights": 0.0, "use_apical_conductance": 0.0, "use_broadcast": 1.0, "use_conductances": 1.0, "use_feedback_bias": 0.0, "use_sparse_feedback": 0.0, "use_spiking_feedback": 0.0, "use_spiking_feedforward": 0.0, "use_symmetric_weights": 1.0, "use_weight_optimization": 0.0}, "datetime": {"datetime": "2019-02-03 23:26:29", "elapsed": 428532.048211, "delta": 10278.621772}}
{"target": 0.09999999999999998, "params": {"E_E": 12.0, "E_I": -5.0, "b_etas": 0.01, "dt": 0.1, "f_etas": 0.01, "g_A": 0.1, "g_B": 0.3, "h_l_1": 30.0, "h_l_2": 30.0, "h_l_3": 500.0, "h_l_4": 500.0, "h_l_5": 500.0, "h_l_6": 500.0, "l_f_phase": 50.0, "l_f_phase_test": 50.0, "l_t_phase": 50.0, "lambda_max": 0.5, "noisy_symmetric_weights": 0.0, "num_layers": 1.0, "tau_L": 7.0, "tau_s": 5.0, "update_feedback_weights": 0.0, "use_apical_conductance": 0.0, "use_broadcast": 0.0, "use_conductances": 0.0, "use_feedback_bias": 0.0, "use_sparse_feedback": 0.0, "use_spiking_feedback": 0.0, "use_spiking_feedforward": 0.0, "use_symmetric_weights": 0.0, "use_weight_optimization": 0.0}, "datetime": {"datetime": "2019-02-04 04:44:28", "elapsed": 447610.802199, "delta": 19078.753988}}
{"target": 0.6967393615907671, "params": {"E_E": 5.0, "E_I": -12.0, "b_etas": 0.01, "dt": 1.0, "f_etas": 0.5, "g_A": 0.1, "g_B": 0.3, "h_l_1": 500.0, "h_l_2": 500.0, "h_l_3": 500.0, "h_l_4": 500.0, "h_l_5": 500.0, "h_l_6": 30.0, "l_f_phase": 50.0, "l_f_phase_test": 50.0, "l_t_phase": 2.0, "lambda_max": 0.5, "noisy_symmetric_weights": 1.0, "num_layers": 1.0, "tau_L": 7.0, "tau_s": 5.0, "update_feedback_weights": 0.0, "use_apical_conductance": 0.0, "use_broadcast": 1.0, "use_conductances": 1.0, "use_feedback_bias": 0.0, "use_sparse_feedback": 0.0, "use_spiking_feedback": 1.0, "use_spiking_feedforward": 0.0, "use_symmetric_weights": 1.0, "use_weight_optimization": 1.0}, "datetime": {"datetime": "2019-02-04 11:33:18", "elapsed": 472140.145778, "delta": 24529.343579}}
{"target": 0.7526286592784158, "params": {"E_E": 5.0, "E_I": -12.0, "b_etas": 0.5, "dt": 1.0, "f_etas": 0.5, "g_A": 0.02, "g_B": 0.3, "h_l_1": 500.0, "h_l_2": 500.0, "h_l_3": 500.0, "h_l_4": 30.0, "h_l_5": 500.0, "h_l_6": 500.0, "l_f_phase": 50.0, "l_f_phase_test": 50.0, "l_t_phase": 2.0, "lambda_max": 0.5, "noisy_symmetric_weights": 1.0, "num_layers": 1.0, "tau_L": 7.0, "tau_s": 1.0, "update_feedback_weights": 0.0, "use_apical_conductance": 1.0, "use_broadcast": 1.0, "use_conductances": 1.0, "use_feedback_bias": 0.0, "use_sparse_feedback": 0.0, "use_spiking_feedback": 1.0, "use_spiking_feedforward": 1.0, "use_symmetric_weights": 1.0, "use_weight_optimization": 1.0}, "datetime": {"datetime": "2019-02-04 18:40:20", "elapsed": 497763.084488, "delta": 25622.93871}}
{"target": 0.6157719005763219, "params": {"E_E": 5.0, "E_I": -5.0, "b_etas": 0.01, "dt": 1.0, "f_etas": 0.5, "g_A": 0.02, "g_B": 0.3, "h_l_1": 500.0, "h_l_2": 30.0, "h_l_3": 500.0, "h_l_4": 30.0, "h_l_5": 500.0, "h_l_6": 30.0, "l_f_phase": 50.0, "l_f_phase_test": 50.0, "l_t_phase": 2.0, "lambda_max": 0.5, "noisy_symmetric_weights": 1.0, "num_layers": 1.0, "tau_L": 7.0, "tau_s": 5.0, "update_feedback_weights": 0.0, "use_apical_conductance": 0.0, "use_broadcast": 1.0, "use_conductances": 1.0, "use_feedback_bias": 0.0, "use_sparse_feedback": 0.0, "use_spiking_feedback": 1.0, "use_spiking_feedforward": 0.0, "use_symmetric_weights": 1.0, "use_weight_optimization": 0.0}, "datetime": {"datetime": "2019-02-05 01:31:05", "elapsed": 522407.516455, "delta": 24644.431967}}
{"target": 0.8646858536407392, "params": {"E_E": 5.0, "E_I": -5.0, "b_etas": 0.01, "dt": 1.0, "f_etas": 0.01, "g_A": 0.02, "g_B": 0.3, "h_l_1": 500.0, "h_l_2": 500.0, "h_l_3": 500.0, "h_l_4": 30.0, "h_l_5": 30.0, "h_l_6": 30.0, "l_f_phase": 50.0, "l_f_phase_test": 50.0, "l_t_phase": 2.0, "lambda_max": 0.5, "noisy_symmetric_weights": 1.0, "num_layers": 1.0, "tau_L": 7.0, "tau_s": 5.0, "update_feedback_weights": 0.0, "use_apical_conductance": 0.0, "use_broadcast": 1.0, "use_conductances": 1.0, "use_feedback_bias": 0.0, "use_sparse_feedback": 0.0, "use_spiking_feedback": 0.0, "use_spiking_feedforward": 0.0, "use_symmetric_weights": 1.0, "use_weight_optimization": 0.0}, "datetime": {"datetime": "2019-02-05 08:19:06", "elapsed": 546888.607606, "delta": 24481.091151}}
{"target": 0.34301790940142873, "params": {"E_E": 5.0, "E_I": -12.0, "b_etas": 0.01, "dt": 1.0, "f_etas": 0.01, "g_A": 0.1, "g_B": 0.3, "h_l_1": 30.0, "h_l_2": 500.0, "h_l_3": 500.0, "h_l_4": 30.0, "h_l_5": 30.0, "h_l_6": 500.0, "l_f_phase": 50.0, "l_f_phase_test": 50.0, "l_t_phase": 2.0, "lambda_max": 0.5, "noisy_symmetric_weights": 1.0, "num_layers": 1.0, "tau_L": 7.0, "tau_s": 1.0, "update_feedback_weights": 0.0, "use_apical_conductance": 0.0, "use_broadcast": 1.0, "use_conductances": 1.0, "use_feedback_bias": 0.0, "use_sparse_feedback": 0.0, "use_spiking_feedback": 1.0, "use_spiking_feedforward": 1.0, "use_symmetric_weights": 1.0, "use_weight_optimization": 1.0}, "datetime": {"datetime": "2019-02-05 11:19:32", "elapsed": 557714.397622, "delta": 10825.790016}}
{"target": 0.10351426749298132, "params": {"E_E": 5.0, "E_I": -12.0, "b_etas": 0.01, "dt": 1.0, "f_etas": 0.01, "g_A": 0.1, "g_B": 0.3, "h_l_1": 500.0, "h_l_2": 500.0, "h_l_3": 500.0, "h_l_4": 30.0, "h_l_5": 500.0, "h_l_6": 30.0, "l_f_phase": 2.0, "l_f_phase_test": 100.0, "l_t_phase": 50.0, "lambda_max": 0.2, "noisy_symmetric_weights": 0.0, "num_layers": 1.0, "tau_L": 7.0, "tau_s": 1.0, "update_feedback_weights": 0.0, "use_apical_conductance": 0.0, "use_broadcast": 0.0, "use_conductances": 0.0, "use_feedback_bias": 0.0, "use_sparse_feedback": 1.0, "use_spiking_feedback": 1.0, "use_spiking_feedforward": 1.0, "use_symmetric_weights": 0.0, "use_weight_optimization": 1.0}, "datetime": {"datetime": "2019-02-05 18:16:48", "elapsed": 582750.773244, "delta": 25036.375622}}
{"target": 0.09999999999999998, "params": {"E_E": 5.0, "E_I": -5.0, "b_etas": 0.01, "dt": 1.0, "f_etas": 0.5, "g_A": 0.02, "g_B": 0.9, "h_l_1": 500.0, "h_l_2": 500.0, "h_l_3": 500.0, "h_l_4": 500.0, "h_l_5": 30.0, "h_l_6": 30.0, "l_f_phase": 50.0, "l_f_phase_test": 50.0, "l_t_phase": 2.0, "lambda_max": 0.5, "noisy_symmetric_weights": 1.0, "num_layers": 6.0, "tau_L": 7.0, "tau_s": 5.0, "update_feedback_weights": 0.0, "use_apical_conductance": 1.0, "use_broadcast": 1.0, "use_conductances": 1.0, "use_feedback_bias": 1.0, "use_sparse_feedback": 0.0, "use_spiking_feedback": 0.0, "use_spiking_feedforward": 0.0, "use_symmetric_weights": 1.0, "use_weight_optimization": 0.0}, "datetime": {"datetime": "2019-02-07 08:08:07", "elapsed": 719029.89279, "delta": 136279.119546}}
{"target": 0.09999999999999998, "params": {"E_E": 9.808648762980123, "E_I": -10.384772147311088, "b_etas": 0.25453215883197966, "dt": 0.15519416321086532, "f_etas": 0.43063136693107684, "g_A": 0.030725512613367957, "g_B": 0.3597490454094424, "h_l_1": 67.0, "h_l_2": 38.0, "h_l_3": 489.0, "h_l_4": 426.0, "h_l_5": 39.0, "h_l_6": 111.0, "l_f_phase": 15.0, "l_f_phase_test": 98.0, "l_t_phase": 26.0, "lambda_max": 0.35242461015241067, "noisy_symmetric_weights": 1.0, "num_layers": 4.0, "tau_L": 10.022720788663742, "tau_s": 1.6980514795540373, "update_feedback_weights": 0.0, "use_apical_conductance": 0.0, "use_broadcast": 0.0, "use_conductances": 1.0, "use_feedback_bias": 0.0, "use_sparse_feedback": 0.0, "use_spiking_feedback": 1.0, "use_spiking_feedforward": 1.0, "use_symmetric_weights": 1.0, "use_weight_optimization": 0.0}, "datetime": {"datetime": "2019-02-07 21:54:50", "elapsed": 768632.245023, "delta": 49602.352233}}
{"target": 0.6881221310474883, "params": {"E_E": 5.0, "E_I": -5.0, "b_etas": 0.01, "dt": 1.0, "f_etas": 0.5, "g_A": 0.02, "g_B": 0.3, "h_l_1": 500.0, "h_l_2": 500.0, "h_l_3": 30.0, "h_l_4": 500.0, "h_l_5": 500.0, "h_l_6": 500.0, "l_f_phase": 50.0, "l_f_phase_test": 50.0, "l_t_phase": 2.0, "lambda_max": 0.5, "noisy_symmetric_weights": 1.0, "num_layers": 1.0, "tau_L": 7.0, "tau_s": 5.0, "update_feedback_weights": 0.0, "use_apical_conductance": 1.0, "use_broadcast": 1.0, "use_conductances": 1.0, "use_feedback_bias": 0.0, "use_sparse_feedback": 0.0, "use_spiking_feedback": 1.0, "use_spiking_feedforward": 0.0, "use_symmetric_weights": 1.0, "use_weight_optimization": 0.0}, "datetime": {"datetime": "2019-02-08 04:49:25", "elapsed": 793507.544007, "delta": 24875.298984}}
{"target": 0.6173651260989298, "params": {"E_E": 5.0, "E_I": -5.0, "b_etas": 0.01, "dt": 1.0, "f_etas": 0.5, "g_A": 0.02, "g_B": 0.3, "h_l_1": 500.0, "h_l_2": 30.0, "h_l_3": 30.0, "h_l_4": 30.0, "h_l_5": 500.0, "h_l_6": 500.0, "l_f_phase": 50.0, "l_f_phase_test": 50.0, "l_t_phase": 2.0, "lambda_max": 0.5, "noisy_symmetric_weights": 1.0, "num_layers": 1.0, "tau_L": 7.0, "tau_s": 5.0, "update_feedback_weights": 0.0, "use_apical_conductance": 1.0, "use_broadcast": 1.0, "use_conductances": 1.0, "use_feedback_bias": 0.0, "use_sparse_feedback": 0.0, "use_spiking_feedback": 1.0, "use_spiking_feedforward": 0.0, "use_symmetric_weights": 1.0, "use_weight_optimization": 0.0}, "datetime": {"datetime": "2019-02-08 11:45:01", "elapsed": 818443.498594, "delta": 24935.954587}}
{"target": 0.11541229479104191, "params": {"E_E": 5.0, "E_I": -5.0, "b_etas": 0.5, "dt": 1.0, "f_etas": 0.5, "g_A": 0.02, "g_B": 0.9, "h_l_1": 500.0, "h_l_2": 30.0, "h_l_3": 500.0, "h_l_4": 30.0, "h_l_5": 500.0, "h_l_6": 500.0, "l_f_phase": 50.0, "l_f_phase_test": 50.0, "l_t_phase": 2.0, "lambda_max": 0.5, "noisy_symmetric_weights": 1.0, "num_layers": 1.0, "tau_L": 7.0, "tau_s": 5.0, "update_feedback_weights": 0.0, "use_apical_conductance": 1.0, "use_broadcast": 1.0, "use_conductances": 1.0, "use_feedback_bias": 0.0, "use_sparse_feedback": 0.0, "use_spiking_feedback": 0.0, "use_spiking_feedforward": 0.0, "use_symmetric_weights": 1.0, "use_weight_optimization": 0.0}, "datetime": {"datetime": "2019-02-08 18:37:12", "elapsed": 843174.156191, "delta": 24730.657597}}
{"target": 0.7037895363433605, "params": {"E_E": 5.0, "E_I": -12.0, "b_etas": 0.01, "dt": 1.0, "f_etas": 0.5, "g_A": 0.02, "g_B": 0.3, "h_l_1": 500.0, "h_l_2": 30.0, "h_l_3": 30.0, "h_l_4": 30.0, "h_l_5": 30.0, "h_l_6": 30.0, "l_f_phase": 50.0, "l_f_phase_test": 50.0, "l_t_phase": 2.0, "lambda_max": 0.5, "noisy_symmetric_weights": 1.0, "num_layers": 1.0, "tau_L": 7.0, "tau_s": 5.0, "update_feedback_weights": 0.0, "use_apical_conductance": 0.0, "use_broadcast": 1.0, "use_conductances": 1.0, "use_feedback_bias": 0.0, "use_sparse_feedback": 0.0, "use_spiking_feedback": 1.0, "use_spiking_feedforward": 0.0, "use_symmetric_weights": 1.0, "use_weight_optimization": 0.0}, "datetime": {"datetime": "2019-02-09 01:25:57", "elapsed": 867700.039115, "delta": 24525.882924}}
