{"target": 0.10000000000000002, "params": {"batch_size": 238.0, "h_l_1": 369.0, "h_l_2": 30.0, "h_l_3": 172.0, "h_l_4": 99.0, "h_l_5": 73.0, "h_l_6": 118.0, "learning_rate": 0.01734348027944808, "num_layers": 3.0}, "datetime": {"datetime": "2019-02-01 11:54:41", "elapsed": 0.0, "delta": 0.0}}
{"target": 0.2597833333333333, "params": {"batch_size": 190.0, "h_l_1": 191.0, "h_l_2": 58.0, "h_l_3": 179.0, "h_l_4": 150.0, "h_l_5": 156.0, "h_l_6": 380.0, "learning_rate": 0.010203485503870131, "num_layers": 4.0}, "datetime": {"datetime": "2019-02-01 11:55:15", "elapsed": 34.07755, "delta": 34.07755}}
{"target": 0.10001666666666668, "params": {"batch_size": 500.0, "h_l_1": 30.0, "h_l_2": 500.0, "h_l_3": 500.0, "h_l_4": 500.0, "h_l_5": 500.0, "h_l_6": 500.0, "learning_rate": 0.05, "num_layers": 1.0}, "datetime": {"datetime": "2019-02-01 11:55:40", "elapsed": 58.652576, "delta": 24.575026}}
{"target": 0.4386833333333333, "params": {"batch_size": 50.0, "h_l_1": 500.0, "h_l_2": 500.0, "h_l_3": 30.0, "h_l_4": 30.0, "h_l_5": 500.0, "h_l_6": 500.0, "learning_rate": 0.0001, "num_layers": 6.0}, "datetime": {"datetime": "2019-02-01 11:57:51", "elapsed": 189.348591, "delta": 130.696015}}
{"target": 0.4202666666666666, "params": {"batch_size": 50.0, "h_l_1": 500.0, "h_l_2": 30.0, "h_l_3": 30.0, "h_l_4": 500.0, "h_l_5": 500.0, "h_l_6": 500.0, "learning_rate": 0.0001, "num_layers": 6.0}, "datetime": {"datetime": "2019-02-01 11:59:59", "elapsed": 318.040667, "delta": 128.692076}}
{"target": 0.4000666666666666, "params": {"batch_size": 50.0, "h_l_1": 30.0, "h_l_2": 500.0, "h_l_3": 30.0, "h_l_4": 500.0, "h_l_5": 30.0, "h_l_6": 500.0, "learning_rate": 0.0001, "num_layers": 6.0}, "datetime": {"datetime": "2019-02-01 12:02:08", "elapsed": 446.184387, "delta": 128.14372}}
{"target": 0.10000000000000002, "params": {"batch_size": 50.0, "h_l_1": 30.0, "h_l_2": 30.0, "h_l_3": 30.0, "h_l_4": 30.0, "h_l_5": 500.0, "h_l_6": 500.0, "learning_rate": 0.04999999950279116, "num_layers": 6.0}, "datetime": {"datetime": "2019-02-01 12:04:20", "elapsed": 578.368675, "delta": 132.184288}}
{"target": 0.41981666666666667, "params": {"batch_size": 50.0, "h_l_1": 500.0, "h_l_2": 500.0, "h_l_3": 500.0, "h_l_4": 500.0, "h_l_5": 30.0, "h_l_6": 500.0, "learning_rate": 0.0001, "num_layers": 6.0}, "datetime": {"datetime": "2019-02-01 12:06:30", "elapsed": 708.599214, "delta": 130.230539}}
{"target": 0.37315000000000004, "params": {"batch_size": 500.0, "h_l_1": 500.0, "h_l_2": 500.0, "h_l_3": 30.0, "h_l_4": 500.0, "h_l_5": 30.0, "h_l_6": 500.0, "learning_rate": 0.0001, "num_layers": 6.0}, "datetime": {"datetime": "2019-02-01 12:07:07", "elapsed": 745.710711, "delta": 37.111497}}
{"target": 0.4402666666666666, "params": {"batch_size": 50.0, "h_l_1": 500.0, "h_l_2": 30.0, "h_l_3": 30.0, "h_l_4": 30.0, "h_l_5": 30.0, "h_l_6": 500.0, "learning_rate": 0.0001, "num_layers": 1.0}, "datetime": {"datetime": "2019-02-01 12:08:18", "elapsed": 817.136289, "delta": 71.425578}}
{"target": 0.44934999999999997, "params": {"batch_size": 50.0, "h_l_1": 500.0, "h_l_2": 500.0, "h_l_3": 500.0, "h_l_4": 30.0, "h_l_5": 30.0, "h_l_6": 500.0, "learning_rate": 0.0001, "num_layers": 1.0}, "datetime": {"datetime": "2019-02-01 12:09:35", "elapsed": 893.226223, "delta": 76.089934}}
{"target": 0.44485, "params": {"batch_size": 50.0, "h_l_1": 500.0, "h_l_2": 30.0, "h_l_3": 500.0, "h_l_4": 500.0, "h_l_5": 30.0, "h_l_6": 500.0, "learning_rate": 0.0001, "num_layers": 1.0}, "datetime": {"datetime": "2019-02-01 12:10:50", "elapsed": 968.475466, "delta": 75.249243}}
{"target": 0.45198333333333335, "params": {"batch_size": 50.0, "h_l_1": 500.0, "h_l_2": 500.0, "h_l_3": 30.0, "h_l_4": 265.0, "h_l_5": 30.0, "h_l_6": 500.0, "learning_rate": 0.00010000110170202664, "num_layers": 1.0}, "datetime": {"datetime": "2019-02-01 12:12:05", "elapsed": 1044.129874, "delta": 75.654408}}
{"target": 0.34985, "params": {"batch_size": 500.0, "h_l_1": 500.0, "h_l_2": 30.0, "h_l_3": 500.0, "h_l_4": 30.0, "h_l_5": 30.0, "h_l_6": 500.0, "learning_rate": 0.00010048340075117319, "num_layers": 6.0}, "datetime": {"datetime": "2019-02-01 12:12:47", "elapsed": 1085.37254, "delta": 41.242666}}
{"target": 0.09999999999999999, "params": {"batch_size": 50.0, "h_l_1": 500.0, "h_l_2": 30.0, "h_l_3": 30.0, "h_l_4": 500.0, "h_l_5": 30.0, "h_l_6": 500.0, "learning_rate": 0.05, "num_layers": 1.0}, "datetime": {"datetime": "2019-02-01 12:14:04", "elapsed": 1162.98677, "delta": 77.61423}}
{"target": 0.4142333333333333, "params": {"batch_size": 50.0, "h_l_1": 500.0, "h_l_2": 30.0, "h_l_3": 500.0, "h_l_4": 30.0, "h_l_5": 500.0, "h_l_6": 500.0, "learning_rate": 0.0001, "num_layers": 6.0}, "datetime": {"datetime": "2019-02-01 12:16:14", "elapsed": 1292.214171, "delta": 129.227401}}
{"target": 0.31301666666666667, "params": {"batch_size": 500.0, "h_l_1": 30.0, "h_l_2": 500.0, "h_l_3": 30.0, "h_l_4": 30.0, "h_l_5": 30.0, "h_l_6": 500.0, "learning_rate": 0.0001, "num_layers": 6.0}, "datetime": {"datetime": "2019-02-01 12:16:50", "elapsed": 1328.746822, "delta": 36.532651}}
{"target": 0.4136499999999999, "params": {"batch_size": 50.0, "h_l_1": 500.0, "h_l_2": 500.0, "h_l_3": 500.0, "h_l_4": 500.0, "h_l_5": 500.0, "h_l_6": 30.0, "learning_rate": 0.0001, "num_layers": 6.0}, "datetime": {"datetime": "2019-02-01 12:18:59", "elapsed": 1457.313782, "delta": 128.56696}}
{"target": 0.3655, "params": {"batch_size": 500.0, "h_l_1": 500.0, "h_l_2": 500.0, "h_l_3": 30.0, "h_l_4": 500.0, "h_l_5": 500.0, "h_l_6": 30.0, "learning_rate": 0.00010002490445829812, "num_layers": 6.0}, "datetime": {"datetime": "2019-02-01 12:19:35", "elapsed": 1493.546677, "delta": 36.232895}}
{"target": 0.40470000000000006, "params": {"batch_size": 500.0, "h_l_1": 500.0, "h_l_2": 30.0, "h_l_3": 500.0, "h_l_4": 500.0, "h_l_5": 500.0, "h_l_6": 500.0, "learning_rate": 0.0001, "num_layers": 6.0}, "datetime": {"datetime": "2019-02-01 12:20:11", "elapsed": 1529.459954, "delta": 35.913277}}
{"target": 0.39971666666666666, "params": {"batch_size": 50.0, "h_l_1": 30.0, "h_l_2": 500.0, "h_l_3": 500.0, "h_l_4": 500.0, "h_l_5": 30.0, "h_l_6": 30.0, "learning_rate": 0.0001, "num_layers": 6.0}, "datetime": {"datetime": "2019-02-01 12:22:20", "elapsed": 1658.36004, "delta": 128.900086}}
{"target": 0.37375, "params": {"batch_size": 50.0, "h_l_1": 30.0, "h_l_2": 30.0, "h_l_3": 500.0, "h_l_4": 30.0, "h_l_5": 30.0, "h_l_6": 500.0, "learning_rate": 0.0001, "num_layers": 6.0}, "datetime": {"datetime": "2019-02-01 12:24:27", "elapsed": 1785.78852, "delta": 127.42848}}
{"target": 0.40009999999999996, "params": {"batch_size": 50.0, "h_l_1": 30.0, "h_l_2": 500.0, "h_l_3": 30.0, "h_l_4": 500.0, "h_l_5": 500.0, "h_l_6": 30.0, "learning_rate": 0.0001, "num_layers": 6.0}, "datetime": {"datetime": "2019-02-01 12:26:38", "elapsed": 1916.465869, "delta": 130.677349}}
{"target": 0.45261666666666667, "params": {"batch_size": 50.0, "h_l_1": 500.0, "h_l_2": 30.0, "h_l_3": 500.0, "h_l_4": 500.0, "h_l_5": 500.0, "h_l_6": 500.0, "learning_rate": 0.0001, "num_layers": 1.0}, "datetime": {"datetime": "2019-02-01 12:27:52", "elapsed": 1990.653674, "delta": 74.187805}}
{"target": 0.10000000000000002, "params": {"batch_size": 500.0, "h_l_1": 500.0, "h_l_2": 500.0, "h_l_3": 30.0, "h_l_4": 500.0, "h_l_5": 500.0, "h_l_6": 500.0, "learning_rate": 0.05, "num_layers": 6.0}, "datetime": {"datetime": "2019-02-01 12:28:31", "elapsed": 2029.902155, "delta": 39.248481}}
{"target": 0.3415000000000001, "params": {"batch_size": 500.0, "h_l_1": 30.0, "h_l_2": 30.0, "h_l_3": 500.0, "h_l_4": 500.0, "h_l_5": 30.0, "h_l_6": 500.0, "learning_rate": 0.0001, "num_layers": 6.0}, "datetime": {"datetime": "2019-02-01 12:29:07", "elapsed": 2065.682666, "delta": 35.780511}}
{"target": 0.35486666666666666, "params": {"batch_size": 500.0, "h_l_1": 500.0, "h_l_2": 500.0, "h_l_3": 500.0, "h_l_4": 500.0, "h_l_5": 30.0, "h_l_6": 30.0, "learning_rate": 0.0001, "num_layers": 6.0}, "datetime": {"datetime": "2019-02-01 12:29:44", "elapsed": 2102.271473, "delta": 36.588807}}
{"target": 0.40490000000000004, "params": {"batch_size": 50.0, "h_l_1": 500.0, "h_l_2": 500.0, "h_l_3": 30.0, "h_l_4": 30.0, "h_l_5": 500.0, "h_l_6": 30.0, "learning_rate": 0.0001, "num_layers": 6.0}, "datetime": {"datetime": "2019-02-01 12:31:51", "elapsed": 2229.621175, "delta": 127.349702}}
{"target": 0.4138, "params": {"batch_size": 50.0, "h_l_1": 500.0, "h_l_2": 30.0, "h_l_3": 500.0, "h_l_4": 500.0, "h_l_5": 500.0, "h_l_6": 30.0, "learning_rate": 0.0001, "num_layers": 6.0}, "datetime": {"datetime": "2019-02-01 12:34:02", "elapsed": 2360.930504, "delta": 131.309329}}
{"target": 0.3244, "params": {"batch_size": 500.0, "h_l_1": 30.0, "h_l_2": 500.0, "h_l_3": 30.0, "h_l_4": 500.0, "h_l_5": 30.0, "h_l_6": 30.0, "learning_rate": 0.00010002890293110526, "num_layers": 6.0}, "datetime": {"datetime": "2019-02-01 12:34:42", "elapsed": 2400.278713, "delta": 39.348209}}
{"target": 0.4504833333333333, "params": {"batch_size": 50.0, "h_l_1": 500.0, "h_l_2": 500.0, "h_l_3": 30.0, "h_l_4": 500.0, "h_l_5": 500.0, "h_l_6": 30.0, "learning_rate": 0.00010003949402939212, "num_layers": 6.0}, "datetime": {"datetime": "2019-02-01 12:36:54", "elapsed": 2532.553415, "delta": 132.274702}}
{"target": 0.37925000000000003, "params": {"batch_size": 50.0, "h_l_1": 30.0, "h_l_2": 500.0, "h_l_3": 30.0, "h_l_4": 30.0, "h_l_5": 30.0, "h_l_6": 500.0, "learning_rate": 0.0001, "num_layers": 6.0}, "datetime": {"datetime": "2019-02-01 12:39:06", "elapsed": 2664.466483, "delta": 131.913068}}
{"target": 0.35175, "params": {"batch_size": 500.0, "h_l_1": 500.0, "h_l_2": 500.0, "h_l_3": 30.0, "h_l_4": 30.0, "h_l_5": 30.0, "h_l_6": 500.0, "learning_rate": 0.0001, "num_layers": 6.0}, "datetime": {"datetime": "2019-02-01 12:39:48", "elapsed": 2706.982483, "delta": 42.516}}
{"target": 0.33693333333333336, "params": {"batch_size": 500.0, "h_l_1": 30.0, "h_l_2": 30.0, "h_l_3": 500.0, "h_l_4": 500.0, "h_l_5": 500.0, "h_l_6": 30.0, "learning_rate": 0.00010007271298474389, "num_layers": 6.0}, "datetime": {"datetime": "2019-02-01 12:40:30", "elapsed": 2748.361368, "delta": 41.378885}}
{"target": 0.41319999999999996, "params": {"batch_size": 50.0, "h_l_1": 500.0, "h_l_2": 30.0, "h_l_3": 500.0, "h_l_4": 30.0, "h_l_5": 30.0, "h_l_6": 500.0, "learning_rate": 0.00010050180619396523, "num_layers": 6.0}, "datetime": {"datetime": "2019-02-01 12:42:44", "elapsed": 2882.92887, "delta": 134.567502}}
{"target": 0.4385166666666667, "params": {"batch_size": 50.0, "h_l_1": 30.0, "h_l_2": 500.0, "h_l_3": 500.0, "h_l_4": 350.0, "h_l_5": 30.0, "h_l_6": 500.0, "learning_rate": 0.00010000000093291145, "num_layers": 4.0}, "datetime": {"datetime": "2019-02-01 12:44:26", "elapsed": 2984.990061, "delta": 102.061191}}
{"target": 0.4462166666666667, "params": {"batch_size": 50.0, "h_l_1": 500.0, "h_l_2": 30.0, "h_l_3": 30.0, "h_l_4": 30.0, "h_l_5": 500.0, "h_l_6": 500.0, "learning_rate": 0.0001, "num_layers": 1.0}, "datetime": {"datetime": "2019-02-01 12:45:47", "elapsed": 3065.415862, "delta": 80.425801}}
{"target": 0.36036666666666656, "params": {"batch_size": 500.0, "h_l_1": 500.0, "h_l_2": 30.0, "h_l_3": 30.0, "h_l_4": 500.0, "h_l_5": 500.0, "h_l_6": 30.0, "learning_rate": 0.0001, "num_layers": 6.0}, "datetime": {"datetime": "2019-02-01 12:46:29", "elapsed": 3107.401255, "delta": 41.985393}}
{"target": 0.3746333333333333, "params": {"batch_size": 50.0, "h_l_1": 30.0, "h_l_2": 500.0, "h_l_3": 500.0, "h_l_4": 30.0, "h_l_5": 500.0, "h_l_6": 30.0, "learning_rate": 0.0001000012835729282, "num_layers": 1.0}, "datetime": {"datetime": "2019-02-01 12:47:44", "elapsed": 3182.791839, "delta": 75.390584}}
{"target": 0.29058333333333336, "params": {"batch_size": 500.0, "h_l_1": 30.0, "h_l_2": 500.0, "h_l_3": 500.0, "h_l_4": 30.0, "h_l_5": 30.0, "h_l_6": 30.0, "learning_rate": 0.0001, "num_layers": 6.0}, "datetime": {"datetime": "2019-02-01 12:48:25", "elapsed": 3223.506401, "delta": 40.714562}}
{"target": 0.42428333333333335, "params": {"batch_size": 500.0, "h_l_1": 500.0, "h_l_2": 30.0, "h_l_3": 500.0, "h_l_4": 30.0, "h_l_5": 500.0, "h_l_6": 30.0, "learning_rate": 0.00010000005811775463, "num_layers": 1.0}, "datetime": {"datetime": "2019-02-01 12:48:59", "elapsed": 3258.040687, "delta": 34.534286}}
{"target": 0.4288833333333333, "params": {"batch_size": 500.0, "h_l_1": 500.0, "h_l_2": 30.0, "h_l_3": 500.0, "h_l_4": 500.0, "h_l_5": 500.0, "h_l_6": 30.0, "learning_rate": 0.0001, "num_layers": 1.0}, "datetime": {"datetime": "2019-02-01 12:49:34", "elapsed": 3292.388064, "delta": 34.347377}}
{"target": 0.44510000000000005, "params": {"batch_size": 483.0, "h_l_1": 500.0, "h_l_2": 500.0, "h_l_3": 500.0, "h_l_4": 30.0, "h_l_5": 500.0, "h_l_6": 30.0, "learning_rate": 0.0001, "num_layers": 3.0}, "datetime": {"datetime": "2019-02-01 12:50:11", "elapsed": 3329.491741, "delta": 37.103677}}
{"target": 0.44485, "params": {"batch_size": 50.0, "h_l_1": 500.0, "h_l_2": 500.0, "h_l_3": 500.0, "h_l_4": 30.0, "h_l_5": 500.0, "h_l_6": 30.0, "learning_rate": 0.00010006440097759067, "num_layers": 6.0}, "datetime": {"datetime": "2019-02-01 12:52:24", "elapsed": 3462.189273, "delta": 132.697532}}
{"target": 0.09998333333333333, "params": {"batch_size": 500.0, "h_l_1": 470.0, "h_l_2": 500.0, "h_l_3": 500.0, "h_l_4": 495.0, "h_l_5": 30.0, "h_l_6": 500.0, "learning_rate": 0.033319191330625934, "num_layers": 1.0}, "datetime": {"datetime": "2019-02-01 12:52:56", "elapsed": 3494.758549, "delta": 32.569276}}
{"target": 0.4137166666666667, "params": {"batch_size": 50.0, "h_l_1": 30.0, "h_l_2": 30.0, "h_l_3": 500.0, "h_l_4": 500.0, "h_l_5": 500.0, "h_l_6": 500.0, "learning_rate": 0.00010001872120055712, "num_layers": 6.0}, "datetime": {"datetime": "2019-02-01 12:55:09", "elapsed": 3627.700123, "delta": 132.941574}}
{"target": 0.3755, "params": {"batch_size": 500.0, "h_l_1": 500.0, "h_l_2": 30.0, "h_l_3": 30.0, "h_l_4": 30.0, "h_l_5": 385.0, "h_l_6": 500.0, "learning_rate": 0.0001, "num_layers": 3.0}, "datetime": {"datetime": "2019-02-01 12:55:46", "elapsed": 3664.24312, "delta": 36.542997}}
{"target": 0.3503833333333333, "params": {"batch_size": 500.0, "h_l_1": 30.0, "h_l_2": 30.0, "h_l_3": 500.0, "h_l_4": 30.0, "h_l_5": 500.0, "h_l_6": 500.0, "learning_rate": 0.0001, "num_layers": 6.0}, "datetime": {"datetime": "2019-02-01 12:56:24", "elapsed": 3702.731241, "delta": 38.488121}}
{"target": 0.10000000000000002, "params": {"batch_size": 50.0, "h_l_1": 500.0, "h_l_2": 500.0, "h_l_3": 500.0, "h_l_4": 30.0, "h_l_5": 30.0, "h_l_6": 30.0, "learning_rate": 0.049758459878762554, "num_layers": 6.0}, "datetime": {"datetime": "2019-02-01 12:58:35", "elapsed": 3833.842229, "delta": 131.110988}}
{"target": 0.4246499999999999, "params": {"batch_size": 50.0, "h_l_1": 30.0, "h_l_2": 500.0, "h_l_3": 500.0, "h_l_4": 500.0, "h_l_5": 500.0, "h_l_6": 30.0, "learning_rate": 0.0001, "num_layers": 6.0}, "datetime": {"datetime": "2019-02-01 13:00:49", "elapsed": 3967.750793, "delta": 133.908564}}
