{"target": 0.4114, "params": {"batch_size": 238.0, "ch_1": 47.0, "ch_2": 3.0, "ch_3": 21.0, "ch_4": 12.0, "ch_5": 9.0, "k_1": 3.0, "k_2": 5.0, "k_3": 5.0, "k_4": 6.0, "k_5": 5.0, "learning_rate": 0.0342924530697983, "num_layers": 2.0, "padding": 3.0, "stride": 1.0}, "datetime": {"datetime": "2019-02-02 13:13:48", "elapsed": 0.0, "delta": 0.0}}
{"target": 0.49051666666666666, "params": {"batch_size": 350.0, "ch_1": 6.0, "ch_2": 21.0, "ch_3": 12.0, "ch_4": 19.0, "ch_5": 15.0, "k_1": 7.0, "k_2": 10.0, "k_3": 8.0, "k_4": 7.0, "k_5": 8.0, "learning_rate": 0.00795708428911817, "num_layers": 3.0, "padding": 2.0, "stride": 1.0}, "datetime": {"datetime": "2019-02-02 13:14:33", "elapsed": 44.207897, "delta": 44.207897}}
{"target": 0.4727166666666667, "params": {"batch_size": 102.0, "ch_1": 50.0, "ch_2": 24.0, "ch_3": 45.0, "ch_4": 52.0, "ch_5": 6.0, "k_1": 5.0, "k_2": 7.0, "k_3": 2.0, "k_4": 8.0, "k_5": 5.0, "learning_rate": 0.025943800036199324, "num_layers": 3.0, "padding": 2.0, "stride": 1.0}, "datetime": {"datetime": "2019-02-02 13:16:24", "elapsed": 155.864021, "delta": 111.656124}}
{"target": 0.5001666666666665, "params": {"batch_size": 179.0, "ch_1": 34.0, "ch_2": 34.0, "ch_3": 21.0, "ch_4": 53.0, "ch_5": 25.0, "k_1": 9.0, "k_2": 9.0, "k_3": 5.0, "k_4": 3.0, "k_5": 5.0, "learning_rate": 0.009557213417383519, "num_layers": 1.0, "padding": 1.0, "stride": 1.0}, "datetime": {"datetime": "2019-02-02 13:17:30", "elapsed": 222.032049, "delta": 66.168028}}
{"target": 0.40765, "params": {"batch_size": 109.0, "ch_1": 3.0, "ch_2": 39.0, "ch_3": 14.0, "ch_4": 58.0, "ch_5": 20.0, "k_1": 4.0, "k_2": 4.0, "k_3": 5.0, "k_4": 4.0, "k_5": 9.0, "learning_rate": 0.010888676463428872, "num_layers": 2.0, "padding": 1.0, "stride": 2.0}, "datetime": {"datetime": "2019-02-02 13:19:11", "elapsed": 322.395923, "delta": 100.363874}}
{"target": 0.45598333333333335, "params": {"batch_size": 152.0, "ch_1": 26.0, "ch_2": 39.0, "ch_3": 7.0, "ch_4": 50.0, "ch_5": 56.0, "k_1": 4.0, "k_2": 4.0, "k_3": 8.0, "k_4": 4.0, "k_5": 8.0, "learning_rate": 0.03207754171430808, "num_layers": 2.0, "padding": 1.0, "stride": 2.0}, "datetime": {"datetime": "2019-02-02 13:20:27", "elapsed": 398.822519, "delta": 76.426596}}
{"target": 0.42863333333333326, "params": {"batch_size": 255.0, "ch_1": 56.0, "ch_2": 44.0, "ch_3": 23.0, "ch_4": 30.0, "ch_5": 39.0, "k_1": 6.0, "k_2": 2.0, "k_3": 6.0, "k_4": 8.0, "k_5": 6.0, "learning_rate": 0.04823700860998576, "num_layers": 2.0, "padding": 2.0, "stride": 2.0}, "datetime": {"datetime": "2019-02-02 13:21:35", "elapsed": 466.460994, "delta": 67.638475}}
{"target": 0.49148333333333327, "params": {"batch_size": 478.0, "ch_1": 13.0, "ch_2": 6.0, "ch_3": 32.0, "ch_4": 31.0, "ch_5": 64.0, "k_1": 5.0, "k_2": 9.0, "k_3": 8.0, "k_4": 6.0, "k_5": 6.0, "learning_rate": 0.00646918885755106, "num_layers": 2.0, "padding": 2.0, "stride": 1.0}, "datetime": {"datetime": "2019-02-02 13:22:49", "elapsed": 540.872755, "delta": 74.411761}}
{"target": 0.4737333333333333, "params": {"batch_size": 412.0, "ch_1": 11.0, "ch_2": 55.0, "ch_3": 41.0, "ch_4": 19.0, "ch_5": 35.0, "k_1": 5.0, "k_2": 7.0, "k_3": 4.0, "k_4": 8.0, "k_5": 5.0, "learning_rate": 0.0037044050674809813, "num_layers": 1.0, "padding": 1.0, "stride": 1.0}, "datetime": {"datetime": "2019-02-02 13:23:54", "elapsed": 605.47863, "delta": 64.605875}}
{"target": 0.38103333333333333, "params": {"batch_size": 161.0, "ch_1": 19.0, "ch_2": 44.0, "ch_3": 39.0, "ch_4": 9.0, "ch_5": 46.0, "k_1": 3.0, "k_2": 7.0, "k_3": 3.0, "k_4": 4.0, "k_5": 8.0, "learning_rate": 0.039519993401936855, "num_layers": 1.0, "padding": 2.0, "stride": 3.0}, "datetime": {"datetime": "2019-02-02 13:25:08", "elapsed": 679.150845, "delta": 73.672215}}
{"target": 0.35581666666666667, "params": {"batch_size": 222.0, "ch_1": 57.0, "ch_2": 29.0, "ch_3": 52.0, "ch_4": 59.0, "ch_5": 9.0, "k_1": 4.0, "k_2": 4.0, "k_3": 4.0, "k_4": 9.0, "k_5": 3.0, "learning_rate": 0.04755459446134704, "num_layers": 1.0, "padding": 3.0, "stride": 2.0}, "datetime": {"datetime": "2019-02-02 13:26:20", "elapsed": 751.131774, "delta": 71.980929}}
{"target": 0.40815, "params": {"batch_size": 309.0, "ch_1": 53.0, "ch_2": 12.0, "ch_3": 17.0, "ch_4": 35.0, "ch_5": 49.0, "k_1": 6.0, "k_2": 6.0, "k_3": 8.0, "k_4": 8.0, "k_5": 9.0, "learning_rate": 0.04372369032565761, "num_layers": 1.0, "padding": 2.0, "stride": 2.0}, "datetime": {"datetime": "2019-02-02 13:27:23", "elapsed": 814.721586, "delta": 63.589812}}
{"target": 0.3023833333333334, "params": {"batch_size": 402.0, "ch_1": 14.0, "ch_2": 21.0, "ch_3": 34.0, "ch_4": 36.0, "ch_5": 23.0, "k_1": 4.0, "k_2": 2.0, "k_3": 4.0, "k_4": 3.0, "k_5": 10.0, "learning_rate": 0.04556031229511172, "num_layers": 1.0, "padding": 1.0, "stride": 2.0}, "datetime": {"datetime": "2019-02-02 13:28:24", "elapsed": 875.964479, "delta": 61.242893}}
{"target": 0.3864666666666667, "params": {"batch_size": 298.0, "ch_1": 45.0, "ch_2": 12.0, "ch_3": 63.0, "ch_4": 59.0, "ch_5": 53.0, "k_1": 5.0, "k_2": 6.0, "k_3": 3.0, "k_4": 7.0, "k_5": 8.0, "learning_rate": 0.047913564824941884, "num_layers": 1.0, "padding": 3.0, "stride": 3.0}, "datetime": {"datetime": "2019-02-02 13:29:23", "elapsed": 934.925156, "delta": 58.960677}}
{"target": 0.4678166666666666, "params": {"batch_size": 255.0, "ch_1": 51.0, "ch_2": 19.0, "ch_3": 39.0, "ch_4": 12.0, "ch_5": 13.0, "k_1": 7.0, "k_2": 4.0, "k_3": 4.0, "k_4": 6.0, "k_5": 5.0, "learning_rate": 0.019819558756776958, "num_layers": 1.0, "padding": 3.0, "stride": 1.0}, "datetime": {"datetime": "2019-02-02 13:30:56", "elapsed": 1027.795667, "delta": 92.870511}}
{"target": 0.5260666666666667, "params": {"batch_size": 359.0, "ch_1": 36.0, "ch_2": 60.0, "ch_3": 36.0, "ch_4": 64.0, "ch_5": 17.0, "k_1": 9.0, "k_2": 3.0, "k_3": 9.0, "k_4": 5.0, "k_5": 7.0, "learning_rate": 0.006326112003726788, "num_layers": 3.0, "padding": 2.0, "stride": 1.0}, "datetime": {"datetime": "2019-02-02 13:32:49", "elapsed": 1140.156868, "delta": 112.361201}}
{"target": 0.4478333333333333, "params": {"batch_size": 295.0, "ch_1": 28.0, "ch_2": 7.0, "ch_3": 55.0, "ch_4": 64.0, "ch_5": 32.0, "k_1": 4.0, "k_2": 5.0, "k_3": 2.0, "k_4": 5.0, "k_5": 2.0, "learning_rate": 0.04286164741077959, "num_layers": 2.0, "padding": 3.0, "stride": 2.0}, "datetime": {"datetime": "2019-02-02 13:34:00", "elapsed": 1211.232386, "delta": 71.075518}}
{"target": 0.4730833333333333, "params": {"batch_size": 124.0, "ch_1": 16.0, "ch_2": 9.0, "ch_3": 25.0, "ch_4": 49.0, "ch_5": 39.0, "k_1": 3.0, "k_2": 7.0, "k_3": 5.0, "k_4": 9.0, "k_5": 10.0, "learning_rate": 0.016738700437845068, "num_layers": 2.0, "padding": 2.0, "stride": 3.0}, "datetime": {"datetime": "2019-02-02 13:35:31", "elapsed": 1302.43295, "delta": 91.200564}}
{"target": 0.5309666666666666, "params": {"batch_size": 371.0, "ch_1": 59.0, "ch_2": 21.0, "ch_3": 58.0, "ch_4": 58.0, "ch_5": 62.0, "k_1": 7.0, "k_2": 3.0, "k_3": 3.0, "k_4": 4.0, "k_5": 3.0, "learning_rate": 0.006884607017158248, "num_layers": 2.0, "padding": 1.0, "stride": 1.0}, "datetime": {"datetime": "2019-02-02 13:37:03", "elapsed": 1394.189801, "delta": 91.756851}}
{"target": 0.5017, "params": {"batch_size": 300.0, "ch_1": 33.0, "ch_2": 20.0, "ch_3": 61.0, "ch_4": 50.0, "ch_5": 41.0, "k_1": 3.0, "k_2": 3.0, "k_3": 7.0, "k_4": 7.0, "k_5": 8.0, "learning_rate": 0.014621066946850425, "num_layers": 3.0, "padding": 1.0, "stride": 1.0}, "datetime": {"datetime": "2019-02-02 13:38:30", "elapsed": 1481.582736, "delta": 87.392935}}
{"target": 0.5001166666666667, "params": {"batch_size": 207.0, "ch_1": 52.0, "ch_2": 63.0, "ch_3": 15.0, "ch_4": 27.0, "ch_5": 23.0, "k_1": 3.0, "k_2": 10.0, "k_3": 9.0, "k_4": 2.0, "k_5": 3.0, "learning_rate": 0.0008549106463758151, "num_layers": 1.0, "padding": 1.0, "stride": 1.0}, "datetime": {"datetime": "2019-02-02 13:39:57", "elapsed": 1568.592997, "delta": 87.010261}}
{"target": 0.4504166666666667, "params": {"batch_size": 496.0, "ch_1": 35.0, "ch_2": 33.0, "ch_3": 27.0, "ch_4": 17.0, "ch_5": 37.0, "k_1": 7.0, "k_2": 9.0, "k_3": 9.0, "k_4": 3.0, "k_5": 8.0, "learning_rate": 0.04930581550472904, "num_layers": 2.0, "padding": 3.0, "stride": 1.0}, "datetime": {"datetime": "2019-02-02 13:41:45", "elapsed": 1676.978039, "delta": 108.385042}}
{"target": 0.47465, "params": {"batch_size": 189.0, "ch_1": 11.0, "ch_2": 31.0, "ch_3": 19.0, "ch_4": 3.0, "ch_5": 64.0, "k_1": 5.0, "k_2": 9.0, "k_3": 5.0, "k_4": 5.0, "k_5": 8.0, "learning_rate": 0.019951983055103668, "num_layers": 2.0, "padding": 2.0, "stride": 1.0}, "datetime": {"datetime": "2019-02-02 13:43:10", "elapsed": 1761.589831, "delta": 84.611792}}
{"target": 0.5187166666666667, "params": {"batch_size": 211.0, "ch_1": 62.0, "ch_2": 55.0, "ch_3": 38.0, "ch_4": 18.0, "ch_5": 16.0, "k_1": 5.0, "k_2": 7.0, "k_3": 9.0, "k_4": 2.0, "k_5": 7.0, "learning_rate": 0.015263805117412363, "num_layers": 2.0, "padding": 2.0, "stride": 1.0}, "datetime": {"datetime": "2019-02-02 13:45:18", "elapsed": 1889.932236, "delta": 128.342405}}
{"target": 0.3826333333333333, "params": {"batch_size": 134.0, "ch_1": 41.0, "ch_2": 28.0, "ch_3": 10.0, "ch_4": 10.0, "ch_5": 34.0, "k_1": 4.0, "k_2": 2.0, "k_3": 3.0, "k_4": 4.0, "k_5": 8.0, "learning_rate": 0.028286313698695647, "num_layers": 1.0, "padding": 3.0, "stride": 2.0}, "datetime": {"datetime": "2019-02-02 13:46:32", "elapsed": 1963.659649, "delta": 73.727413}}
{"target": 0.5244833333333333, "params": {"batch_size": 451.0, "ch_1": 35.0, "ch_2": 46.0, "ch_3": 59.0, "ch_4": 17.0, "ch_5": 13.0, "k_1": 9.0, "k_2": 4.0, "k_3": 2.0, "k_4": 6.0, "k_5": 10.0, "learning_rate": 0.003687927480814681, "num_layers": 1.0, "padding": 2.0, "stride": 1.0}, "datetime": {"datetime": "2019-02-02 13:47:53", "elapsed": 2044.286068, "delta": 80.626419}}
{"target": 0.4886666666666666, "params": {"batch_size": 499.0, "ch_1": 57.0, "ch_2": 28.0, "ch_3": 52.0, "ch_4": 9.0, "ch_5": 17.0, "k_1": 6.0, "k_2": 7.0, "k_3": 4.0, "k_4": 4.0, "k_5": 2.0, "learning_rate": 0.01186089489623417, "num_layers": 1.0, "padding": 2.0, "stride": 2.0}, "datetime": {"datetime": "2019-02-02 13:48:56", "elapsed": 2107.473404, "delta": 63.187336}}
{"target": 0.4866999999999999, "params": {"batch_size": 341.0, "ch_1": 53.0, "ch_2": 13.0, "ch_3": 37.0, "ch_4": 57.0, "ch_5": 11.0, "k_1": 4.0, "k_2": 4.0, "k_3": 8.0, "k_4": 3.0, "k_5": 5.0, "learning_rate": 0.01292058946236749, "num_layers": 1.0, "padding": 1.0, "stride": 2.0}, "datetime": {"datetime": "2019-02-02 13:50:01", "elapsed": 2172.971009, "delta": 65.497605}}
{"target": 0.46143333333333336, "params": {"batch_size": 135.0, "ch_1": 51.0, "ch_2": 42.0, "ch_3": 49.0, "ch_4": 15.0, "ch_5": 14.0, "k_1": 3.0, "k_2": 7.0, "k_3": 8.0, "k_4": 2.0, "k_5": 7.0, "learning_rate": 0.04492946387181487, "num_layers": 3.0, "padding": 3.0, "stride": 1.0}, "datetime": {"datetime": "2019-02-02 13:52:42", "elapsed": 2333.423203, "delta": 160.452194}}
{"target": 0.45115, "params": {"batch_size": 494.0, "ch_1": 23.0, "ch_2": 4.0, "ch_3": 25.0, "ch_4": 32.0, "ch_5": 14.0, "k_1": 4.0, "k_2": 8.0, "k_3": 4.0, "k_4": 8.0, "k_5": 8.0, "learning_rate": 0.04831509599547524, "num_layers": 2.0, "padding": 1.0, "stride": 2.0}, "datetime": {"datetime": "2019-02-02 13:53:49", "elapsed": 2400.572059, "delta": 67.148856}}
{"target": 0.41451666666666664, "params": {"batch_size": 253.0, "ch_1": 22.0, "ch_2": 62.0, "ch_3": 11.0, "ch_4": 40.0, "ch_5": 62.0, "k_1": 5.0, "k_2": 8.0, "k_3": 8.0, "k_4": 4.0, "k_5": 10.0, "learning_rate": 0.021238294941196164, "num_layers": 1.0, "padding": 1.0, "stride": 1.0}, "datetime": {"datetime": "2019-02-02 13:55:03", "elapsed": 2474.472679, "delta": 73.90062}}
{"target": 0.47059999999999996, "params": {"batch_size": 154.0, "ch_1": 24.0, "ch_2": 27.0, "ch_3": 16.0, "ch_4": 55.0, "ch_5": 19.0, "k_1": 9.0, "k_2": 4.0, "k_3": 6.0, "k_4": 10.0, "k_5": 10.0, "learning_rate": 0.047503566676965654, "num_layers": 4.0, "padding": 3.0, "stride": 1.0}, "datetime": {"datetime": "2019-02-02 13:56:59", "elapsed": 2590.975413, "delta": 116.502734}}
{"target": 0.49049999999999994, "params": {"batch_size": 284.0, "ch_1": 59.0, "ch_2": 58.0, "ch_3": 60.0, "ch_4": 16.0, "ch_5": 45.0, "k_1": 9.0, "k_2": 7.0, "k_3": 8.0, "k_4": 5.0, "k_5": 3.0, "learning_rate": 0.026832822108904676, "num_layers": 1.0, "padding": 2.0, "stride": 3.0}, "datetime": {"datetime": "2019-02-02 13:58:06", "elapsed": 2657.267684, "delta": 66.292271}}
{"target": 0.48901666666666666, "params": {"batch_size": 410.0, "ch_1": 62.0, "ch_2": 4.0, "ch_3": 23.0, "ch_4": 59.0, "ch_5": 27.0, "k_1": 6.0, "k_2": 6.0, "k_3": 6.0, "k_4": 8.0, "k_5": 9.0, "learning_rate": 0.021555167682824682, "num_layers": 2.0, "padding": 2.0, "stride": 2.0}, "datetime": {"datetime": "2019-02-02 13:59:19", "elapsed": 2730.260517, "delta": 72.992833}}
{"target": 0.4156, "params": {"batch_size": 85.0, "ch_1": 8.0, "ch_2": 39.0, "ch_3": 22.0, "ch_4": 28.0, "ch_5": 36.0, "k_1": 9.0, "k_2": 2.0, "k_3": 7.0, "k_4": 6.0, "k_5": 8.0, "learning_rate": 0.017007774689333396, "num_layers": 2.0, "padding": 3.0, "stride": 1.0}, "datetime": {"datetime": "2019-02-02 14:01:15", "elapsed": 2846.790352, "delta": 116.529835}}
{"target": 0.5036333333333333, "params": {"batch_size": 233.0, "ch_1": 60.0, "ch_2": 57.0, "ch_3": 29.0, "ch_4": 40.0, "ch_5": 31.0, "k_1": 7.0, "k_2": 3.0, "k_3": 4.0, "k_4": 4.0, "k_5": 8.0, "learning_rate": 0.0359277746968036, "num_layers": 3.0, "padding": 1.0, "stride": 1.0}, "datetime": {"datetime": "2019-02-02 14:03:00", "elapsed": 2951.219963, "delta": 104.429611}}
{"target": 0.38680000000000003, "params": {"batch_size": 104.0, "ch_1": 34.0, "ch_2": 39.0, "ch_3": 46.0, "ch_4": 22.0, "ch_5": 54.0, "k_1": 8.0, "k_2": 4.0, "k_3": 2.0, "k_4": 5.0, "k_5": 8.0, "learning_rate": 0.03649682487949196, "num_layers": 1.0, "padding": 3.0, "stride": 2.0}, "datetime": {"datetime": "2019-02-02 14:04:25", "elapsed": 3036.487658, "delta": 85.267695}}
{"target": 0.44239999999999996, "params": {"batch_size": 61.0, "ch_1": 43.0, "ch_2": 28.0, "ch_3": 17.0, "ch_4": 4.0, "ch_5": 24.0, "k_1": 9.0, "k_2": 10.0, "k_3": 10.0, "k_4": 6.0, "k_5": 3.0, "learning_rate": 0.040838049494432614, "num_layers": 2.0, "padding": 3.0, "stride": 1.0}, "datetime": {"datetime": "2019-02-02 14:06:50", "elapsed": 3181.867433, "delta": 145.379775}}
{"target": 0.40245, "params": {"batch_size": 438.0, "ch_1": 41.0, "ch_2": 21.0, "ch_3": 4.0, "ch_4": 6.0, "ch_5": 15.0, "k_1": 4.0, "k_2": 3.0, "k_3": 5.0, "k_4": 2.0, "k_5": 2.0, "learning_rate": 0.03821418674431974, "num_layers": 1.0, "padding": 1.0, "stride": 2.0}, "datetime": {"datetime": "2019-02-02 14:07:57", "elapsed": 3248.732406, "delta": 66.864973}}
{"target": 0.5088166666666667, "params": {"batch_size": 337.0, "ch_1": 52.0, "ch_2": 50.0, "ch_3": 33.0, "ch_4": 54.0, "ch_5": 34.0, "k_1": 3.0, "k_2": 3.0, "k_3": 9.0, "k_4": 4.0, "k_5": 2.0, "learning_rate": 0.019959416493117315, "num_layers": 3.0, "padding": 1.0, "stride": 1.0}, "datetime": {"datetime": "2019-02-02 14:09:50", "elapsed": 3361.105578, "delta": 112.373172}}
{"target": 0.5034833333333334, "params": {"batch_size": 447.0, "ch_1": 31.0, "ch_2": 63.0, "ch_3": 44.0, "ch_4": 47.0, "ch_5": 16.0, "k_1": 8.0, "k_2": 8.0, "k_3": 2.0, "k_4": 3.0, "k_5": 8.0, "learning_rate": 0.030995834171354358, "num_layers": 2.0, "padding": 3.0, "stride": 2.0}, "datetime": {"datetime": "2019-02-02 14:10:59", "elapsed": 3430.331707, "delta": 69.226129}}
{"target": 0.4523333333333333, "params": {"batch_size": 204.0, "ch_1": 8.0, "ch_2": 53.0, "ch_3": 3.0, "ch_4": 21.0, "ch_5": 62.0, "k_1": 9.0, "k_2": 10.0, "k_3": 7.0, "k_4": 6.0, "k_5": 8.0, "learning_rate": 0.007848754329442018, "num_layers": 1.0, "padding": 2.0, "stride": 3.0}, "datetime": {"datetime": "2019-02-02 14:12:12", "elapsed": 3504.014154, "delta": 73.682447}}
{"target": 0.39736666666666665, "params": {"batch_size": 369.0, "ch_1": 61.0, "ch_2": 60.0, "ch_3": 43.0, "ch_4": 20.0, "ch_5": 62.0, "k_1": 3.0, "k_2": 3.0, "k_3": 9.0, "k_4": 9.0, "k_5": 8.0, "learning_rate": 0.03755874479481088, "num_layers": 2.0, "padding": 3.0, "stride": 1.0}, "datetime": {"datetime": "2019-02-02 14:14:42", "elapsed": 3653.399619, "delta": 149.385465}}
{"target": 0.4725, "params": {"batch_size": 465.0, "ch_1": 27.0, "ch_2": 16.0, "ch_3": 50.0, "ch_4": 47.0, "ch_5": 53.0, "k_1": 7.0, "k_2": 5.0, "k_3": 2.0, "k_4": 7.0, "k_5": 2.0, "learning_rate": 0.010004063112509669, "num_layers": 3.0, "padding": 3.0, "stride": 1.0}, "datetime": {"datetime": "2019-02-02 14:16:23", "elapsed": 3754.612884, "delta": 101.213265}}
{"target": 0.46431666666666666, "params": {"batch_size": 224.0, "ch_1": 25.0, "ch_2": 15.0, "ch_3": 30.0, "ch_4": 21.0, "ch_5": 60.0, "k_1": 9.0, "k_2": 5.0, "k_3": 6.0, "k_4": 8.0, "k_5": 8.0, "learning_rate": 0.022318094443997565, "num_layers": 2.0, "padding": 2.0, "stride": 1.0}, "datetime": {"datetime": "2019-02-02 14:17:49", "elapsed": 3840.446162, "delta": 85.833278}}
{"target": 0.4990333333333333, "params": {"batch_size": 389.0, "ch_1": 28.0, "ch_2": 58.0, "ch_3": 8.0, "ch_4": 24.0, "ch_5": 22.0, "k_1": 8.0, "k_2": 5.0, "k_3": 6.0, "k_4": 5.0, "k_5": 8.0, "learning_rate": 0.014434599391920854, "num_layers": 1.0, "padding": 1.0, "stride": 2.0}, "datetime": {"datetime": "2019-02-02 14:18:53", "elapsed": 3904.278197, "delta": 63.832035}}
{"target": 0.46774999999999994, "params": {"batch_size": 163.0, "ch_1": 29.0, "ch_2": 4.0, "ch_3": 42.0, "ch_4": 6.0, "ch_5": 53.0, "k_1": 9.0, "k_2": 5.0, "k_3": 10.0, "k_4": 2.0, "k_5": 9.0, "learning_rate": 0.01604232120536558, "num_layers": 1.0, "padding": 3.0, "stride": 1.0}, "datetime": {"datetime": "2019-02-02 14:20:17", "elapsed": 3988.362909, "delta": 84.084712}}
{"target": 0.49441666666666667, "params": {"batch_size": 474.0, "ch_1": 28.0, "ch_2": 10.0, "ch_3": 25.0, "ch_4": 28.0, "ch_5": 57.0, "k_1": 4.0, "k_2": 2.0, "k_3": 4.0, "k_4": 3.0, "k_5": 4.0, "learning_rate": 0.008853238268036925, "num_layers": 1.0, "padding": 3.0, "stride": 2.0}, "datetime": {"datetime": "2019-02-02 14:21:26", "elapsed": 4057.269855, "delta": 68.906946}}
{"target": 0.4773833333333333, "params": {"batch_size": 154.0, "ch_1": 60.0, "ch_2": 30.0, "ch_3": 33.0, "ch_4": 12.0, "ch_5": 25.0, "k_1": 4.0, "k_2": 9.0, "k_3": 5.0, "k_4": 8.0, "k_5": 7.0, "learning_rate": 0.04625008964872016, "num_layers": 2.0, "padding": 3.0, "stride": 2.0}, "datetime": {"datetime": "2019-02-02 14:22:55", "elapsed": 4146.872835, "delta": 89.60298}}
{"target": 0.49733333333333335, "params": {"batch_size": 434.0, "ch_1": 18.0, "ch_2": 28.0, "ch_3": 14.0, "ch_4": 35.0, "ch_5": 17.0, "k_1": 7.0, "k_2": 4.0, "k_3": 3.0, "k_4": 3.0, "k_5": 5.0, "learning_rate": 0.00832285175218789, "num_layers": 3.0, "padding": 2.0, "stride": 1.0}, "datetime": {"datetime": "2019-02-02 14:24:23", "elapsed": 4234.276389, "delta": 87.403554}}
