{"target": 0.9071855992839613, "params": {"E_E": 5.0, "E_I": -12.0, "b_etas": 0.01, "dt": 1.0, "f_etas": 0.01, "g_A": 0.1, "g_B": 0.3, "h_l_1": 500.0, "h_l_2": 500.0, "h_l_3": 500.0, "h_l_4": 30.0, "h_l_5": 30.0, "h_l_6": 500.0, "l_f_phase": 2.0, "l_f_phase_test": 100.0, "l_t_phase": 2.0, "lambda_max": 0.2, "noisy_symmetric_weights": 0.0, "num_layers": 1.0, "tau_L": 7.0, "tau_s": 1.0, "update_feedback_weights": 0.0, "use_apical_conductance": 0.0, "use_broadcast": 0.0, "use_conductances": 0.0, "use_feedback_bias": 0.0, "use_sparse_feedback": 0.0, "use_spiking_feedback": 0.0, "use_spiking_feedforward": 0.0, "use_symmetric_weights": 1.0, "use_weight_optimization": 0.0}, "datetime": {"datetime": "2019-02-07 21:31:29", "elapsed": 767506.135802, "delta": 6234.681797}}
{"target": 0.09895698873446894, "params": {"E_E": 6.5505354803700495, "E_I": -6.657025696054265, "b_etas": 0.03175942103715009, "dt": 0.34731444059921235, "f_etas": 0.476159248506333, "g_A": 0.0995110237182093, "g_B": 0.8123192584829839, "h_l_1": 410.0, "h_l_2": 483.0, "h_l_3": 244.0, "h_l_4": 298.0, "h_l_5": 197.0, "h_l_6": 467.0, "l_f_phase": 7.0, "l_f_phase_test": 73.0, "l_t_phase": 6.0, "lambda_max": 0.27312239351991197, "noisy_symmetric_weights": 0.0, "num_layers": 4.0, "tau_L": 8.941353607629216, "tau_s": 1.452949811956128, "update_feedback_weights": 0.0, "use_apical_conductance": 1.0, "use_broadcast": 0.0, "use_conductances": 0.0, "use_feedback_bias": 0.0, "use_sparse_feedback": 1.0, "use_spiking_feedback": 0.0, "use_spiking_feedforward": 1.0, "use_symmetric_weights": 1.0, "use_weight_optimization": 1.0}, "datetime": {"datetime": "2019-02-08 05:03:02", "elapsed": 794599.439541, "delta": 27093.303739}}
{"target": 0.8940143197671634, "params": {"E_E": 12.0, "E_I": -12.0, "b_etas": 0.01, "dt": 1.0, "f_etas": 0.01, "g_A": 0.02, "g_B": 0.3, "h_l_1": 500.0, "h_l_2": 30.0, "h_l_3": 30.0, "h_l_4": 30.0, "h_l_5": 30.0, "h_l_6": 500.0, "l_f_phase": 50.0, "l_f_phase_test": 100.0, "l_t_phase": 50.0, "lambda_max": 0.2, "noisy_symmetric_weights": 0.0, "num_layers": 1.0, "tau_L": 7.0, "tau_s": 5.0, "update_feedback_weights": 1.0, "use_apical_conductance": 0.0, "use_broadcast": 0.0, "use_conductances": 0.0, "use_feedback_bias": 1.0, "use_sparse_feedback": 0.0, "use_spiking_feedback": 0.0, "use_spiking_feedforward": 0.0, "use_symmetric_weights": 1.0, "use_weight_optimization": 0.0}, "datetime": {"datetime": "2019-02-08 16:15:30", "elapsed": 834946.857445, "delta": 40347.417904}}
{"target": 0.3246474560401842, "params": {"E_E": 5.0, "E_I": -12.0, "b_etas": 0.01, "dt": 1.0, "f_etas": 0.5, "g_A": 0.1, "g_B": 0.3, "h_l_1": 500.0, "h_l_2": 30.0, "h_l_3": 500.0, "h_l_4": 30.0, "h_l_5": 30.0, "h_l_6": 500.0, "l_f_phase": 2.0, "l_f_phase_test": 100.0, "l_t_phase": 2.0, "lambda_max": 0.2, "noisy_symmetric_weights": 1.0, "num_layers": 1.0, "tau_L": 7.0, "tau_s": 1.0, "update_feedback_weights": 1.0, "use_apical_conductance": 0.0, "use_broadcast": 1.0, "use_conductances": 1.0, "use_feedback_bias": 1.0, "use_sparse_feedback": 0.0, "use_spiking_feedback": 0.0, "use_spiking_feedforward": 0.0, "use_symmetric_weights": 1.0, "use_weight_optimization": 0.0}, "datetime": {"datetime": "2019-02-08 18:15:28", "elapsed": 842145.525043, "delta": 7198.667598}}
{"target": 0.8580427456205495, "params": {"E_E": 12.0, "E_I": -12.0, "b_etas": 0.01, "dt": 1.0, "f_etas": 0.01, "g_A": 0.02, "g_B": 0.3, "h_l_1": 30.0, "h_l_2": 30.0, "h_l_3": 500.0, "h_l_4": 30.0, "h_l_5": 30.0, "h_l_6": 30.0, "l_f_phase": 2.0, "l_f_phase_test": 100.0, "l_t_phase": 50.0, "lambda_max": 0.2, "noisy_symmetric_weights": 0.0, "num_layers": 1.0, "tau_L": 7.0, "tau_s": 5.0, "update_feedback_weights": 1.0, "use_apical_conductance": 0.0, "use_broadcast": 0.0, "use_conductances": 0.0, "use_feedback_bias": 1.0, "use_sparse_feedback": 0.0, "use_spiking_feedback": 0.0, "use_spiking_feedforward": 0.0, "use_symmetric_weights": 1.0, "use_weight_optimization": 0.0}, "datetime": {"datetime": "2019-02-08 21:05:13", "elapsed": 852330.408398, "delta": 10184.883355}}
{"target": 0.8806143645697494, "params": {"E_E": 5.0, "E_I": -12.0, "b_etas": 0.01, "dt": 1.0, "f_etas": 0.01, "g_A": 0.02, "g_B": 0.3, "h_l_1": 30.0, "h_l_2": 30.0, "h_l_3": 500.0, "h_l_4": 30.0, "h_l_5": 500.0, "h_l_6": 30.0, "l_f_phase": 2.0, "l_f_phase_test": 50.0, "l_t_phase": 2.0, "lambda_max": 0.2, "noisy_symmetric_weights": 0.0, "num_layers": 1.0, "tau_L": 7.0, "tau_s": 1.0, "update_feedback_weights": 0.0, "use_apical_conductance": 0.0, "use_broadcast": 0.0, "use_conductances": 0.0, "use_feedback_bias": 0.0, "use_sparse_feedback": 0.0, "use_spiking_feedback": 0.0, "use_spiking_feedforward": 0.0, "use_symmetric_weights": 0.0, "use_weight_optimization": 0.0}, "datetime": {"datetime": "2019-02-08 21:36:17", "elapsed": 854193.782516, "delta": 1863.374118}}
{"target": 0.8990428253409725, "params": {"E_E": 12.0, "E_I": -12.0, "b_etas": 0.01, "dt": 1.0, "f_etas": 0.01, "g_A": 0.02, "g_B": 0.3, "h_l_1": 500.0, "h_l_2": 30.0, "h_l_3": 30.0, "h_l_4": 500.0, "h_l_5": 30.0, "h_l_6": 500.0, "l_f_phase": 2.0, "l_f_phase_test": 100.0, "l_t_phase": 50.0, "lambda_max": 0.2, "noisy_symmetric_weights": 0.0, "num_layers": 1.0, "tau_L": 7.0, "tau_s": 1.0, "update_feedback_weights": 0.0, "use_apical_conductance": 0.0, "use_broadcast": 0.0, "use_conductances": 0.0, "use_feedback_bias": 1.0, "use_sparse_feedback": 0.0, "use_spiking_feedback": 0.0, "use_spiking_feedforward": 0.0, "use_symmetric_weights": 0.0, "use_weight_optimization": 0.0}, "datetime": {"datetime": "2019-02-09 04:17:15", "elapsed": 878251.900153, "delta": 24058.117637}}
{"target": 0.8799428333604625, "params": {"E_E": 5.0, "E_I": -12.0, "b_etas": 0.01, "dt": 1.0, "f_etas": 0.01, "g_A": 0.1, "g_B": 0.3, "h_l_1": 30.0, "h_l_2": 500.0, "h_l_3": 500.0, "h_l_4": 30.0, "h_l_5": 30.0, "h_l_6": 30.0, "l_f_phase": 2.0, "l_f_phase_test": 50.0, "l_t_phase": 2.0, "lambda_max": 0.2, "noisy_symmetric_weights": 0.0, "num_layers": 1.0, "tau_L": 7.0, "tau_s": 5.0, "update_feedback_weights": 0.0, "use_apical_conductance": 0.0, "use_broadcast": 0.0, "use_conductances": 0.0, "use_feedback_bias": 0.0, "use_sparse_feedback": 0.0, "use_spiking_feedback": 0.0, "use_spiking_feedforward": 0.0, "use_symmetric_weights": 0.0, "use_weight_optimization": 0.0}, "datetime": {"datetime": "2019-02-09 04:46:42", "elapsed": 880019.471743, "delta": 1767.57159}}
{"target": 0.9058430608880585, "params": {"E_E": 5.0, "E_I": -12.0, "b_etas": 0.01, "dt": 1.0, "f_etas": 0.01, "g_A": 0.02, "g_B": 0.3, "h_l_1": 500.0, "h_l_2": 30.0, "h_l_3": 30.0, "h_l_4": 30.0, "h_l_5": 500.0, "h_l_6": 500.0, "l_f_phase": 2.0, "l_f_phase_test": 50.0, "l_t_phase": 2.0, "lambda_max": 0.2, "noisy_symmetric_weights": 1.0, "num_layers": 1.0, "tau_L": 7.0, "tau_s": 5.0, "update_feedback_weights": 0.0, "use_apical_conductance": 0.0, "use_broadcast": 0.0, "use_conductances": 0.0, "use_feedback_bias": 1.0, "use_sparse_feedback": 0.0, "use_spiking_feedback": 0.0, "use_spiking_feedforward": 0.0, "use_symmetric_weights": 1.0, "use_weight_optimization": 0.0}, "datetime": {"datetime": "2019-02-09 06:14:11", "elapsed": 885268.220883, "delta": 5248.74914}}
{"target": 0.9073000458123247, "params": {"E_E": 5.0, "E_I": -12.0, "b_etas": 0.01, "dt": 1.0, "f_etas": 0.01, "g_A": 0.02, "g_B": 0.3, "h_l_1": 500.0, "h_l_2": 500.0, "h_l_3": 500.0, "h_l_4": 30.0, "h_l_5": 500.0, "h_l_6": 500.0, "l_f_phase": 2.0, "l_f_phase_test": 50.0, "l_t_phase": 50.0, "lambda_max": 0.2, "noisy_symmetric_weights": 0.0, "num_layers": 1.0, "tau_L": 7.0, "tau_s": 5.0, "update_feedback_weights": 0.0, "use_apical_conductance": 0.0, "use_broadcast": 0.0, "use_conductances": 0.0, "use_feedback_bias": 0.0, "use_sparse_feedback": 0.0, "use_spiking_feedback": 0.0, "use_spiking_feedforward": 0.0, "use_symmetric_weights": 1.0, "use_weight_optimization": 0.0}, "datetime": {"datetime": "2019-02-09 12:30:50", "elapsed": 907866.973531, "delta": 22598.752648}}
{"target": 0.8877143858640574, "params": {"E_E": 12.0, "E_I": -12.0, "b_etas": 0.01, "dt": 1.0, "f_etas": 0.01, "g_A": 0.02, "g_B": 0.3, "h_l_1": 500.0, "h_l_2": 500.0, "h_l_3": 30.0, "h_l_4": 30.0, "h_l_5": 30.0, "h_l_6": 500.0, "l_f_phase": 50.0, "l_f_phase_test": 50.0, "l_t_phase": 50.0, "lambda_max": 0.2, "noisy_symmetric_weights": 0.0, "num_layers": 1.0, "tau_L": 7.0, "tau_s": 5.0, "update_feedback_weights": 1.0, "use_apical_conductance": 0.0, "use_broadcast": 0.0, "use_conductances": 0.0, "use_feedback_bias": 1.0, "use_sparse_feedback": 0.0, "use_spiking_feedback": 0.0, "use_spiking_feedforward": 0.0, "use_symmetric_weights": 0.0, "use_weight_optimization": 0.0}, "datetime": {"datetime": "2019-02-09 23:32:21", "elapsed": 947558.071969, "delta": 39691.098438}}
{"target": 0.9055428802941702, "params": {"E_E": 5.0, "E_I": -12.0, "b_etas": 0.01, "dt": 1.0, "f_etas": 0.01, "g_A": 0.02, "g_B": 0.3, "h_l_1": 30.0, "h_l_2": 500.0, "h_l_3": 500.0, "h_l_4": 30.0, "h_l_5": 500.0, "h_l_6": 30.0, "l_f_phase": 2.0, "l_f_phase_test": 100.0, "l_t_phase": 50.0, "lambda_max": 0.2, "noisy_symmetric_weights": 0.0, "num_layers": 1.0, "tau_L": 7.0, "tau_s": 5.0, "update_feedback_weights": 0.0, "use_apical_conductance": 0.0, "use_broadcast": 0.0, "use_conductances": 0.0, "use_feedback_bias": 1.0, "use_sparse_feedback": 0.0, "use_spiking_feedback": 0.0, "use_spiking_feedforward": 0.0, "use_symmetric_weights": 1.0, "use_weight_optimization": 0.0}, "datetime": {"datetime": "2019-02-10 02:24:22", "elapsed": 957878.721671, "delta": 10320.649702}}
{"target": 0.8800570135550764, "params": {"E_E": 5.0, "E_I": -12.0, "b_etas": 0.01, "dt": 1.0, "f_etas": 0.01, "g_A": 0.02, "g_B": 0.3, "h_l_1": 30.0, "h_l_2": 30.0, "h_l_3": 30.0, "h_l_4": 30.0, "h_l_5": 30.0, "h_l_6": 30.0, "l_f_phase": 50.0, "l_f_phase_test": 50.0, "l_t_phase": 50.0, "lambda_max": 0.2, "noisy_symmetric_weights": 0.0, "num_layers": 1.0, "tau_L": 7.0, "tau_s": 1.0, "update_feedback_weights": 0.0, "use_apical_conductance": 0.0, "use_broadcast": 0.0, "use_conductances": 0.0, "use_feedback_bias": 0.0, "use_sparse_feedback": 0.0, "use_spiking_feedback": 0.0, "use_spiking_feedforward": 0.0, "use_symmetric_weights": 0.0, "use_weight_optimization": 0.0}, "datetime": {"datetime": "2019-02-10 07:03:25", "elapsed": 974622.057884, "delta": 16743.336213}}
