{"target": 0.9745713703989786, "params": {"batch_size": 66.0, "ch_1": 59.0, "ch_2": 57.0, "ch_3": 63.0, "ch_4": 55.0, "ch_5": 25.0, "k_1": 3.0, "k_2": 7.0, "k_3": 9.0, "k_4": 5.0, "k_5": 8.0, "learning_rate": 0.013493491756404772, "num_layers": 1.0, "padding": 2.0, "stride": 1.0}, "datetime": {"datetime": "2019-02-02 11:40:11", "elapsed": 0.0, "delta": 0.0}}
{"target": 0.9852713443088271, "params": {"batch_size": 111.0, "ch_1": 57.0, "ch_2": 55.0, "ch_3": 16.0, "ch_4": 35.0, "ch_5": 10.0, "k_1": 10.0, "k_2": 4.0, "k_3": 5.0, "k_4": 8.0, "k_5": 4.0, "learning_rate": 0.015496475919894793, "num_layers": 2.0, "padding": 2.0, "stride": 2.0}, "datetime": {"datetime": "2019-02-02 11:41:59", "elapsed": 107.318845, "delta": 107.318845}}
{"target": 0.9880142260499204, "params": {"batch_size": 313.0, "ch_1": 16.0, "ch_2": 34.0, "ch_3": 32.0, "ch_4": 8.0, "ch_5": 31.0, "k_1": 5.0, "k_2": 8.0, "k_3": 5.0, "k_4": 8.0, "k_5": 7.0, "learning_rate": 0.008585431295936313, "num_layers": 2.0, "padding": 1.0, "stride": 1.0}, "datetime": {"datetime": "2019-02-02 11:43:17", "elapsed": 185.880707, "delta": 78.561862}}
{"target": 0.977899799126647, "params": {"batch_size": 155.0, "ch_1": 29.0, "ch_2": 63.0, "ch_3": 5.0, "ch_4": 59.0, "ch_5": 4.0, "k_1": 3.0, "k_2": 2.0, "k_3": 3.0, "k_4": 2.0, "k_5": 4.0, "learning_rate": 0.0070812357585550035, "num_layers": 1.0, "padding": 2.0, "stride": 1.0}, "datetime": {"datetime": "2019-02-02 11:44:41", "elapsed": 269.908941, "delta": 84.028234}}
{"target": 0.9670998537800664, "params": {"batch_size": 325.0, "ch_1": 32.0, "ch_2": 36.0, "ch_3": 56.0, "ch_4": 40.0, "ch_5": 32.0, "k_1": 2.0, "k_2": 6.0, "k_3": 9.0, "k_4": 5.0, "k_5": 9.0, "learning_rate": 0.033709643795431656, "num_layers": 2.0, "padding": 2.0, "stride": 2.0}, "datetime": {"datetime": "2019-02-02 11:45:54", "elapsed": 342.38545, "delta": 72.476509}}
{"target": 0.9658571006532579, "params": {"batch_size": 179.0, "ch_1": 52.0, "ch_2": 12.0, "ch_3": 5.0, "ch_4": 35.0, "ch_5": 17.0, "k_1": 5.0, "k_2": 7.0, "k_3": 8.0, "k_4": 8.0, "k_5": 2.0, "learning_rate": 0.03492060251366118, "num_layers": 1.0, "padding": 2.0, "stride": 3.0}, "datetime": {"datetime": "2019-02-02 11:47:06", "elapsed": 414.432261, "delta": 72.046811}}
{"target": 0.9709288804019378, "params": {"batch_size": 197.0, "ch_1": 13.0, "ch_2": 38.0, "ch_3": 12.0, "ch_4": 53.0, "ch_5": 45.0, "k_1": 3.0, "k_2": 3.0, "k_3": 10.0, "k_4": 5.0, "k_5": 9.0, "learning_rate": 0.027361827767005773, "num_layers": 1.0, "padding": 2.0, "stride": 1.0}, "datetime": {"datetime": "2019-02-02 11:48:23", "elapsed": 491.76086, "delta": 77.328599}}
{"target": 0.9867428117102787, "params": {"batch_size": 158.0, "ch_1": 19.0, "ch_2": 29.0, "ch_3": 45.0, "ch_4": 52.0, "ch_5": 25.0, "k_1": 9.0, "k_2": 6.0, "k_3": 10.0, "k_4": 3.0, "k_5": 7.0, "learning_rate": 0.014276774899109425, "num_layers": 2.0, "padding": 1.0, "stride": 1.0}, "datetime": {"datetime": "2019-02-02 11:49:46", "elapsed": 575.14629, "delta": 83.38543}}
{"target": 0.9817857257855295, "params": {"batch_size": 203.0, "ch_1": 11.0, "ch_2": 48.0, "ch_3": 43.0, "ch_4": 30.0, "ch_5": 23.0, "k_1": 7.0, "k_2": 3.0, "k_3": 6.0, "k_4": 4.0, "k_5": 3.0, "learning_rate": 0.047369871291335845, "num_layers": 4.0, "padding": 3.0, "stride": 1.0}, "datetime": {"datetime": "2019-02-02 11:51:30", "elapsed": 678.316393, "delta": 103.170103}}
{"target": 0.9891142362974366, "params": {"batch_size": 223.0, "ch_1": 64.0, "ch_2": 44.0, "ch_3": 21.0, "ch_4": 33.0, "ch_5": 35.0, "k_1": 3.0, "k_2": 8.0, "k_3": 2.0, "k_4": 2.0, "k_5": 9.0, "learning_rate": 0.008682076239506628, "num_layers": 2.0, "padding": 2.0, "stride": 1.0}, "datetime": {"datetime": "2019-02-02 11:53:44", "elapsed": 812.931847, "delta": 134.615454}}
{"target": 0.9827714033820231, "params": {"batch_size": 413.0, "ch_1": 59.0, "ch_2": 9.0, "ch_3": 4.0, "ch_4": 7.0, "ch_5": 56.0, "k_1": 7.0, "k_2": 8.0, "k_3": 5.0, "k_4": 6.0, "k_5": 3.0, "learning_rate": 0.016053579950951368, "num_layers": 2.0, "padding": 3.0, "stride": 3.0}, "datetime": {"datetime": "2019-02-02 11:54:51", "elapsed": 879.577457, "delta": 66.64561}}
{"target": 0.9737714336226023, "params": {"batch_size": 230.0, "ch_1": 26.0, "ch_2": 48.0, "ch_3": 18.0, "ch_4": 46.0, "ch_5": 57.0, "k_1": 4.0, "k_2": 6.0, "k_3": 7.0, "k_4": 6.0, "k_5": 3.0, "learning_rate": 0.016561588875119364, "num_layers": 1.0, "padding": 3.0, "stride": 2.0}, "datetime": {"datetime": "2019-02-02 11:56:00", "elapsed": 948.943071, "delta": 69.365614}}
{"target": 0.9904142689988887, "params": {"batch_size": 194.0, "ch_1": 33.0, "ch_2": 63.0, "ch_3": 59.0, "ch_4": 12.0, "ch_5": 33.0, "k_1": 7.0, "k_2": 2.0, "k_3": 9.0, "k_4": 3.0, "k_5": 7.0, "learning_rate": 0.0028924710179274505, "num_layers": 4.0, "padding": 2.0, "stride": 1.0}, "datetime": {"datetime": "2019-02-02 11:58:08", "elapsed": 1077.210022, "delta": 128.266951}}
{"target": 0.9848856544936705, "params": {"batch_size": 251.0, "ch_1": 38.0, "ch_2": 5.0, "ch_3": 6.0, "ch_4": 16.0, "ch_5": 18.0, "k_1": 5.0, "k_2": 8.0, "k_3": 6.0, "k_4": 9.0, "k_5": 8.0, "learning_rate": 0.03941949725159711, "num_layers": 4.0, "padding": 3.0, "stride": 1.0}, "datetime": {"datetime": "2019-02-02 11:59:50", "elapsed": 1178.761884, "delta": 101.551862}}
{"target": 0.9766288071756608, "params": {"batch_size": 344.0, "ch_1": 41.0, "ch_2": 55.0, "ch_3": 4.0, "ch_4": 43.0, "ch_5": 52.0, "k_1": 5.0, "k_2": 7.0, "k_3": 7.0, "k_4": 4.0, "k_5": 7.0, "learning_rate": 0.036706620434806124, "num_layers": 1.0, "padding": 2.0, "stride": 1.0}, "datetime": {"datetime": "2019-02-02 12:01:02", "elapsed": 1250.434194, "delta": 71.67231}}
{"target": 0.9561429206498223, "params": {"batch_size": 367.0, "ch_1": 24.0, "ch_2": 25.0, "ch_3": 52.0, "ch_4": 5.0, "ch_5": 57.0, "k_1": 2.0, "k_2": 2.0, "k_3": 9.0, "k_4": 2.0, "k_5": 4.0, "learning_rate": 0.004235694790702319, "num_layers": 1.0, "padding": 2.0, "stride": 2.0}, "datetime": {"datetime": "2019-02-02 12:01:53", "elapsed": 1301.292854, "delta": 50.85866}}
{"target": 0.9792999624257744, "params": {"batch_size": 431.0, "ch_1": 8.0, "ch_2": 28.0, "ch_3": 62.0, "ch_4": 14.0, "ch_5": 9.0, "k_1": 8.0, "k_2": 10.0, "k_3": 5.0, "k_4": 10.0, "k_5": 3.0, "learning_rate": 0.003916047808040918, "num_layers": 1.0, "padding": 3.0, "stride": 2.0}, "datetime": {"datetime": "2019-02-02 12:02:40", "elapsed": 1349.141259, "delta": 47.848405}}
{"target": 0.982714289089897, "params": {"batch_size": 148.0, "ch_1": 44.0, "ch_2": 49.0, "ch_3": 41.0, "ch_4": 43.0, "ch_5": 12.0, "k_1": 9.0, "k_2": 6.0, "k_3": 5.0, "k_4": 4.0, "k_5": 7.0, "learning_rate": 0.012848756815163637, "num_layers": 1.0, "padding": 3.0, "stride": 1.0}, "datetime": {"datetime": "2019-02-02 12:03:54", "elapsed": 1422.640561, "delta": 73.499302}}
{"target": 0.9662579536089927, "params": {"batch_size": 60.0, "ch_1": 8.0, "ch_2": 22.0, "ch_3": 58.0, "ch_4": 47.0, "ch_5": 6.0, "k_1": 6.0, "k_2": 2.0, "k_3": 3.0, "k_4": 9.0, "k_5": 7.0, "learning_rate": 0.03448430908584057, "num_layers": 1.0, "padding": 2.0, "stride": 2.0}, "datetime": {"datetime": "2019-02-02 12:05:25", "elapsed": 1514.233165, "delta": 91.592604}}
{"target": 0.9814284951712406, "params": {"batch_size": 492.0, "ch_1": 57.0, "ch_2": 30.0, "ch_3": 15.0, "ch_4": 3.0, "ch_5": 55.0, "k_1": 6.0, "k_2": 8.0, "k_3": 6.0, "k_4": 8.0, "k_5": 2.0, "learning_rate": 0.00980151180570679, "num_layers": 1.0, "padding": 2.0, "stride": 2.0}, "datetime": {"datetime": "2019-02-02 12:06:14", "elapsed": 1562.819513, "delta": 48.586348}}
{"target": 0.9869143137476, "params": {"batch_size": 174.0, "ch_1": 38.0, "ch_2": 8.0, "ch_3": 22.0, "ch_4": 50.0, "ch_5": 39.0, "k_1": 5.0, "k_2": 4.0, "k_3": 3.0, "k_4": 4.0, "k_5": 7.0, "learning_rate": 0.02100928809699725, "num_layers": 4.0, "padding": 1.0, "stride": 1.0}, "datetime": {"datetime": "2019-02-02 12:07:39", "elapsed": 1647.718491, "delta": 84.898978}}
{"target": 0.9683569803643146, "params": {"batch_size": 305.0, "ch_1": 6.0, "ch_2": 48.0, "ch_3": 32.0, "ch_4": 4.0, "ch_5": 11.0, "k_1": 3.0, "k_2": 2.0, "k_3": 4.0, "k_4": 8.0, "k_5": 6.0, "learning_rate": 0.039437813928506815, "num_layers": 1.0, "padding": 2.0, "stride": 1.0}, "datetime": {"datetime": "2019-02-02 12:08:26", "elapsed": 1694.925564, "delta": 47.207073}}
{"target": 0.967871306869276, "params": {"batch_size": 222.0, "ch_1": 44.0, "ch_2": 3.0, "ch_3": 64.0, "ch_4": 18.0, "ch_5": 64.0, "k_1": 10.0, "k_2": 8.0, "k_3": 2.0, "k_4": 10.0, "k_5": 6.0, "learning_rate": 0.00010002055124184713, "num_layers": 1.0, "padding": 2.0, "stride": 2.0}, "datetime": {"datetime": "2019-02-02 12:09:19", "elapsed": 1747.463532, "delta": 52.537968}}
{"target": 0.9771854542079889, "params": {"batch_size": 167.0, "ch_1": 49.0, "ch_2": 23.0, "ch_3": 33.0, "ch_4": 21.0, "ch_5": 58.0, "k_1": 8.0, "k_2": 3.0, "k_3": 6.0, "k_4": 4.0, "k_5": 9.0, "learning_rate": 0.01413007562045662, "num_layers": 2.0, "padding": 3.0, "stride": 2.0}, "datetime": {"datetime": "2019-02-02 12:10:24", "elapsed": 1812.467125, "delta": 65.003593}}
{"target": 0.9893429934231026, "params": {"batch_size": 302.0, "ch_1": 13.0, "ch_2": 44.0, "ch_3": 4.0, "ch_4": 54.0, "ch_5": 50.0, "k_1": 5.0, "k_2": 8.0, "k_3": 9.0, "k_4": 5.0, "k_5": 5.0, "learning_rate": 0.010405849649963285, "num_layers": 2.0, "padding": 1.0, "stride": 1.0}, "datetime": {"datetime": "2019-02-02 12:11:19", "elapsed": 1867.947435, "delta": 55.48031}}
{"target": 0.9858856688181553, "params": {"batch_size": 328.0, "ch_1": 61.0, "ch_2": 7.0, "ch_3": 46.0, "ch_4": 18.0, "ch_5": 51.0, "k_1": 9.0, "k_2": 5.0, "k_3": 5.0, "k_4": 6.0, "k_5": 4.0, "learning_rate": 0.004770937694875125, "num_layers": 2.0, "padding": 2.0, "stride": 1.0}, "datetime": {"datetime": "2019-02-02 12:12:26", "elapsed": 1934.704946, "delta": 66.757511}}
