{"target": 0.9767858378103469, "params": {"batch_size": 238.0, "ch_1": 47.0, "ch_2": 3.0, "ch_3": 21.0, "ch_4": 12.0, "ch_5": 9.0, "k_1": 3.0, "k_2": 5.0, "k_3": 5.0, "k_4": 6.0, "k_5": 5.0, "learning_rate": 0.0342924530697983, "num_layers": 2.0, "padding": 3.0, "stride": 1.0}, "datetime": {"datetime": "2019-02-01 13:02:06", "elapsed": 0.0, "delta": 0.0}}
{"target": 0.9812999237374221, "params": {"batch_size": 156.0, "ch_1": 37.0, "ch_2": 16.0, "ch_3": 7.0, "ch_4": 58.0, "ch_5": 23.0, "k_1": 8.0, "k_2": 9.0, "k_3": 3.0, "k_4": 5.0, "k_5": 10.0, "learning_rate": 0.018009213206005174, "num_layers": 1.0, "padding": 1.0, "stride": 2.0}, "datetime": {"datetime": "2019-02-01 13:02:42", "elapsed": 36.184658, "delta": 36.184658}}
{"target": 0.9816000829106081, "params": {"batch_size": 57.0, "ch_1": 18.0, "ch_2": 63.0, "ch_3": 64.0, "ch_4": 5.0, "ch_5": 55.0, "k_1": 8.0, "k_2": 6.0, "k_3": 3.0, "k_4": 9.0, "k_5": 8.0, "learning_rate": 0.0030596383223018115, "num_layers": 1.0, "padding": 1.0, "stride": 2.0}, "datetime": {"datetime": "2019-02-01 13:05:46", "elapsed": 220.326438, "delta": 184.14178}}
{"target": 0.978071509297509, "params": {"batch_size": 52.0, "ch_1": 21.0, "ch_2": 6.0, "ch_3": 4.0, "ch_4": 63.0, "ch_5": 7.0, "k_1": 3.0, "k_2": 10.0, "k_3": 8.0, "k_4": 7.0, "k_5": 7.0, "learning_rate": 0.022640849319284107, "num_layers": 2.0, "padding": 2.0, "stride": 1.0}, "datetime": {"datetime": "2019-02-01 13:08:31", "elapsed": 385.830655, "delta": 165.504217}}
{"target": 0.9813713625143903, "params": {"batch_size": 486.0, "ch_1": 4.0, "ch_2": 62.0, "ch_3": 51.0, "ch_4": 60.0, "ch_5": 53.0, "k_1": 5.0, "k_2": 8.0, "k_3": 4.0, "k_4": 9.0, "k_5": 3.0, "learning_rate": 0.038639024036474755, "num_layers": 2.0, "padding": 3.0, "stride": 1.0}, "datetime": {"datetime": "2019-02-01 13:12:30", "elapsed": 624.753382, "delta": 238.922727}}
{"target": 0.987399883175868, "params": {"batch_size": 71.0, "ch_1": 57.0, "ch_2": 64.0, "ch_3": 7.0, "ch_4": 63.0, "ch_5": 59.0, "k_1": 7.0, "k_2": 5.0, "k_3": 6.0, "k_4": 4.0, "k_5": 4.0, "learning_rate": 0.02484597018951484, "num_layers": 3.0, "padding": 1.0, "stride": 1.0}, "datetime": {"datetime": "2019-02-01 13:21:56", "elapsed": 1190.833933, "delta": 566.080551}}
{"target": 0.9855000769481942, "params": {"batch_size": 74.0, "ch_1": 59.0, "ch_2": 63.0, "ch_3": 63.0, "ch_4": 61.0, "ch_5": 61.0, "k_1": 6.0, "k_2": 5.0, "k_3": 4.0, "k_4": 3.0, "k_5": 8.0, "learning_rate": 0.015982410217856218, "num_layers": 3.0, "padding": 2.0, "stride": 2.0}, "datetime": {"datetime": "2019-02-01 13:23:56", "elapsed": 1309.929953, "delta": 119.09602}}
{"target": 0.980000129777384, "params": {"batch_size": 482.0, "ch_1": 61.0, "ch_2": 62.0, "ch_3": 4.0, "ch_4": 63.0, "ch_5": 51.0, "k_1": 9.0, "k_2": 6.0, "k_3": 4.0, "k_4": 4.0, "k_5": 7.0, "learning_rate": 0.04656002250264831, "num_layers": 1.0, "padding": 2.0, "stride": 1.0}, "datetime": {"datetime": "2019-02-01 13:32:24", "elapsed": 1818.63644, "delta": 508.706487}}
{"target": 0.9763571500543659, "params": {"batch_size": 66.0, "ch_1": 55.0, "ch_2": 5.0, "ch_3": 41.0, "ch_4": 62.0, "ch_5": 63.0, "k_1": 3.0, "k_2": 9.0, "k_3": 3.0, "k_4": 9.0, "k_5": 6.0, "learning_rate": 0.012310761337662787, "num_layers": 1.0, "padding": 1.0, "stride": 1.0}, "datetime": {"datetime": "2019-02-01 13:41:06", "elapsed": 2340.116894, "delta": 521.480454}}
{"target": 0.9831142972683207, "params": {"batch_size": 213.0, "ch_1": 53.0, "ch_2": 64.0, "ch_3": 59.0, "ch_4": 56.0, "ch_5": 4.0, "k_1": 4.0, "k_2": 7.0, "k_3": 7.0, "k_4": 9.0, "k_5": 2.0, "learning_rate": 0.03397262502417253, "num_layers": 2.0, "padding": 1.0, "stride": 2.0}, "datetime": {"datetime": "2019-02-01 13:54:40", "elapsed": 3154.051385, "delta": 813.934491}}
{"target": 0.9731284968730384, "params": {"batch_size": 52.0, "ch_1": 21.0, "ch_2": 63.0, "ch_3": 7.0, "ch_4": 61.0, "ch_5": 8.0, "k_1": 3.0, "k_2": 9.0, "k_3": 6.0, "k_4": 7.0, "k_5": 7.0, "learning_rate": 0.03531664414520491, "num_layers": 2.0, "padding": 3.0, "stride": 1.0}, "datetime": {"datetime": "2019-02-01 14:09:04", "elapsed": 4017.940336, "delta": 863.888951}}
{"target": 0.9716574273739437, "params": {"batch_size": 283.0, "ch_1": 6.0, "ch_2": 32.0, "ch_3": 59.0, "ch_4": 46.0, "ch_5": 60.0, "k_1": 9.0, "k_2": 3.0, "k_3": 10.0, "k_4": 3.0, "k_5": 2.0, "learning_rate": 0.008030532444076931, "num_layers": 2.0, "padding": 1.0, "stride": 3.0}, "datetime": {"datetime": "2019-02-01 14:18:36", "elapsed": 4589.973273, "delta": 572.032937}}
{"target": 0.9773286255975115, "params": {"batch_size": 494.0, "ch_1": 51.0, "ch_2": 54.0, "ch_3": 64.0, "ch_4": 3.0, "ch_5": 14.0, "k_1": 8.0, "k_2": 4.0, "k_3": 6.0, "k_4": 3.0, "k_5": 10.0, "learning_rate": 0.04392239736047633, "num_layers": 1.0, "padding": 3.0, "stride": 2.0}, "datetime": {"datetime": "2019-02-01 14:20:05", "elapsed": 4679.108266, "delta": 89.134993}}
{"target": 0.9741998336645716, "params": {"batch_size": 499.0, "ch_1": 10.0, "ch_2": 7.0, "ch_3": 37.0, "ch_4": 61.0, "ch_5": 3.0, "k_1": 10.0, "k_2": 4.0, "k_3": 6.0, "k_4": 3.0, "k_5": 7.0, "learning_rate": 0.03873591527965186, "num_layers": 2.0, "padding": 2.0, "stride": 2.0}, "datetime": {"datetime": "2019-02-01 14:21:54", "elapsed": 4788.20975, "delta": 109.101484}}
{"target": 0.9850145320062249, "params": {"batch_size": 60.0, "ch_1": 62.0, "ch_2": 13.0, "ch_3": 38.0, "ch_4": 7.0, "ch_5": 7.0, "k_1": 9.0, "k_2": 8.0, "k_3": 9.0, "k_4": 2.0, "k_5": 8.0, "learning_rate": 0.039513248724790624, "num_layers": 3.0, "padding": 3.0, "stride": 1.0}, "datetime": {"datetime": "2019-02-01 14:26:05", "elapsed": 5039.261056, "delta": 251.051306}}
{"target": 0.9811857012747445, "params": {"batch_size": 492.0, "ch_1": 5.0, "ch_2": 64.0, "ch_3": 11.0, "ch_4": 34.0, "ch_5": 7.0, "k_1": 8.0, "k_2": 6.0, "k_3": 6.0, "k_4": 4.0, "k_5": 2.0, "learning_rate": 0.007447544591310703, "num_layers": 2.0, "padding": 1.0, "stride": 2.0}, "datetime": {"datetime": "2019-02-01 14:36:31", "elapsed": 5665.363596, "delta": 626.10254}}
{"target": 0.9386710342877972, "params": {"batch_size": 90.0, "ch_1": 59.0, "ch_2": 61.0, "ch_3": 6.0, "ch_4": 5.0, "ch_5": 63.0, "k_1": 2.0, "k_2": 3.0, "k_3": 8.0, "k_4": 8.0, "k_5": 8.0, "learning_rate": 0.027581379208337108, "num_layers": 1.0, "padding": 2.0, "stride": 2.0}, "datetime": {"datetime": "2019-02-01 15:12:17", "elapsed": 7811.4284, "delta": 2146.064804}}
{"target": 0.9836286380977671, "params": {"batch_size": 427.0, "ch_1": 50.0, "ch_2": 56.0, "ch_3": 57.0, "ch_4": 53.0, "ch_5": 6.0, "k_1": 9.0, "k_2": 10.0, "k_3": 2.0, "k_4": 3.0, "k_5": 4.0, "learning_rate": 0.015489564273102562, "num_layers": 1.0, "padding": 3.0, "stride": 1.0}, "datetime": {"datetime": "2019-02-01 15:16:42", "elapsed": 8076.16587, "delta": 264.73747}}
{"target": 0.977585823559321, "params": {"batch_size": 494.0, "ch_1": 4.0, "ch_2": 4.0, "ch_3": 4.0, "ch_4": 5.0, "ch_5": 64.0, "k_1": 7.0, "k_2": 9.0, "k_3": 5.0, "k_4": 7.0, "k_5": 3.0, "learning_rate": 0.02481329804467707, "num_layers": 2.0, "padding": 1.0, "stride": 1.0}, "datetime": {"datetime": "2019-02-01 15:19:46", "elapsed": 8260.014589, "delta": 183.848719}}
{"target": 0.9810140645627795, "params": {"batch_size": 105.0, "ch_1": 9.0, "ch_2": 10.0, "ch_3": 57.0, "ch_4": 50.0, "ch_5": 9.0, "k_1": 9.0, "k_2": 3.0, "k_3": 4.0, "k_4": 3.0, "k_5": 3.0, "learning_rate": 0.03641084897352138, "num_layers": 4.0, "padding": 2.0, "stride": 1.0}, "datetime": {"datetime": "2019-02-01 15:24:10", "elapsed": 8524.13318, "delta": 264.118591}}
{"target": 0.9788713236423909, "params": {"batch_size": 302.0, "ch_1": 57.0, "ch_2": 5.0, "ch_3": 8.0, "ch_4": 63.0, "ch_5": 14.0, "k_1": 9.0, "k_2": 6.0, "k_3": 10.0, "k_4": 10.0, "k_5": 4.0, "learning_rate": 0.04642377944160039, "num_layers": 1.0, "padding": 1.0, "stride": 1.0}, "datetime": {"datetime": "2019-02-01 15:32:32", "elapsed": 9026.635571, "delta": 502.502391}}
{"target": 0.9867857912863792, "params": {"batch_size": 65.0, "ch_1": 63.0, "ch_2": 15.0, "ch_3": 12.0, "ch_4": 63.0, "ch_5": 8.0, "k_1": 9.0, "k_2": 6.0, "k_3": 2.0, "k_4": 6.0, "k_5": 3.0, "learning_rate": 0.006860631194747847, "num_layers": 3.0, "padding": 3.0, "stride": 1.0}, "datetime": {"datetime": "2019-02-01 15:35:30", "elapsed": 9204.702444, "delta": 178.066873}}
{"target": 0.9715001335115446, "params": {"batch_size": 272.0, "ch_1": 13.0, "ch_2": 57.0, "ch_3": 62.0, "ch_4": 4.0, "ch_5": 12.0, "k_1": 10.0, "k_2": 10.0, "k_3": 9.0, "k_4": 4.0, "k_5": 9.0, "learning_rate": 0.04064399986169569, "num_layers": 1.0, "padding": 2.0, "stride": 2.0}, "datetime": {"datetime": "2019-02-01 15:56:21", "elapsed": 10455.201314, "delta": 1250.49887}}
{"target": 0.6332456172891879, "params": {"batch_size": 66.0, "ch_1": 4.0, "ch_2": 58.0, "ch_3": 63.0, "ch_4": 64.0, "ch_5": 61.0, "k_1": 3.0, "k_2": 10.0, "k_3": 8.0, "k_4": 4.0, "k_5": 3.0, "learning_rate": 0.049465416996606205, "num_layers": 1.0, "padding": 3.0, "stride": 1.0}, "datetime": {"datetime": "2019-02-01 16:08:41", "elapsed": 11195.619649, "delta": 740.418335}}
{"target": 0.9842997585773362, "params": {"batch_size": 63.0, "ch_1": 61.0, "ch_2": 24.0, "ch_3": 10.0, "ch_4": 58.0, "ch_5": 6.0, "k_1": 5.0, "k_2": 6.0, "k_3": 5.0, "k_4": 10.0, "k_5": 9.0, "learning_rate": 0.028454162716996655, "num_layers": 4.0, "padding": 3.0, "stride": 1.0}, "datetime": {"datetime": "2019-02-01 16:24:58", "elapsed": 12172.408402, "delta": 976.788753}}
{"target": 0.96927110287392, "params": {"batch_size": 479.0, "ch_1": 20.0, "ch_2": 17.0, "ch_3": 53.0, "ch_4": 52.0, "ch_5": 9.0, "k_1": 5.0, "k_2": 9.0, "k_3": 4.0, "k_4": 3.0, "k_5": 4.0, "learning_rate": 0.032642347805667805, "num_layers": 1.0, "padding": 2.0, "stride": 3.0}, "datetime": {"datetime": "2019-02-02 11:36:15", "elapsed": 0.0, "delta": 0.0}}
