{"target": 0.9600720778693689, "params": {"batch_size": 238.0, "h_l_1": 369.0, "h_l_2": 30.0, "h_l_3": 172.0, "h_l_4": 99.0, "h_l_5": 73.0, "h_l_6": 118.0, "learning_rate": 0.01734348027944808, "num_layers": 3.0}, "datetime": {"datetime": "2019-02-01 10:18:41", "elapsed": 0.0, "delta": 0.0}}
{"target": 0.9682141701477001, "params": {"batch_size": 190.0, "h_l_1": 191.0, "h_l_2": 58.0, "h_l_3": 179.0, "h_l_4": 150.0, "h_l_5": 156.0, "h_l_6": 380.0, "learning_rate": 0.010203485503870131, "num_layers": 4.0}, "datetime": {"datetime": "2019-02-01 10:19:20", "elapsed": 39.048543, "delta": 39.048543}}
{"target": 0.9280148602450614, "params": {"batch_size": 489.0, "h_l_1": 475.0, "h_l_2": 368.0, "h_l_3": 497.0, "h_l_4": 497.0, "h_l_5": 496.0, "h_l_6": 486.0, "learning_rate": 0.04782025888977568, "num_layers": 2.0}, "datetime": {"datetime": "2019-02-01 10:19:49", "elapsed": 68.359275, "delta": 29.310732}}
{"target": 0.5532750914471439, "params": {"batch_size": 82.0, "h_l_1": 61.0, "h_l_2": 482.0, "h_l_3": 133.0, "h_l_4": 60.0, "h_l_5": 492.0, "h_l_6": 35.0, "learning_rate": 0.03648541378905058, "num_layers": 5.0}, "datetime": {"datetime": "2019-02-01 10:21:15", "elapsed": 153.812602, "delta": 85.453327}}
{"target": 0.9651004985043157, "params": {"batch_size": 50.0, "h_l_1": 500.0, "h_l_2": 30.0, "h_l_3": 500.0, "h_l_4": 500.0, "h_l_5": 30.0, "h_l_6": 500.0, "learning_rate": 0.0001, "num_layers": 6.0}, "datetime": {"datetime": "2019-02-01 10:23:35", "elapsed": 294.568267, "delta": 140.755665}}
{"target": 0.9226300843810104, "params": {"batch_size": 500.0, "h_l_1": 30.0, "h_l_2": 30.0, "h_l_3": 30.0, "h_l_4": 500.0, "h_l_5": 30.0, "h_l_6": 500.0, "learning_rate": 0.05, "num_layers": 1.0}, "datetime": {"datetime": "2019-02-01 10:24:03", "elapsed": 322.086093, "delta": 27.517826}}
{"target": 0.2709157435025911, "params": {"batch_size": 500.0, "h_l_1": 500.0, "h_l_2": 30.0, "h_l_3": 500.0, "h_l_4": 30.0, "h_l_5": 30.0, "h_l_6": 500.0, "learning_rate": 0.05, "num_layers": 6.0}, "datetime": {"datetime": "2019-02-01 10:24:40", "elapsed": 358.958488, "delta": 36.872395}}
{"target": 0.9618430984081089, "params": {"batch_size": 50.0, "h_l_1": 500.0, "h_l_2": 30.0, "h_l_3": 30.0, "h_l_4": 500.0, "h_l_5": 500.0, "h_l_6": 30.0, "learning_rate": 0.0001, "num_layers": 1.0}, "datetime": {"datetime": "2019-02-01 10:25:54", "elapsed": 432.876151, "delta": 73.917663}}
{"target": 0.9624572392701957, "params": {"batch_size": 50.0, "h_l_1": 500.0, "h_l_2": 500.0, "h_l_3": 30.0, "h_l_4": 500.0, "h_l_5": 30.0, "h_l_6": 500.0, "learning_rate": 0.0001, "num_layers": 1.0}, "datetime": {"datetime": "2019-02-01 10:27:07", "elapsed": 506.413543, "delta": 73.537392}}
{"target": 0.9210289803917391, "params": {"batch_size": 50.0, "h_l_1": 30.0, "h_l_2": 30.0, "h_l_3": 500.0, "h_l_4": 500.0, "h_l_5": 30.0, "h_l_6": 30.0, "learning_rate": 0.0001, "num_layers": 1.0}, "datetime": {"datetime": "2019-02-01 10:28:33", "elapsed": 592.649609, "delta": 86.236066}}
{"target": 0.8197596535090762, "params": {"batch_size": 50.0, "h_l_1": 30.0, "h_l_2": 30.0, "h_l_3": 30.0, "h_l_4": 500.0, "h_l_5": 500.0, "h_l_6": 500.0, "learning_rate": 0.05, "num_layers": 1.0}, "datetime": {"datetime": "2019-02-01 10:29:49", "elapsed": 668.527518, "delta": 75.877909}}
{"target": 0.9254283541301591, "params": {"batch_size": 500.0, "h_l_1": 500.0, "h_l_2": 500.0, "h_l_3": 30.0, "h_l_4": 500.0, "h_l_5": 30.0, "h_l_6": 30.0, "learning_rate": 0.0001, "num_layers": 6.0}, "datetime": {"datetime": "2019-02-01 10:30:26", "elapsed": 704.978825, "delta": 36.451307}}
{"target": 0.271939007567858, "params": {"batch_size": 50.0, "h_l_1": 500.0, "h_l_2": 30.0, "h_l_3": 30.0, "h_l_4": 500.0, "h_l_5": 30.0, "h_l_6": 30.0, "learning_rate": 0.05, "num_layers": 6.0}, "datetime": {"datetime": "2019-02-01 10:32:49", "elapsed": 848.488545, "delta": 143.50972}}
{"target": 0.8761279889047682, "params": {"batch_size": 500.0, "h_l_1": 30.0, "h_l_2": 30.0, "h_l_3": 500.0, "h_l_4": 500.0, "h_l_5": 500.0, "h_l_6": 30.0, "learning_rate": 0.0001, "num_layers": 1.0}, "datetime": {"datetime": "2019-02-01 10:33:19", "elapsed": 878.477605, "delta": 29.98906}}
{"target": 0.9215994927908051, "params": {"batch_size": 50.0, "h_l_1": 30.0, "h_l_2": 500.0, "h_l_3": 500.0, "h_l_4": 500.0, "h_l_5": 30.0, "h_l_6": 500.0, "learning_rate": 0.0001, "num_layers": 1.0}, "datetime": {"datetime": "2019-02-01 10:34:34", "elapsed": 953.554533, "delta": 75.076928}}
{"target": 0.9630429637824379, "params": {"batch_size": 50.0, "h_l_1": 500.0, "h_l_2": 30.0, "h_l_3": 500.0, "h_l_4": 30.0, "h_l_5": 500.0, "h_l_6": 30.0, "learning_rate": 0.0001, "num_layers": 1.0}, "datetime": {"datetime": "2019-02-01 10:35:52", "elapsed": 1031.568054, "delta": 78.013521}}
{"target": 0.9256000153284232, "params": {"batch_size": 500.0, "h_l_1": 500.0, "h_l_2": 30.0, "h_l_3": 30.0, "h_l_4": 30.0, "h_l_5": 500.0, "h_l_6": 30.0, "learning_rate": 0.0001, "num_layers": 1.0}, "datetime": {"datetime": "2019-02-01 10:36:25", "elapsed": 1063.910345, "delta": 32.342291}}
{"target": 0.9627997781051597, "params": {"batch_size": 50.0, "h_l_1": 500.0, "h_l_2": 500.0, "h_l_3": 500.0, "h_l_4": 500.0, "h_l_5": 500.0, "h_l_6": 30.0, "learning_rate": 0.0001, "num_layers": 1.0}, "datetime": {"datetime": "2019-02-01 10:37:44", "elapsed": 1143.017733, "delta": 79.107388}}
{"target": 0.9254282439418143, "params": {"batch_size": 500.0, "h_l_1": 500.0, "h_l_2": 500.0, "h_l_3": 30.0, "h_l_4": 500.0, "h_l_5": 500.0, "h_l_6": 500.0, "learning_rate": 0.0001, "num_layers": 1.0}, "datetime": {"datetime": "2019-02-01 10:38:15", "elapsed": 1174.039546, "delta": 31.021813}}
{"target": 0.8750420031849329, "params": {"batch_size": 500.0, "h_l_1": 30.0, "h_l_2": 500.0, "h_l_3": 30.0, "h_l_4": 30.0, "h_l_5": 30.0, "h_l_6": 30.0, "learning_rate": 0.0001, "num_layers": 1.0}, "datetime": {"datetime": "2019-02-01 10:38:45", "elapsed": 1204.246892, "delta": 30.207346}}
{"target": 0.9623430719016905, "params": {"batch_size": 50.0, "h_l_1": 500.0, "h_l_2": 30.0, "h_l_3": 500.0, "h_l_4": 500.0, "h_l_5": 500.0, "h_l_6": 500.0, "learning_rate": 0.0001, "num_layers": 1.0}, "datetime": {"datetime": "2019-02-01 10:39:57", "elapsed": 1275.819661, "delta": 71.572769}}
{"target": 0.875742378670083, "params": {"batch_size": 500.0, "h_l_1": 30.0, "h_l_2": 500.0, "h_l_3": 500.0, "h_l_4": 500.0, "h_l_5": 30.0, "h_l_6": 30.0, "learning_rate": 0.0001, "num_layers": 1.0}, "datetime": {"datetime": "2019-02-01 10:40:25", "elapsed": 1304.216594, "delta": 28.396933}}
{"target": 0.9624715943629113, "params": {"batch_size": 50.0, "h_l_1": 500.0, "h_l_2": 500.0, "h_l_3": 500.0, "h_l_4": 30.0, "h_l_5": 30.0, "h_l_6": 30.0, "learning_rate": 0.0001, "num_layers": 1.0}, "datetime": {"datetime": "2019-02-01 10:41:42", "elapsed": 1380.937469, "delta": 76.720875}}
{"target": 0.9210713355672184, "params": {"batch_size": 50.0, "h_l_1": 30.0, "h_l_2": 30.0, "h_l_3": 500.0, "h_l_4": 30.0, "h_l_5": 30.0, "h_l_6": 30.0, "learning_rate": 0.0001, "num_layers": 1.0}, "datetime": {"datetime": "2019-02-01 10:42:58", "elapsed": 1457.466627, "delta": 76.529158}}
{"target": 0.9630859739664119, "params": {"batch_size": 50.0, "h_l_1": 500.0, "h_l_2": 500.0, "h_l_3": 30.0, "h_l_4": 30.0, "h_l_5": 30.0, "h_l_6": 500.0, "learning_rate": 0.0001, "num_layers": 1.0}, "datetime": {"datetime": "2019-02-01 10:44:13", "elapsed": 1532.554378, "delta": 75.087751}}
{"target": 0.9253715030657458, "params": {"batch_size": 500.0, "h_l_1": 500.0, "h_l_2": 30.0, "h_l_3": 500.0, "h_l_4": 500.0, "h_l_5": 500.0, "h_l_6": 30.0, "learning_rate": 0.0001, "num_layers": 1.0}, "datetime": {"datetime": "2019-02-01 10:44:40", "elapsed": 1558.931492, "delta": 26.377114}}
{"target": 0.9413576648787995, "params": {"batch_size": 331.0, "h_l_1": 500.0, "h_l_2": 500.0, "h_l_3": 500.0, "h_l_4": 500.0, "h_l_5": 30.0, "h_l_6": 500.0, "learning_rate": 0.05, "num_layers": 1.0}, "datetime": {"datetime": "2019-02-01 10:45:09", "elapsed": 1588.037273, "delta": 29.105781}}
{"target": 0.9629002086599959, "params": {"batch_size": 50.0, "h_l_1": 500.0, "h_l_2": 30.0, "h_l_3": 30.0, "h_l_4": 30.0, "h_l_5": 500.0, "h_l_6": 500.0, "learning_rate": 0.0001, "num_layers": 1.0}, "datetime": {"datetime": "2019-02-01 10:46:24", "elapsed": 1663.421019, "delta": 75.383746}}
{"target": 0.8762141806768087, "params": {"batch_size": 500.0, "h_l_1": 30.0, "h_l_2": 30.0, "h_l_3": 30.0, "h_l_4": 500.0, "h_l_5": 500.0, "h_l_6": 30.0, "learning_rate": 0.0001, "num_layers": 1.0}, "datetime": {"datetime": "2019-02-01 10:46:51", "elapsed": 1690.148599, "delta": 26.72758}}
{"target": 0.8754426847365758, "params": {"batch_size": 500.0, "h_l_1": 30.0, "h_l_2": 500.0, "h_l_3": 30.0, "h_l_4": 500.0, "h_l_5": 30.0, "h_l_6": 500.0, "learning_rate": 0.0001, "num_layers": 1.0}, "datetime": {"datetime": "2019-02-01 10:47:20", "elapsed": 1718.889121, "delta": 28.740522}}
{"target": 0.9245569418473663, "params": {"batch_size": 500.0, "h_l_1": 500.0, "h_l_2": 500.0, "h_l_3": 30.0, "h_l_4": 500.0, "h_l_5": 500.0, "h_l_6": 30.0, "learning_rate": 0.0001, "num_layers": 1.0}, "datetime": {"datetime": "2019-02-01 10:47:48", "elapsed": 1746.885675, "delta": 27.996554}}
{"target": 0.8857975854795269, "params": {"batch_size": 50.0, "h_l_1": 500.0, "h_l_2": 500.0, "h_l_3": 246.0, "h_l_4": 500.0, "h_l_5": 500.0, "h_l_6": 500.0, "learning_rate": 0.010504045189419626, "num_layers": 6.0}, "datetime": {"datetime": "2019-02-01 10:50:12", "elapsed": 1890.917685, "delta": 144.03201}}
{"target": 0.21402579484668702, "params": {"batch_size": 170.0, "h_l_1": 248.0, "h_l_2": 55.0, "h_l_3": 140.0, "h_l_4": 114.0, "h_l_5": 125.0, "h_l_6": 223.0, "learning_rate": 0.046194541315981545, "num_layers": 6.0}, "datetime": {"datetime": "2019-02-01 10:50:54", "elapsed": 1933.632446, "delta": 42.714761}}
{"target": 0.8931143119600998, "params": {"batch_size": 306.0, "h_l_1": 30.0, "h_l_2": 30.0, "h_l_3": 500.0, "h_l_4": 30.0, "h_l_5": 500.0, "h_l_6": 500.0, "learning_rate": 0.0001, "num_layers": 1.0}, "datetime": {"datetime": "2019-02-01 10:51:22", "elapsed": 1961.268253, "delta": 27.635807}}
{"target": 0.8741860968509028, "params": {"batch_size": 500.0, "h_l_1": 30.0, "h_l_2": 500.0, "h_l_3": 30.0, "h_l_4": 30.0, "h_l_5": 500.0, "h_l_6": 500.0, "learning_rate": 0.0001, "num_layers": 1.0}, "datetime": {"datetime": "2019-02-01 10:51:47", "elapsed": 1985.954251, "delta": 24.685998}}
{"target": 0.9582434655556743, "params": {"batch_size": 448.0, "h_l_1": 377.0, "h_l_2": 48.0, "h_l_3": 387.0, "h_l_4": 352.0, "h_l_5": 50.0, "h_l_6": 396.0, "learning_rate": 0.030176848699862435, "num_layers": 2.0}, "datetime": {"datetime": "2019-02-01 10:52:06", "elapsed": 2005.143681, "delta": 19.18943}}
{"target": 0.9256713010660232, "params": {"batch_size": 500.0, "h_l_1": 500.0, "h_l_2": 30.0, "h_l_3": 375.0, "h_l_4": 30.0, "h_l_5": 30.0, "h_l_6": 30.0, "learning_rate": 0.0001, "num_layers": 1.0}, "datetime": {"datetime": "2019-02-01 10:52:32", "elapsed": 2030.98241, "delta": 25.838729}}
{"target": 0.9205856253427317, "params": {"batch_size": 50.0, "h_l_1": 30.0, "h_l_2": 30.0, "h_l_3": 500.0, "h_l_4": 150.0, "h_l_5": 30.0, "h_l_6": 500.0, "learning_rate": 0.0001, "num_layers": 1.0}, "datetime": {"datetime": "2019-02-01 10:53:46", "elapsed": 2105.013514, "delta": 74.031104}}
{"target": 0.8875896275058511, "params": {"batch_size": 447.0, "h_l_1": 358.0, "h_l_2": 139.0, "h_l_3": 390.0, "h_l_4": 386.0, "h_l_5": 92.0, "h_l_6": 408.0, "learning_rate": 0.045150790988116855, "num_layers": 3.0}, "datetime": {"datetime": "2019-02-01 10:54:07", "elapsed": 2125.797859, "delta": 20.784345}}
{"target": 0.9257293152296331, "params": {"batch_size": 500.0, "h_l_1": 500.0, "h_l_2": 30.0, "h_l_3": 30.0, "h_l_4": 500.0, "h_l_5": 500.0, "h_l_6": 500.0, "learning_rate": 0.0001, "num_layers": 1.0}, "datetime": {"datetime": "2019-02-01 10:54:32", "elapsed": 2151.667621, "delta": 25.869762}}
{"target": 0.8760140663992518, "params": {"batch_size": 500.0, "h_l_1": 30.0, "h_l_2": 30.0, "h_l_3": 30.0, "h_l_4": 30.0, "h_l_5": 30.0, "h_l_6": 500.0, "learning_rate": 0.0001, "num_layers": 1.0}, "datetime": {"datetime": "2019-02-01 10:54:58", "elapsed": 2177.315185, "delta": 25.647564}}
{"target": 0.9630714658343283, "params": {"batch_size": 50.0, "h_l_1": 500.0, "h_l_2": 500.0, "h_l_3": 500.0, "h_l_4": 30.0, "h_l_5": 500.0, "h_l_6": 500.0, "learning_rate": 0.0001, "num_layers": 1.0}, "datetime": {"datetime": "2019-02-01 10:56:11", "elapsed": 2250.059126, "delta": 72.743941}}
{"target": 0.8741710683849684, "params": {"batch_size": 500.0, "h_l_1": 30.0, "h_l_2": 500.0, "h_l_3": 500.0, "h_l_4": 30.0, "h_l_5": 500.0, "h_l_6": 30.0, "learning_rate": 0.0001, "num_layers": 1.0}, "datetime": {"datetime": "2019-02-01 10:56:36", "elapsed": 2275.781344, "delta": 25.722218}}
{"target": 0.8755425888359863, "params": {"batch_size": 500.0, "h_l_1": 30.0, "h_l_2": 500.0, "h_l_3": 500.0, "h_l_4": 500.0, "h_l_5": 500.0, "h_l_6": 500.0, "learning_rate": 0.0001, "num_layers": 1.0}, "datetime": {"datetime": "2019-02-01 10:57:02", "elapsed": 2301.364891, "delta": 25.583547}}
{"target": 0.9245998173566967, "params": {"batch_size": 500.0, "h_l_1": 500.0, "h_l_2": 500.0, "h_l_3": 30.0, "h_l_4": 30.0, "h_l_5": 30.0, "h_l_6": 500.0, "learning_rate": 0.0001, "num_layers": 1.0}, "datetime": {"datetime": "2019-02-01 10:57:28", "elapsed": 2327.448931, "delta": 26.08404}}
{"target": 0.8871570525499234, "params": {"batch_size": 358.0, "h_l_1": 30.0, "h_l_2": 500.0, "h_l_3": 500.0, "h_l_4": 30.0, "h_l_5": 30.0, "h_l_6": 500.0, "learning_rate": 0.0001, "num_layers": 1.0}, "datetime": {"datetime": "2019-02-01 10:57:58", "elapsed": 2357.12025, "delta": 29.671319}}
{"target": 0.9210142212750921, "params": {"batch_size": 50.0, "h_l_1": 30.0, "h_l_2": 500.0, "h_l_3": 500.0, "h_l_4": 500.0, "h_l_5": 500.0, "h_l_6": 30.0, "learning_rate": 0.0001, "num_layers": 1.0}, "datetime": {"datetime": "2019-02-01 10:59:13", "elapsed": 2432.576514, "delta": 75.456264}}
{"target": 0.9342714462942618, "params": {"batch_size": 327.0, "h_l_1": 500.0, "h_l_2": 30.0, "h_l_3": 30.0, "h_l_4": 226.0, "h_l_5": 30.0, "h_l_6": 500.0, "learning_rate": 0.0001, "num_layers": 1.0}, "datetime": {"datetime": "2019-02-01 10:59:43", "elapsed": 2462.035695, "delta": 29.459181}}
{"target": 0.9627428413387001, "params": {"batch_size": 50.0, "h_l_1": 500.0, "h_l_2": 30.0, "h_l_3": 500.0, "h_l_4": 202.0, "h_l_5": 30.0, "h_l_6": 30.0, "learning_rate": 0.0001, "num_layers": 1.0}, "datetime": {"datetime": "2019-02-01 11:00:59", "elapsed": 2538.048784, "delta": 76.013089}}
{"target": 0.921400253898433, "params": {"batch_size": 50.0, "h_l_1": 30.0, "h_l_2": 500.0, "h_l_3": 500.0, "h_l_4": 30.0, "h_l_5": 500.0, "h_l_6": 500.0, "learning_rate": 0.0001, "num_layers": 1.0}, "datetime": {"datetime": "2019-02-01 11:02:07", "elapsed": 2605.98029, "delta": 67.931506}}
